<?xml version="1.0" encoding="UTF-8"?>
<testsuite xmlns:xsi="http://www.w3.org/2001/XMLSchema-instance" xsi:noNamespaceSchemaLocation="https://maven.apache.org/surefire/maven-surefire-plugin/xsd/surefire-test-report-3.0.xsd" version="3.0" name="com.example.bytebuf.tracker.test.ByteBufFlowTrackerTest" time="0.238" tests="10" errors="0" skipped="0" failures="2">
  <properties>
    <property name="java.specification.version" value="21"/>
    <property name="sun.jnu.encoding" value="ANSI_X3.4-1968"/>
    <property name="java.class.path" value="/home/user/bytebuddy-bytebuf-tracer/bytebuf-flow-tracker/target/test-classes:/home/user/bytebuddy-bytebuf-tracer/bytebuf-flow-tracker/target/classes:/root/.m2/repository/net/bytebuddy/byte-buddy/1.14.9/byte-buddy-1.14.9.jar:/root/.m2/repository/net/bytebuddy/byte-buddy-agent/1.14.9/byte-buddy-agent-1.14.9.jar:/root/.m2/repository/io/netty/netty-buffer/4.1.100.Final/netty-buffer-4.1.100.Final.jar:/root/.m2/repository/io/netty/netty-common/4.1.100.Final/netty-common-4.1.100.Final.jar:/root/.m2/repository/junit/junit/4.13.2/junit-4.13.2.jar:/root/.m2/repository/org/hamcrest/hamcrest-core/1.3/hamcrest-core-1.3.jar:"/>
    <property name="java.vm.vendor" value="Ubuntu"/>
    <property name="sun.arch.data.model" value="64"/>
    <property name="java.vendor.url" value="https://ubuntu.com/"/>
    <property name="os.name" value="Linux"/>
    <property name="java.vm.specification.version" value="21"/>
    <property name="sun.java.launcher" value="SUN_STANDARD"/>
    <property name="user.country" value="US"/>
    <property name="sun.boot.library.path" value="/usr/lib/jvm/java-21-openjdk-amd64/lib"/>
    <property name="sun.java.command" value="/home/user/bytebuddy-bytebuf-tracer/bytebuf-flow-tracker/target/surefire/surefirebooter-20251108011829788_3.jar /home/user/bytebuddy-bytebuf-tracer/bytebuf-flow-tracker/target/surefire 2025-11-08T01-18-29_669-jvmRun1 surefire-20251108011829788_1tmp surefire_0-20251108011829788_2tmp"/>
    <property name="jdk.debug" value="release"/>
    <property name="surefire.test.class.path" value="/home/user/bytebuddy-bytebuf-tracer/bytebuf-flow-tracker/target/test-classes:/home/user/bytebuddy-bytebuf-tracer/bytebuf-flow-tracker/target/classes:/root/.m2/repository/net/bytebuddy/byte-buddy/1.14.9/byte-buddy-1.14.9.jar:/root/.m2/repository/net/bytebuddy/byte-buddy-agent/1.14.9/byte-buddy-agent-1.14.9.jar:/root/.m2/repository/io/netty/netty-buffer/4.1.100.Final/netty-buffer-4.1.100.Final.jar:/root/.m2/repository/io/netty/netty-common/4.1.100.Final/netty-common-4.1.100.Final.jar:/root/.m2/repository/junit/junit/4.13.2/junit-4.13.2.jar:/root/.m2/repository/org/hamcrest/hamcrest-core/1.3/hamcrest-core-1.3.jar:"/>
    <property name="sun.cpu.endian" value="little"/>
    <property name="user.home" value="/root"/>
    <property name="user.language" value="en"/>
    <property name="java.specification.vendor" value="Oracle Corporation"/>
    <property name="java.version.date" value="2025-07-15"/>
    <property name="java.home" value="/usr/lib/jvm/java-21-openjdk-amd64"/>
    <property name="file.separator" value="/"/>
    <property name="basedir" value="/home/user/bytebuddy-bytebuf-tracer/bytebuf-flow-tracker"/>
    <property name="java.vm.compressedOopsMode" value="Zero based"/>
    <property name="line.separator" value="&#10;"/>
    <property name="java.specification.name" value="Java Platform API Specification"/>
    <property name="java.vm.specification.vendor" value="Oracle Corporation"/>
    <property name="surefire.real.class.path" value="/home/user/bytebuddy-bytebuf-tracer/bytebuf-flow-tracker/target/surefire/surefirebooter-20251108011829788_3.jar"/>
    <property name="sun.management.compiler" value="HotSpot 64-Bit Tiered Compilers"/>
    <property name="java.runtime.version" value="21.0.8+9-Ubuntu-0ubuntu124.04.1"/>
    <property name="user.name" value="root"/>
    <property name="stdout.encoding" value="ANSI_X3.4-1968"/>
    <property name="path.separator" value=":"/>
    <property name="os.version" value="4.4.0"/>
    <property name="java.runtime.name" value="OpenJDK Runtime Environment"/>
    <property name="file.encoding" value="UTF-8"/>
    <property name="java.vm.name" value="OpenJDK 64-Bit Server VM"/>
    <property name="localRepository" value="/root/.m2/repository"/>
    <property name="java.vendor.url.bug" value="https://bugs.launchpad.net/ubuntu/+source/openjdk-21"/>
    <property name="java.io.tmpdir" value="/tmp"/>
    <property name="java.version" value="21.0.8"/>
    <property name="user.dir" value="/home/user/bytebuddy-bytebuf-tracer/bytebuf-flow-tracker"/>
    <property name="os.arch" value="amd64"/>
    <property name="java.vm.specification.name" value="Java Virtual Machine Specification"/>
    <property name="native.encoding" value="ANSI_X3.4-1968"/>
    <property name="java.library.path" value="/usr/java/packages/lib:/usr/lib/x86_64-linux-gnu/jni:/lib/x86_64-linux-gnu:/usr/lib/x86_64-linux-gnu:/usr/lib/jni:/lib:/usr/lib"/>
    <property name="java.vm.info" value="mixed mode, sharing"/>
    <property name="stderr.encoding" value="ANSI_X3.4-1968"/>
    <property name="java.vendor" value="Ubuntu"/>
    <property name="java.vm.version" value="21.0.8+9-Ubuntu-0ubuntu124.04.1"/>
    <property name="sun.io.unicode.encoding" value="UnicodeLittle"/>
    <property name="java.class.version" value="65.0"/>
    <property name="maven.test.failure.ignore" value="true"/>
  </properties>
  <testcase name="testWrappedObjectFlowTracking" classname="com.example.bytebuf.tracker.test.ByteBufFlowTrackerTest" time="0.13">
    <system-out><![CDATA[
=== Wrapped Object Flow Tracking Test ===

=== Flow Tree ===
ROOT: Client.allocate [count=2]
└── TestHelper.wrapInMessage [ref=1, count=1]
    └── TestHelper.processWrappedMessage [ref=1, count=1]
        └── TestHelper.validateWrappedMessage [ref=1, count=1]
            └── TestHelper.extractFromMessage [ref=1, count=1]
                └── Client.release [ref=0, count=0]


=== Flat Paths ===
[count=0] Client.allocate -> TestHelper.wrapInMessage[1] -> TestHelper.processWrappedMessage[1] -> TestHelper.validateWrappedMessage[1] -> TestHelper.extractFromMessage[1] -> Client.release[0]


Tracking Results:
  wrapInMessage tracked: true
  processWrappedMessage tracked: true
  validateWrappedMessage tracked: true
  extractFromMessage tracked: true

Expected behavior: We should see CONTINUOUS flow from allocate -> release
Actual behavior: Flow likely BREAKS when ByteBuf is wrapped in WrappedMessage
]]></system-out>
  </testcase>
  <testcase name="testLeakDetection" classname="com.example.bytebuf.tracker.test.ByteBufFlowTrackerTest" time="0">
    <system-out><![CDATA[
Leak Detection - Flat Paths:
[count=0] [LEAK:ref=1] HttpHandler.handleRequest -> RequestProcessor.process[1] -> ErrorLogger.log[1]
[count=0] HttpHandler.handleRequest -> RequestProcessor.process[1] -> ResponseWriter.write[1] -> ResponseWriter.write[0]

]]></system-out>
  </testcase>
  <testcase name="testSimpleFlowTracking" classname="com.example.bytebuf.tracker.test.ByteBufFlowTrackerTest" time="0.001">
    <system-out><![CDATA[Simple Flow Tree:
ROOT: FrameDecoder.decode [count=2]
└── MessageHandler.handle [ref=1, count=1]
    └── BusinessService.process [ref=1, count=1]
        └── BusinessService.process [ref=0, count=0]

]]></system-out>
  </testcase>
  <testcase name="testRefCountAnomalies" classname="com.example.bytebuf.tracker.test.ByteBufFlowTrackerTest" time="0.001">
    <system-out><![CDATA[
RefCount Anomaly Detection:
ROOT: MessageDecoder.decode [count=4]
├── MessageValidator.validate [ref=1, count=1]
│   └── MessageProcessor.process [ref=1, count=1]
│       └── MessageProcessor.process [ref=0, count=0]
└── MessageValidator.validate [ref=2, count=1]
    └── MessageProcessor.process [ref=1, count=1]
        └── MessageProcessor.process [ref=0, count=0]

]]></system-out>
  </testcase>
  <testcase name="testCsvExport" classname="com.example.bytebuf.tracker.test.ByteBufFlowTrackerTest" time="0">
    <system-out><![CDATA[
CSV Export:
root,path,final_ref_count,traversal_count,is_leak
"CsvTest.method1","CsvTest.method1[1] -> CsvTest.method2[1] -> CsvTest.method3[0]",0,0,false

]]></system-out>
  </testcase>
  <testcase name="testContinuousFlowWithConstructorTracking" classname="com.example.bytebuf.tracker.test.ByteBufFlowTrackerTest" time="0.001">
    <system-out><![CDATA[
=== Continuous Flow with Constructor Tracking Test ===

=== Flow Tree (Continuous) ===
ROOT: TestClient.allocate [count=2]
└── TestHelper.prepareMessage [ref=1, count=1]
    └── TrackedMessage.<init> [ref=1, count=1]
        └── TestHelper.processTrackedMessage [ref=1, count=1]
            └── TestHelper.validateTrackedMessage [ref=1, count=1]
                └── TestClient.cleanup [ref=0, count=0]


=== Flat Paths ===
[count=0] TestClient.allocate -> TestHelper.prepareMessage[1] -> TrackedMessage.<init>[1] -> TestHelper.processTrackedMessage[1] -> TestHelper.validateTrackedMessage[1] -> TestClient.cleanup[0]


=== Summary ===
=== ByteBuf Flow Summary ===
Total Root Methods: 1
Total Traversals: 2
Unique Paths: 1
Leak Paths: 0
Leak Percentage: 0.00%


✓ Continuous flow verified: ByteBuf -> method -> constructor -> method -> cleanup
]]></system-out>
  </testcase>
  <testcase name="testHighVolumeTracking" classname="com.example.bytebuf.tracker.test.ByteBufFlowTrackerTest" time="0.015">
    <failure type="java.lang.AssertionError"><![CDATA[java.lang.AssertionError
	at org.junit.Assert.fail(Assert.java:87)
	at org.junit.Assert.assertTrue(Assert.java:42)
	at org.junit.Assert.assertTrue(Assert.java:53)
	at com.example.bytebuf.tracker.test.ByteBufFlowTrackerTest.testHighVolumeTracking(ByteBufFlowTrackerTest.java:141)
	at java.base/jdk.internal.reflect.DirectMethodHandleAccessor.invoke(DirectMethodHandleAccessor.java:103)
	at java.base/java.lang.reflect.Method.invoke(Method.java:580)
	at org.junit.runners.model.FrameworkMethod$1.runReflectiveCall(FrameworkMethod.java:59)
	at org.junit.internal.runners.model.ReflectiveCallable.run(ReflectiveCallable.java:12)
	at org.junit.runners.model.FrameworkMethod.invokeExplosively(FrameworkMethod.java:56)
	at org.junit.internal.runners.statements.InvokeMethod.evaluate(InvokeMethod.java:17)
	at org.junit.internal.runners.statements.RunBefores.evaluate(RunBefores.java:26)
	at org.junit.runners.ParentRunner$3.evaluate(ParentRunner.java:306)
	at org.junit.runners.BlockJUnit4ClassRunner$1.evaluate(BlockJUnit4ClassRunner.java:100)
	at org.junit.runners.ParentRunner.runLeaf(ParentRunner.java:366)
	at org.junit.runners.BlockJUnit4ClassRunner.runChild(BlockJUnit4ClassRunner.java:103)
	at org.junit.runners.BlockJUnit4ClassRunner.runChild(BlockJUnit4ClassRunner.java:63)
	at org.junit.runners.ParentRunner$4.run(ParentRunner.java:331)
	at org.junit.runners.ParentRunner$1.schedule(ParentRunner.java:79)
	at org.junit.runners.ParentRunner.runChildren(ParentRunner.java:329)
	at org.junit.runners.ParentRunner.access$100(ParentRunner.java:66)
	at org.junit.runners.ParentRunner$2.evaluate(ParentRunner.java:293)
	at org.junit.runners.ParentRunner$3.evaluate(ParentRunner.java:306)
	at org.junit.runners.ParentRunner.run(ParentRunner.java:413)
	at org.apache.maven.surefire.junit4.JUnit4Provider.execute(JUnit4Provider.java:316)
	at org.apache.maven.surefire.junit4.JUnit4Provider.executeWithRerun(JUnit4Provider.java:240)
	at org.apache.maven.surefire.junit4.JUnit4Provider.executeTestSet(JUnit4Provider.java:214)
	at org.apache.maven.surefire.junit4.JUnit4Provider.invoke(JUnit4Provider.java:155)
	at org.apache.maven.surefire.booter.ForkedBooter.runSuitesInProcess(ForkedBooter.java:385)
	at org.apache.maven.surefire.booter.ForkedBooter.execute(ForkedBooter.java:162)
	at org.apache.maven.surefire.booter.ForkedBooter.run(ForkedBooter.java:507)
	at org.apache.maven.surefire.booter.ForkedBooter.main(ForkedBooter.java:495)
]]></failure>
    <system-out><![CDATA[
High Volume Summary:
=== ByteBuf Flow Summary ===
Total Root Methods: 1
Total Traversals: 2000
Unique Paths: 2
Leak Paths: 0
Leak Percentage: 0.00%

]]></system-out>
  </testcase>
  <testcase name="testConstructorWithByteBuffParameter" classname="com.example.bytebuf.tracker.test.ByteBufFlowTrackerTest" time="0.002">
    <system-out><![CDATA[
=== Constructor with ByteBuf Parameter Test ===

=== Flow Tree ===
ROOT: TestClient.create [count=2]
└── MessageWithConstructorTracking.<init> [ref=1, count=1]
    └── MessageWithConstructorTracking.process [ref=1, count=1]
        └── TestClient.cleanup [ref=0, count=0]


Constructor appears in flow: true
Note: Constructors are currently excluded by .and(not(isConstructor()))
process() method tracked: true
]]></system-out>
  </testcase>
  <testcase name="testStaticMethodTracking" classname="com.example.bytebuf.tracker.test.ByteBufFlowTrackerTest" time="0.001">
    <system-out><![CDATA[
Static Method Tracking Test:
ROOT: StaticMethodExample.processWithInstance [count=2]
└── StaticMethodExample.processWithStatic [ref=1, count=1]
    └── StaticMethodExample.cleanup [ref=0, count=0]

]]></system-out>
  </testcase>
  <testcase name="testConstructorTracking" classname="com.example.bytebuf.tracker.test.ByteBufFlowTrackerTest" time="0.001">
    <failure message="Constructors are currently NOT tracked (this is expected to fail)" type="java.lang.AssertionError"><![CDATA[java.lang.AssertionError: Constructors are currently NOT tracked (this is expected to fail)
	at org.junit.Assert.fail(Assert.java:89)
	at org.junit.Assert.assertTrue(Assert.java:42)
	at org.junit.Assert.assertFalse(Assert.java:65)
	at com.example.bytebuf.tracker.test.ByteBufFlowTrackerTest.testConstructorTracking(ByteBufFlowTrackerTest.java:222)
	at java.base/jdk.internal.reflect.DirectMethodHandleAccessor.invoke(DirectMethodHandleAccessor.java:103)
	at java.base/java.lang.reflect.Method.invoke(Method.java:580)
	at org.junit.runners.model.FrameworkMethod$1.runReflectiveCall(FrameworkMethod.java:59)
	at org.junit.internal.runners.model.ReflectiveCallable.run(ReflectiveCallable.java:12)
	at org.junit.runners.model.FrameworkMethod.invokeExplosively(FrameworkMethod.java:56)
	at org.junit.internal.runners.statements.InvokeMethod.evaluate(InvokeMethod.java:17)
	at org.junit.internal.runners.statements.RunBefores.evaluate(RunBefores.java:26)
	at org.junit.runners.ParentRunner$3.evaluate(ParentRunner.java:306)
	at org.junit.runners.BlockJUnit4ClassRunner$1.evaluate(BlockJUnit4ClassRunner.java:100)
	at org.junit.runners.ParentRunner.runLeaf(ParentRunner.java:366)
	at org.junit.runners.BlockJUnit4ClassRunner.runChild(BlockJUnit4ClassRunner.java:103)
	at org.junit.runners.BlockJUnit4ClassRunner.runChild(BlockJUnit4ClassRunner.java:63)
	at org.junit.runners.ParentRunner$4.run(ParentRunner.java:331)
	at org.junit.runners.ParentRunner$1.schedule(ParentRunner.java:79)
	at org.junit.runners.ParentRunner.runChildren(ParentRunner.java:329)
	at org.junit.runners.ParentRunner.access$100(ParentRunner.java:66)
	at org.junit.runners.ParentRunner$2.evaluate(ParentRunner.java:293)
	at org.junit.runners.ParentRunner$3.evaluate(ParentRunner.java:306)
	at org.junit.runners.ParentRunner.run(ParentRunner.java:413)
	at org.apache.maven.surefire.junit4.JUnit4Provider.execute(JUnit4Provider.java:316)
	at org.apache.maven.surefire.junit4.JUnit4Provider.executeWithRerun(JUnit4Provider.java:240)
	at org.apache.maven.surefire.junit4.JUnit4Provider.executeTestSet(JUnit4Provider.java:214)
	at org.apache.maven.surefire.junit4.JUnit4Provider.invoke(JUnit4Provider.java:155)
	at org.apache.maven.surefire.booter.ForkedBooter.runSuitesInProcess(ForkedBooter.java:385)
	at org.apache.maven.surefire.booter.ForkedBooter.execute(ForkedBooter.java:162)
	at org.apache.maven.surefire.booter.ForkedBooter.run(ForkedBooter.java:507)
	at org.apache.maven.surefire.booter.ForkedBooter.main(ForkedBooter.java:495)
]]></failure>
    <system-out><![CDATA[
Constructor Tracking Test:
ROOT: TestClass.allocate [count=2]
└── TestHelper.processWrappedMessage [ref=1, count=1]
    └── TestClass.cleanup [ref=0, count=0]

Constructor tracked: true
]]></system-out>
  </testcase>
</testsuite>