-------------------------------------------------------------------------------
Test set: com.example.bytebuf.tracker.integration.ConstructorTrackingIT
-------------------------------------------------------------------------------
Tests run: 4, Failures: 4, Errors: 0, Skipped: 0, Time elapsed: 5.499 s <<< FAILURE! - in com.example.bytebuf.tracker.integration.ConstructorTrackingIT
com.example.bytebuf.tracker.integration.ConstructorTrackingIT.testWildcardConstructorTracking  Time elapsed: 1.393 s  <<< FAILURE!
org.opentest4j.AssertionFailedError: Constructor should be tracked with wildcard pattern
	at java.base/jdk.internal.reflect.DirectConstructorHandleAccessor.newInstance(DirectConstructorHandleAccessor.java:62)
	at java.base/java.lang.reflect.Constructor.newInstanceWithCaller(Constructor.java:502)
	at com.example.bytebuf.tracker.integration.ConstructorTrackingIT.testWildcardConstructorTracking(ConstructorTrackingIT.java:130)
	at java.base/java.lang.reflect.Method.invoke(Method.java:580)
	at java.base/java.util.ArrayList.forEach(ArrayList.java:1596)
	at java.base/java.util.ArrayList.forEach(ArrayList.java:1596)

com.example.bytebuf.tracker.integration.ConstructorTrackingIT.testConstructorsNotTrackedByDefault  Time elapsed: 1.351 s  <<< FAILURE!
org.opentest4j.AssertionFailedError: allocate method should be tracked
	at java.base/jdk.internal.reflect.DirectConstructorHandleAccessor.newInstance(DirectConstructorHandleAccessor.java:62)
	at java.base/java.lang.reflect.Constructor.newInstanceWithCaller(Constructor.java:502)
	at com.example.bytebuf.tracker.integration.ConstructorTrackingIT.testConstructorsNotTrackedByDefault(ConstructorTrackingIT.java:41)
	at java.base/java.lang.reflect.Method.invoke(Method.java:580)
	at java.base/java.util.ArrayList.forEach(ArrayList.java:1596)
	at java.base/java.util.ArrayList.forEach(ArrayList.java:1596)

com.example.bytebuf.tracker.integration.ConstructorTrackingIT.testContinuousFlowWithConstructorTracking  Time elapsed: 1.374 s  <<< FAILURE!
java.lang.AssertionError: Should have 1 continuous flow with constructor tracking
	at com.example.bytebuf.tracker.integration.ConstructorTrackingIT.testContinuousFlowWithConstructorTracking(ConstructorTrackingIT.java:100)
	at java.base/java.lang.reflect.Method.invoke(Method.java:580)
	at java.base/java.util.ArrayList.forEach(ArrayList.java:1596)
	at java.base/java.util.ArrayList.forEach(ArrayList.java:1596)

com.example.bytebuf.tracker.integration.ConstructorTrackingIT.testConstructorsTrackedWithConfig  Time elapsed: 1.378 s  <<< FAILURE!
org.opentest4j.AssertionFailedError: allocate method should be tracked
	at java.base/jdk.internal.reflect.DirectConstructorHandleAccessor.newInstance(DirectConstructorHandleAccessor.java:62)
	at java.base/java.lang.reflect.Constructor.newInstanceWithCaller(Constructor.java:502)
	at com.example.bytebuf.tracker.integration.ConstructorTrackingIT.testConstructorsTrackedWithConfig(ConstructorTrackingIT.java:70)
	at java.base/java.lang.reflect.Method.invoke(Method.java:580)
	at java.base/java.util.ArrayList.forEach(ArrayList.java:1596)
	at java.base/java.util.ArrayList.forEach(ArrayList.java:1596)

