-------------------------------------------------------------------------------
Test set: com.example.bytebuf.tracker.integration.StaticMethodTrackingIT
-------------------------------------------------------------------------------
Tests run: 5, Failures: 5, Errors: 0, Skipped: 0, Time elapsed: 11.427 s <<< FAILURE! - in com.example.bytebuf.tracker.integration.StaticMethodTrackingIT
com.example.bytebuf.tracker.integration.StaticMethodTrackingIT.testStaticMethodsAreTracked  Time elapsed: 2.278 s  <<< FAILURE!
org.opentest4j.AssertionFailedError: allocateStatic method should be tracked
	at java.base/jdk.internal.reflect.DirectConstructorHandleAccessor.newInstance(DirectConstructorHandleAccessor.java:62)
	at java.base/java.lang.reflect.Constructor.newInstanceWithCaller(Constructor.java:502)
	at com.example.bytebuf.tracker.integration.StaticMethodTrackingIT.testStaticMethodsAreTracked(StaticMethodTrackingIT.java:62)
	at java.base/java.lang.reflect.Method.invoke(Method.java:580)
	at java.base/java.util.ArrayList.forEach(ArrayList.java:1596)
	at java.base/java.util.ArrayList.forEach(ArrayList.java:1596)

com.example.bytebuf.tracker.integration.StaticMethodTrackingIT.testMixedFlowTracked  Time elapsed: 2.263 s  <<< FAILURE!
java.lang.AssertionError: 

Expecting actual:
  "=== Flow Tree ===
ROOT: InstrumentedUnpooledUnsafeHeapByteBuf.release [count=9]"
to contain:
  "allocateInstance" 
	at com.example.bytebuf.tracker.integration.StaticMethodTrackingIT.testMixedFlowTracked(StaticMethodTrackingIT.java:125)
	at java.base/java.lang.reflect.Method.invoke(Method.java:580)
	at java.base/java.util.ArrayList.forEach(ArrayList.java:1596)
	at java.base/java.util.ArrayList.forEach(ArrayList.java:1596)

com.example.bytebuf.tracker.integration.StaticMethodTrackingIT.testInstanceMethodsAreTracked  Time elapsed: 2.286 s  <<< FAILURE!
org.opentest4j.AssertionFailedError: processInstance method should be tracked
	at java.base/jdk.internal.reflect.DirectConstructorHandleAccessor.newInstance(DirectConstructorHandleAccessor.java:62)
	at java.base/java.lang.reflect.Constructor.newInstanceWithCaller(Constructor.java:502)
	at com.example.bytebuf.tracker.integration.StaticMethodTrackingIT.testInstanceMethodsAreTracked(StaticMethodTrackingIT.java:43)
	at java.base/java.lang.reflect.Method.invoke(Method.java:580)
	at java.base/java.util.ArrayList.forEach(ArrayList.java:1596)
	at java.base/java.util.ArrayList.forEach(ArrayList.java:1596)

com.example.bytebuf.tracker.integration.StaticMethodTrackingIT.testMultipleFlowsDetected  Time elapsed: 2.257 s  <<< FAILURE!
java.lang.AssertionError: Should have 3 root methods
	at com.example.bytebuf.tracker.integration.StaticMethodTrackingIT.testMultipleFlowsDetected(StaticMethodTrackingIT.java:85)
	at java.base/java.lang.reflect.Method.invoke(Method.java:580)
	at java.base/java.util.ArrayList.forEach(ArrayList.java:1596)
	at java.base/java.util.ArrayList.forEach(ArrayList.java:1596)

com.example.bytebuf.tracker.integration.StaticMethodTrackingIT.testNoLeaks  Time elapsed: 2.339 s  <<< FAILURE!
java.lang.AssertionError: Should have no leak paths
	at com.example.bytebuf.tracker.integration.StaticMethodTrackingIT.testNoLeaks(StaticMethodTrackingIT.java:105)
	at java.base/java.lang.reflect.Method.invoke(Method.java:580)
	at java.base/java.util.ArrayList.forEach(ArrayList.java:1596)
	at java.base/java.util.ArrayList.forEach(ArrayList.java:1596)

