-------------------------------------------------------------------------------
Test set: com.example.bytebuf.tracker.integration.ConstructorTrackingIT
-------------------------------------------------------------------------------
Tests run: 4, Failures: 4, Errors: 0, Skipped: 0, Time elapsed: 9.215 s <<< FAILURE! - in com.example.bytebuf.tracker.integration.ConstructorTrackingIT
com.example.bytebuf.tracker.integration.ConstructorTrackingIT.testWildcardConstructorTracking  Time elapsed: 2.223 s  <<< FAILURE!
org.opentest4j.AssertionFailedError: Constructor should be tracked with wildcard pattern
	at java.base/jdk.internal.reflect.DirectConstructorHandleAccessor.newInstance(DirectConstructorHandleAccessor.java:62)
	at java.base/java.lang.reflect.Constructor.newInstanceWithCaller(Constructor.java:502)
	at com.example.bytebuf.tracker.integration.ConstructorTrackingIT.testWildcardConstructorTracking(ConstructorTrackingIT.java:130)
	at java.base/java.lang.reflect.Method.invoke(Method.java:580)
	at java.base/java.util.ArrayList.forEach(ArrayList.java:1596)
	at java.base/java.util.ArrayList.forEach(ArrayList.java:1596)

com.example.bytebuf.tracker.integration.ConstructorTrackingIT.testConstructorsNotTrackedByDefault  Time elapsed: 2.268 s  <<< FAILURE!
org.opentest4j.AssertionFailedError: prepare method should be tracked
	at java.base/jdk.internal.reflect.DirectConstructorHandleAccessor.newInstance(DirectConstructorHandleAccessor.java:62)
	at java.base/java.lang.reflect.Constructor.newInstanceWithCaller(Constructor.java:502)
	at com.example.bytebuf.tracker.integration.ConstructorTrackingIT.testConstructorsNotTrackedByDefault(ConstructorTrackingIT.java:45)
	at java.base/java.lang.reflect.Method.invoke(Method.java:580)
	at java.base/java.util.ArrayList.forEach(ArrayList.java:1596)
	at java.base/java.util.ArrayList.forEach(ArrayList.java:1596)

com.example.bytebuf.tracker.integration.ConstructorTrackingIT.testContinuousFlowWithConstructorTracking  Time elapsed: 2.416 s  <<< FAILURE!
org.opentest4j.AssertionFailedError: Should have proper cleanup
	at java.base/jdk.internal.reflect.DirectConstructorHandleAccessor.newInstance(DirectConstructorHandleAccessor.java:62)
	at java.base/java.lang.reflect.Constructor.newInstanceWithCaller(Constructor.java:502)
	at com.example.bytebuf.tracker.integration.ConstructorTrackingIT.testContinuousFlowWithConstructorTracking(ConstructorTrackingIT.java:105)
	at java.base/java.lang.reflect.Method.invoke(Method.java:580)
	at java.base/java.util.ArrayList.forEach(ArrayList.java:1596)
	at java.base/java.util.ArrayList.forEach(ArrayList.java:1596)

com.example.bytebuf.tracker.integration.ConstructorTrackingIT.testConstructorsTrackedWithConfig  Time elapsed: 2.304 s  <<< FAILURE!
org.opentest4j.AssertionFailedError: prepare method should be tracked
	at java.base/jdk.internal.reflect.DirectConstructorHandleAccessor.newInstance(DirectConstructorHandleAccessor.java:62)
	at java.base/java.lang.reflect.Constructor.newInstanceWithCaller(Constructor.java:502)
	at com.example.bytebuf.tracker.integration.ConstructorTrackingIT.testConstructorsTrackedWithConfig(ConstructorTrackingIT.java:74)
	at java.base/java.lang.reflect.Method.invoke(Method.java:580)
	at java.base/java.util.ArrayList.forEach(ArrayList.java:1596)
	at java.base/java.util.ArrayList.forEach(ArrayList.java:1596)

