-------------------------------------------------------------------------------
Test set: com.example.bytebuf.tracker.integration.BasicInstrumentationIT
-------------------------------------------------------------------------------
Tests run: 5, Failures: 2, Errors: 0, Skipped: 0, Time elapsed: 11.502 s <<< FAILURE! - in com.example.bytebuf.tracker.integration.BasicInstrumentationIT
com.example.bytebuf.tracker.integration.BasicInstrumentationIT.testProperCleanup  Time elapsed: 2.312 s  <<< FAILURE!
org.opentest4j.AssertionFailedError: Should show proper cleanup with ref=0
	at java.base/jdk.internal.reflect.DirectConstructorHandleAccessor.newInstance(DirectConstructorHandleAccessor.java:62)
	at java.base/java.lang.reflect.Constructor.newInstanceWithCaller(Constructor.java:502)
	at com.example.bytebuf.tracker.integration.BasicInstrumentationIT.testProperCleanup(BasicInstrumentationIT.java:131)
	at java.base/java.lang.reflect.Method.invoke(Method.java:580)
	at java.base/java.util.ArrayList.forEach(ArrayList.java:1596)
	at java.base/java.util.ArrayList.forEach(ArrayList.java:1596)

com.example.bytebuf.tracker.integration.BasicInstrumentationIT.testFlowStructure  Time elapsed: 2.369 s  <<< FAILURE!
java.lang.AssertionError: Should have 1 unique path
	at com.example.bytebuf.tracker.integration.BasicInstrumentationIT.testFlowStructure(BasicInstrumentationIT.java:111)
	at java.base/java.lang.reflect.Method.invoke(Method.java:580)
	at java.base/java.util.ArrayList.forEach(ArrayList.java:1596)
	at java.base/java.util.ArrayList.forEach(ArrayList.java:1596)

