-------------------------------------------------------------------------------
Test set: com.example.bytebuf.tracker.integration.ConstructorTrackingIT
-------------------------------------------------------------------------------
Tests run: 4, Failures: 1, Errors: 0, Skipped: 0, Time elapsed: 9.384 s <<< FAILURE! - in com.example.bytebuf.tracker.integration.ConstructorTrackingIT
com.example.bytebuf.tracker.integration.ConstructorTrackingIT.testContinuousFlowWithConstructorTracking  Time elapsed: 2.415 s  <<< FAILURE!
org.opentest4j.AssertionFailedError: Should have proper cleanup
	at java.base/jdk.internal.reflect.DirectConstructorHandleAccessor.newInstance(DirectConstructorHandleAccessor.java:62)
	at java.base/java.lang.reflect.Constructor.newInstanceWithCaller(Constructor.java:502)
	at com.example.bytebuf.tracker.integration.ConstructorTrackingIT.testContinuousFlowWithConstructorTracking(ConstructorTrackingIT.java:105)
	at java.base/java.lang.reflect.Method.invoke(Method.java:580)
	at java.base/java.util.ArrayList.forEach(ArrayList.java:1596)
	at java.base/java.util.ArrayList.forEach(ArrayList.java:1596)

