-------------------------------------------------------------------------------
Test set: com.example.bytebuf.tracker.integration.ConstructorTrackingIT
-------------------------------------------------------------------------------
Tests run: 4, Failures: 1, Errors: 0, Skipped: 0, Time elapsed: 10.136 s <<< FAILURE! - in com.example.bytebuf.tracker.integration.ConstructorTrackingIT
com.example.bytebuf.tracker.integration.ConstructorTrackingIT.testContinuousFlowWithConstructorTracking  Time elapsed: 2.486 s  <<< FAILURE!
java.lang.AssertionError: Should have 1 continuous flow with constructor tracking
	at com.example.bytebuf.tracker.integration.ConstructorTrackingIT.testContinuousFlowWithConstructorTracking(ConstructorTrackingIT.java:100)
	at java.base/java.lang.reflect.Method.invoke(Method.java:580)
	at java.base/java.util.ArrayList.forEach(ArrayList.java:1596)
	at java.base/java.util.ArrayList.forEach(ArrayList.java:1596)

