-------------------------------------------------------------------------------
Test set: com.example.bytebuf.tracker.integration.PackageFilteringIT
-------------------------------------------------------------------------------
Tests run: 5, Failures: 1, Errors: 0, Skipped: 0, Time elapsed: 12.308 s <<< FAILURE! - in com.example.bytebuf.tracker.integration.PackageFilteringIT
com.example.bytebuf.tracker.integration.PackageFilteringIT.testExcludePackage  Time elapsed: 2.339 s  <<< FAILURE!
java.lang.AssertionError: Should have no traversals when package is excluded
	at com.example.bytebuf.tracker.integration.PackageFilteringIT.testExcludePackage(PackageFilteringIT.java:68)
	at java.base/java.lang.reflect.Method.invoke(Method.java:580)
	at java.base/java.util.ArrayList.forEach(ArrayList.java:1596)
	at java.base/java.util.ArrayList.forEach(ArrayList.java:1596)

