<?xml version="1.0" encoding="UTF-8"?>
<testsuite xmlns:xsi="http://www.w3.org/2001/XMLSchema-instance" xsi:noNamespaceSchemaLocation="https://maven.apache.org/surefire/maven-failsafe-plugin/xsd/failsafe-test-report-3.0.xsd" version="3.0" name="com.example.bytebuf.tracker.integration.BasicInstrumentationIT" time="11.929" tests="5" errors="0" skipped="0" failures="4">
  <properties>
[...]
</properties>
  <testcase name="testAgentLoads" classname="com.example.bytebuf.tracker.integration.BasicInstrumentationIT" time="2.408">
    <failure message="JMX MBean should be registered. Output:&#10;[ByteBufFlowAgent] Starting with config: AgentConfig{include=[com.example.bytebuf.tracker.integration.testapp], exclude=[], trackConstructors=[]}&#10;[ByteBufFlowAgent] Failed to register JMX MBean: javax.management.NotCompliantMBeanException: MBean class com.example.bytebuf.tracker.agent.ByteBufFlowMBean does not implement DynamicMBean, and neither follows the Standard MBean conventions (javax.management.NotCompliantMBeanException: Class com.example.bytebuf.tracker.agent.ByteBufFlowMBean is not a JMX compliant Standard MBean) nor the MXBean conventions (javax.management.NotCompliantMBeanException: com.example.bytebuf.tracker.agent.ByteBufFlowMBean: Class com.example.bytebuf.tracker.agent.ByteBufFlowMBean is not a JMX compliant MXBean)&#10;[ByteBufFlowAgent] ByteBuf lifecycle tracking enabled (release/retain)&#10;[ByteBufFlowAgent] Instrumentation installed successfully&#10;[Byte Buddy] TRANSFORM com.example.bytebuf.tracker.integration.testapp.BasicFlowApp [jdk.internal.loader.ClassLoaders$AppClassLoader@5a07e868, unnamed module @15d0c81b, Thread[#1,main,5,main], loaded=false]&#10;=== BasicFlowApp Starting ===&#10;[Byte Buddy] TRANSFORM io.netty.buffer.ReadOnlyByteBuf [jdk.internal.loader.ClassLoaders$AppClassLoader@5a07e868, unnamed module @15d0c81b, Thread[#1,main,5,main], loaded=false]&#10;[Byte Buddy] TRANSFORM io.netty.buffer.UnreleasableByteBuf [jdk.internal.loader.ClassLoaders$AppClassLoader@5a07e868, unnamed module @15d0c81b, Thread[#1,main,5,main], loaded=false]&#10;[Byte Buddy] TRANSFORM io.netty.buffer.WrappedByteBuf [jdk.internal.loader.ClassLoaders$AppClassLoader@5a07e868, unnamed module @15d0c81b, Thread[#1,main,5,main], loaded=false]&#10;[Byte Buddy] TRANSFORM io.netty.buffer.FixedCompositeByteBuf [jdk.internal.loader.ClassLoaders$AppClassLoader@5a07e868, unnamed module @15d0c81b, Thread[#1,main,5,main], loaded=false]&#10;[Byte Buddy] TRANSFORM io.netty.buffer.CompositeByteBuf [jdk.internal.loader.ClassLoaders$AppClassLoader@5a07e868, unnamed module @15d0c81b, Thread[#1,main,5,main], loaded=false]&#10;[Byte Buddy] TRANSFORM io.netty.buffer.UnpooledHeapByteBuf [jdk.internal.loader.ClassLoaders$AppClassLoader@5a07e868, unnamed module @15d0c81b, Thread[#1,main,5,main], loaded=false]&#10;[Byte Buddy] TRANSFORM io.netty.buffer.ReadOnlyUnsafeDirectByteBuf [jdk.internal.loader.ClassLoaders$AppClassLoader@5a07e868, unnamed module @15d0c81b, Thread[#1,main,5,main], loaded=false]&#10;[Byte Buddy] TRANSFORM io.netty.buffer.ReadOnlyByteBufferBuf [jdk.internal.loader.ClassLoaders$AppClassLoader@5a07e868, unnamed module @15d0c81b, Thread[#1,main,5,main], loaded=false]&#10;[Byte Buddy] TRANSFORM io.netty.buffer.UnpooledUnsafeDirectByteBuf [jdk.internal.loader.ClassLoaders$AppClassLoader@5a07e868, unnamed module @15d0c81b, Thread[#1,main,5,main], loaded=false]&#10;[Byte Buddy] TRANSFORM io.netty.buffer.UnpooledDirectByteBuf [jdk.internal.loader.ClassLoaders$AppClassLoader@5a07e868, unnamed module @15d0c81b, Thread[#1,main,5,main], loaded=false]&#10;[Byte Buddy] TRANSFORM io.netty.buffer.WrappedUnpooledUnsafeDirectByteBuf [jdk.internal.loader.ClassLoaders$AppClassLoader@5a07e868, unnamed module @15d0c81b, Thread[#1,main,5,main], loaded=false]&#10;[Byte Buddy] TRANSFORM io.netty.buffer.EmptyByteBuf [jdk.internal.loader.ClassLoaders$AppClassLoader@5a07e868, unnamed module @15d0c81b, Thread[#1,main,5,main], loaded=false]&#10;[Byte Buddy] TRANSFORM io.netty.buffer.SimpleLeakAwareCompositeByteBuf [jdk.internal.loader.ClassLoaders$AppClassLoader@5a07e868, unnamed module @15d0c81b, Thread[#1,main,5,main], loaded=false]&#10;[Byte Buddy] TRANSFORM io.netty.buffer.WrappedCompositeByteBuf [jdk.internal.loader.ClassLoaders$AppClassLoader@5a07e868, unnamed module @15d0c81b, Thread[#1,main,5,main], loaded=false]&#10;[Byte Buddy] TRANSFORM io.netty.buffer.AdvancedLeakAwareCompositeByteBuf [jdk.internal.loader.ClassLoaders$AppClassLoader@5a07e868, unnamed module @15d0c81b, Thread[#1,main,5,main], loaded=false]&#10;[Byte Buddy] TRANSFORM io.netty.buffer.SimpleLeakAwareByteBuf [jdk.internal.loader.ClassLoaders$AppClassLoader@5a07e868, unnamed module @15d0c81b, Thread[#1,main,5,main], loaded=false]&#10;[Byte Buddy] TRANSFORM io.netty.buffer.AdvancedLeakAwareByteBuf [jdk.internal.loader.ClassLoaders$AppClassLoader@5a07e868, unnamed module @15d0c81b, Thread[#1,main,5,main], loaded=false]&#10;[Byte Buddy] TRANSFORM io.netty.buffer.UnpooledByteBufAllocator$InstrumentedUnpooledUnsafeHeapByteBuf [jdk.internal.loader.ClassLoaders$AppClassLoader@5a07e868, unnamed module @15d0c81b, Thread[#1,main,5,main], loaded=false]&#10;[Byte Buddy] TRANSFORM io.netty.buffer.UnpooledUnsafeHeapByteBuf [jdk.internal.loader.ClassLoaders$AppClassLoader@5a07e868, unnamed module @15d0c81b, Thread[#1,main,5,main], loaded=false]&#10;[Byte Buddy] TRANSFORM io.netty.buffer.UnpooledByteBufAllocator$InstrumentedUnpooledHeapByteBuf [jdk.internal.loader.ClassLoaders$AppClassLoader@5a07e868, unnamed module @15d0c81b, Thread[#1,main,5,main], loaded=false]&#10;[Byte Buddy] TRANSFORM io.netty.buffer.UnpooledByteBufAllocator$InstrumentedUnpooledUnsafeNoCleanerDirectByteBuf [jdk.internal.loader.ClassLoaders$AppClassLoader@5a07e868, unnamed module @15d0c81b, Thread[#1,main,5,main], loaded=false]&#10;[Byte Buddy] TRANSFORM io.netty.buffer.UnpooledUnsafeNoCleanerDirectByteBuf [jdk.internal.loader.ClassLoaders$AppClassLoader@5a07e868, unnamed module @15d0c81b, Thread[#1,main,5,main], loaded=false]&#10;[Byte Buddy] TRANSFORM io.netty.buffer.UnpooledByteBufAllocator$InstrumentedUnpooledUnsafeDirectByteBuf [jdk.internal.loader.ClassLoaders$AppClassLoader@5a07e868, unnamed module @15d0c81b, Thread[#1,main,5,main], loaded=false]&#10;[Byte Buddy] TRANSFORM io.netty.buffer.UnpooledByteBufAllocator$InstrumentedUnpooledDirectByteBuf [jdk.internal.loader.ClassLoaders$AppClassLoader@5a07e868, unnamed module @15d0c81b, Thread[#1,main,5,main], loaded=false]&#10;[Byte Buddy] ERROR io.netty.util.internal.logging.Log4J2Logger [jdk.internal.loader.ClassLoaders$AppClassLoader@5a07e868, unnamed module @15d0c81b, Thread[#1,main,5,main], loaded=false]&#10;net.bytebuddy.pool.TypePool$Resolution$NoSuchTypeException: Cannot resolve type description for org.apache.logging.log4j.spi.ExtendedLoggerWrapper&#10;	at net.bytebuddy.pool.TypePool$Resolution$Illegal.resolve(TypePool.java:190)&#10;	at net.bytebuddy.pool.TypePool$Default$WithLazyResolution$LazyTypeDescription.delegate(TypePool.java:1111)&#10;	at net.bytebuddy.description.type.TypeDescription$AbstractBase$OfSimpleType$WithDelegation.getSuperClass(TypeDescription.java:8440)&#10;	at net.bytebuddy.description.type.TypeDescription$AbstractBase.isAssignable(TypeDescription.java:7771)&#10;	at net.bytebuddy.description.type.TypeDescription$AbstractBase.isAssignableFrom(TypeDescription.java:7798)&#10;	at net.bytebuddy.description.type.TypeDescription$ForLoadedType.isAssignableFrom(TypeDescription.java:8759)&#10;	at net.bytebuddy.description.type.TypeDescription$AbstractBase.isAssignable(TypeDescription.java:7772)&#10;	at net.bytebuddy.description.type.TypeDescription$AbstractBase.isAssignableTo(TypeDescription.java:7812)&#10;	at net.bytebuddy.matcher.SubTypeMatcher.doMatch(SubTypeMatcher.java:47)&#10;	at net.bytebuddy.matcher.SubTypeMatcher.doMatch(SubTypeMatcher.java:26)&#10;	at net.bytebuddy.matcher.ElementMatcher$Junction$ForNonNullValues.matches(ElementMatcher.java:249)&#10;	at net.bytebuddy.matcher.ElementMatcher$Junction$Conjunction.matches(ElementMatcher.java:146)&#10;	at net.bytebuddy.agent.builder.AgentBuilder$RawMatcher$ForElementMatchers.matches(AgentBuilder.java:1971)&#10;	at net.bytebuddy.agent.builder.AgentBuilder$Default$ExecutingTransformer.doTransform(AgentBuilder.java:12427)&#10;	at net.bytebuddy.agent.builder.AgentBuilder$Default$ExecutingTransformer.transform(AgentBuilder.java:12385)&#10;	at net.bytebuddy.agent.builder.AgentBuilder$Default$ExecutingTransformer.access$1800(AgentBuilder.java:12094)&#10;	at net.bytebuddy.agent.builder.AgentBuilder$Default$ExecutingTransformer$Java9CapableVmDispatcher.run(AgentBuilder.java:12872)&#10;	at net.bytebuddy.agent.builder.AgentBuilder$Default$ExecutingTransformer$Java9CapableVmDispatcher.run(AgentBuilder.java:12804)&#10;	at java.base/java.security.AccessController.doPrivileged(AccessController.java:400)&#10;	at net.bytebuddy.agent.builder.AgentBuilder$Default$ExecutingTransformer.doPrivileged(AgentBuilder.java)&#10;	at net.bytebuddy.agent.builder.AgentBuilder$Default$ExecutingTransformer.transform(AgentBuilder.java:12328)&#10;	at net.bytebuddy.agent.builder.AgentBuilder$Default$ExecutingTransformer$ByteBuddy$ModuleSupport.transform(Unknown Source)&#10;	at java.instrument/sun.instrument.TransformerManager.transform(TransformerManager.java:188)&#10;	at java.instrument/sun.instrument.InstrumentationImpl.transform(InstrumentationImpl.java:610)&#10;	at java.base/java.lang.ClassLoader.defineClass1(Native Method)&#10;	at java.base/java.lang.ClassLoader.defineClass(ClassLoader.java:1027)&#10;	at java.base/java.security.SecureClassLoader.defineClass(SecureClassLoader.java:150)&#10;	at java.base/jdk.internal.loader.BuiltinClassLoader.defineClass(BuiltinClassLoader.java:862)&#10;	at java.base/jdk.internal.loader.BuiltinClassLoader.findClassOnClassPathOrNull(BuiltinClassLoader.java:760)&#10;	at java.base/jdk.internal.loader.BuiltinClassLoader.loadClassOrNull(BuiltinClassLoader.java:681)&#10;	at java.base/jdk.internal.loader.BuiltinClassLoader.loadClass(BuiltinClassLoader.java:639)&#10;	at java.base/jdk.internal.loader.ClassLoaders$AppClassLoader.loadClass(ClassLoaders.java:188)&#10;	at java.base/java.lang.ClassLoader.loadClass(ClassLoader.java:526)&#10;	at io.netty.util.internal.logging.Log4J2LoggerFactory.newInstance(Log4J2LoggerFactory.java:33)&#10;	at io.netty.util.internal.logging.InternalLoggerFactory.useLog4J2LoggerFactory(InternalLoggerFactory.java:76)&#10;	at io.netty.util.internal.logging.InternalLoggerFactory.newDefaultFactory(InternalLoggerFactory.java:47)&#10;	at io.netty.util.internal.logging.InternalLoggerFactory.getDefaultFactory(InternalLoggerFactory.java:111)&#10;	at io.netty.util.internal.logging.InternalLoggerFactory.getInstance(InternalLoggerFactory.java:134)&#10;	at io.netty.util.internal.logging.InternalLoggerFactory.getInstance(InternalLoggerFactory.java:127)&#10;	at io.netty.util.ResourceLeakDetector.&lt;clinit&gt;(ResourceLeakDetector.java:101)&#10;	at io.netty.buffer.AbstractByteBufAllocator.&lt;clinit&gt;(AbstractByteBufAllocator.java:37)&#10;	at io.netty.buffer.Unpooled.&lt;clinit&gt;(Unpooled.java:75)&#10;	at com.example.bytebuf.tracker.integration.testapp.BasicFlowApp.allocate$original$UhqDx0dh(BasicFlowApp.java:51)&#10;	at com.example.bytebuf.tracker.integration.testapp.BasicFlowApp.allocate(BasicFlowApp.java)&#10;	at com.example.bytebuf.tracker.integration.testapp.BasicFlowApp.run(BasicFlowApp.java:39)&#10;	at com.example.bytebuf.tracker.integration.testapp.BasicFlowApp.main(BasicFlowApp.java:19)&#10;[Byte Buddy] TRANSFORM io.netty.buffer.UnpooledSlicedByteBuf [jdk.internal.loader.ClassLoaders$AppClassLoader@5a07e868, unnamed module @15d0c81b, Thread[#1,main,5,main], loaded=false]&#10;[Byte Buddy] TRANSFORM io.netty.buffer.UnpooledDuplicatedByteBuf [jdk.internal.loader.ClassLoaders$AppClassLoader@5a07e868, unnamed module @15d0c81b, Thread[#1,main,5,main], loaded=false]&#10;[Byte Buddy] TRANSFORM io.netty.buffer.DuplicatedByteBuf [jdk.internal.loader.ClassLoaders$AppClassLoader@5a07e868, unnamed module @15d0c81b, Thread[#1,main,5,main], loaded=false]&#10;[Byte Buddy] TRANSFORM io.netty.buffer.SwappedByteBuf [jdk.internal.loader.ClassLoaders$AppClassLoader@5a07e868, unnamed module @15d0c81b, Thread[#1,main,5,main], loaded=false]&#10;[Byte Buddy] TRANSFORM io.netty.buffer.UnsafeHeapSwappedByteBuf [jdk.internal.loader.ClassLoaders$AppClassLoader@5a07e868, unnamed module @15d0c81b, Thread[#1,main,5,main], loaded=false]&#10;[ObjectTrackerRegistry] Using default ByteBuf handler&#10;Step 1: Processing 13 bytes&#10;Step 2: Read 13 bytes&#10;Step 3: Final processing&#10;Cleanup: Releasing buffer&#10;&#10;=== Flow Summary ===&#10;=== ByteBuf Flow Summary ===&#10;Total Root Methods: 3&#10;Total Traversals: 5&#10;Unique Paths: 3&#10;Leak Paths: 2&#10;Leak Percentage: 66.67%&#10;&#10;&#10;=== Flow Tree ===&#10;ROOT: InstrumentedUnpooledUnsafeHeapByteBuf.release [count=2]&#10;ROOT: BasicFlowApp.allocate_return [count=2]&#10;??? BasicFlowApp.processStep1 [ref=1, count=1]&#10;    ??? BasicFlowApp.processStep1_exit [ref=1, count=1]&#10;        ??? BasicFlowApp.processStep1_return [ref=1, count=1]&#10;            ??? BasicFlowApp.processStep2 [ref=1, count=1]&#10;                ??? BasicFlowApp.processStep2_exit [ref=1, count=1]&#10;                    ??? BasicFlowApp.processStep2_return [ref=1, count=1]&#10;                        ??? BasicFlowApp.processStep3 [ref=1, count=1]&#10;                            ??? BasicFlowApp.processStep3_exit [ref=1, count=1]&#10;                                ??? BasicFlowApp.processStep3_return [ref=1, count=1]&#10;                                    ??? BasicFlowApp.cleanup [ref=1, count=1]&#10;                                        ??? InstrumentedUnpooledUnsafeHeapByteBuf.release [ref=0, count=0]&#10;ROOT: BasicFlowApp.cleanup_exit [count=1]&#10;&#10;&#10;=== Flat Paths ===&#10;[count=1] [LEAK:ref=1] BasicFlowApp.cleanup_exit&#10;[count=2] [LEAK:ref=1] InstrumentedUnpooledUnsafeHeapByteBuf.release&#10;[count=0] BasicFlowApp.allocate_return -&gt; BasicFlowApp.processStep1[1] -&gt; BasicFlowApp.processStep1_exit[1] -&gt; BasicFlowApp.processStep1_return[1] -&gt; BasicFlowApp.processStep2[1] -&gt; BasicFlowApp.processStep2_exit[1] -&gt; BasicFlowApp.processStep2_return[1] -&gt; BasicFlowApp.processStep3[1] -&gt; BasicFlowApp.processStep3_exit[1] -&gt; BasicFlowApp.processStep3_return[1] -&gt; BasicFlowApp.cleanup[1] -&gt; InstrumentedUnpooledUnsafeHeapByteBuf.release[0]&#10;&#10;&#10;=== BasicFlowApp Complete ===&#10;&#10;=== ByteBuf Flow Final Report ===&#10;ByteBuf Flow Analysis Report&#10;Generated: Sat Nov 08 01:39:08 UTC 2025&#10;================================================================================&#10;&#10;=== ByteBuf Flow Summary ===&#10;Total Root Methods: 3&#10;Total Traversals: 5&#10;Unique Paths: 3&#10;Leak Paths: 2&#10;Leak Percentage: 66.67%&#10;&#10;=== Flow Tree ===&#10;ROOT: InstrumentedUnpooledUnsafeHeapByteBuf.release [count=2]&#10;ROOT: BasicFlowApp.allocate_return [count=2]&#10;??? BasicFlowApp.processStep1 [ref=1, count=1]&#10;    ??? BasicFlowApp.processStep1_exit [ref=1, count=1]&#10;        ??? BasicFlowApp.processStep1_return [ref=1, count=1]&#10;            ??? BasicFlowApp.processStep2 [ref=1, count=1]&#10;                ??? BasicFlowApp.processStep2_exit [ref=1, count=1]&#10;                    ??? BasicFlowApp.processStep2_return [ref=1, count=1]&#10;                        ??? BasicFlowApp.processStep3 [ref=1, count=1]&#10;                            ??? BasicFlowApp.processStep3_exit [ref=1, count=1]&#10;                                ??? BasicFlowApp.processStep3_return [ref=1, count=1]&#10;                                    ??? BasicFlowApp.cleanup [ref=1, count=1]&#10;                                        ??? InstrumentedUnpooledUnsafeHeapByteBuf.release [ref=0, count=0]&#10;ROOT: BasicFlowApp.cleanup_exit [count=1]&#10;&#10;=== Potential Leaks ===&#10;[count=1] [LEAK:ref=1] BasicFlowApp.cleanup_exit&#10;[count=2] [LEAK:ref=1] InstrumentedUnpooledUnsafeHeapByteBuf.release&#10;&#10;&#10;" type="org.opentest4j.AssertionFailedError"><![CDATA[org.opentest4j.AssertionFailedError: 
JMX MBean should be registered. Output:
[ByteBufFlowAgent] Starting with config: AgentConfig{include=[com.example.bytebuf.tracker.integration.testapp], exclude=[], trackConstructors=[]}
[ByteBufFlowAgent] Failed to register JMX MBean: javax.management.NotCompliantMBeanException: MBean class com.example.bytebuf.tracker.agent.ByteBufFlowMBean does not implement DynamicMBean, and neither follows the Standard MBean conventions (javax.management.NotCompliantMBeanException: Class com.example.bytebuf.tracker.agent.ByteBufFlowMBean is not a JMX compliant Standard MBean) nor the MXBean conventions (javax.management.NotCompliantMBeanException: com.example.bytebuf.tracker.agent.ByteBufFlowMBean: Class com.example.bytebuf.tracker.agent.ByteBufFlowMBean is not a JMX compliant MXBean)
[ByteBufFlowAgent] ByteBuf lifecycle tracking enabled (release/retain)
[ByteBufFlowAgent] Instrumentation installed successfully
[Byte Buddy] TRANSFORM com.example.bytebuf.tracker.integration.testapp.BasicFlowApp [jdk.internal.loader.ClassLoaders$AppClassLoader@5a07e868, unnamed module @15d0c81b, Thread[#1,main,5,main], loaded=false]
=== BasicFlowApp Starting ===
[Byte Buddy] TRANSFORM io.netty.buffer.ReadOnlyByteBuf [jdk.internal.loader.ClassLoaders$AppClassLoader@5a07e868, unnamed module @15d0c81b, Thread[#1,main,5,main], loaded=false]
[Byte Buddy] TRANSFORM io.netty.buffer.UnreleasableByteBuf [jdk.internal.loader.ClassLoaders$AppClassLoader@5a07e868, unnamed module @15d0c81b, Thread[#1,main,5,main], loaded=false]
[Byte Buddy] TRANSFORM io.netty.buffer.WrappedByteBuf [jdk.internal.loader.ClassLoaders$AppClassLoader@5a07e868, unnamed module @15d0c81b, Thread[#1,main,5,main], loaded=false]
[Byte Buddy] TRANSFORM io.netty.buffer.FixedCompositeByteBuf [jdk.internal.loader.ClassLoaders$AppClassLoader@5a07e868, unnamed module @15d0c81b, Thread[#1,main,5,main], loaded=false]
[Byte Buddy] TRANSFORM io.netty.buffer.CompositeByteBuf [jdk.internal.loader.ClassLoaders$AppClassLoader@5a07e868, unnamed module @15d0c81b, Thread[#1,main,5,main], loaded=false]
[Byte Buddy] TRANSFORM io.netty.buffer.UnpooledHeapByteBuf [jdk.internal.loader.ClassLoaders$AppClassLoader@5a07e868, unnamed module @15d0c81b, Thread[#1,main,5,main], loaded=false]
[Byte Buddy] TRANSFORM io.netty.buffer.ReadOnlyUnsafeDirectByteBuf [jdk.internal.loader.ClassLoaders$AppClassLoader@5a07e868, unnamed module @15d0c81b, Thread[#1,main,5,main], loaded=false]
[Byte Buddy] TRANSFORM io.netty.buffer.ReadOnlyByteBufferBuf [jdk.internal.loader.ClassLoaders$AppClassLoader@5a07e868, unnamed module @15d0c81b, Thread[#1,main,5,main], loaded=false]
[Byte Buddy] TRANSFORM io.netty.buffer.UnpooledUnsafeDirectByteBuf [jdk.internal.loader.ClassLoaders$AppClassLoader@5a07e868, unnamed module @15d0c81b, Thread[#1,main,5,main], loaded=false]
[Byte Buddy] TRANSFORM io.netty.buffer.UnpooledDirectByteBuf [jdk.internal.loader.ClassLoaders$AppClassLoader@5a07e868, unnamed module @15d0c81b, Thread[#1,main,5,main], loaded=false]
[Byte Buddy] TRANSFORM io.netty.buffer.WrappedUnpooledUnsafeDirectByteBuf [jdk.internal.loader.ClassLoaders$AppClassLoader@5a07e868, unnamed module @15d0c81b, Thread[#1,main,5,main], loaded=false]
[Byte Buddy] TRANSFORM io.netty.buffer.EmptyByteBuf [jdk.internal.loader.ClassLoaders$AppClassLoader@5a07e868, unnamed module @15d0c81b, Thread[#1,main,5,main], loaded=false]
[Byte Buddy] TRANSFORM io.netty.buffer.SimpleLeakAwareCompositeByteBuf [jdk.internal.loader.ClassLoaders$AppClassLoader@5a07e868, unnamed module @15d0c81b, Thread[#1,main,5,main], loaded=false]
[Byte Buddy] TRANSFORM io.netty.buffer.WrappedCompositeByteBuf [jdk.internal.loader.ClassLoaders$AppClassLoader@5a07e868, unnamed module @15d0c81b, Thread[#1,main,5,main], loaded=false]
[Byte Buddy] TRANSFORM io.netty.buffer.AdvancedLeakAwareCompositeByteBuf [jdk.internal.loader.ClassLoaders$AppClassLoader@5a07e868, unnamed module @15d0c81b, Thread[#1,main,5,main], loaded=false]
[Byte Buddy] TRANSFORM io.netty.buffer.SimpleLeakAwareByteBuf [jdk.internal.loader.ClassLoaders$AppClassLoader@5a07e868, unnamed module @15d0c81b, Thread[#1,main,5,main], loaded=false]
[Byte Buddy] TRANSFORM io.netty.buffer.AdvancedLeakAwareByteBuf [jdk.internal.loader.ClassLoaders$AppClassLoader@5a07e868, unnamed module @15d0c81b, Thread[#1,main,5,main], loaded=false]
[Byte Buddy] TRANSFORM io.netty.buffer.UnpooledByteBufAllocator$InstrumentedUnpooledUnsafeHeapByteBuf [jdk.internal.loader.ClassLoaders$AppClassLoader@5a07e868, unnamed module @15d0c81b, Thread[#1,main,5,main], loaded=false]
[Byte Buddy] TRANSFORM io.netty.buffer.UnpooledUnsafeHeapByteBuf [jdk.internal.loader.ClassLoaders$AppClassLoader@5a07e868, unnamed module @15d0c81b, Thread[#1,main,5,main], loaded=false]
[Byte Buddy] TRANSFORM io.netty.buffer.UnpooledByteBufAllocator$InstrumentedUnpooledHeapByteBuf [jdk.internal.loader.ClassLoaders$AppClassLoader@5a07e868, unnamed module @15d0c81b, Thread[#1,main,5,main], loaded=false]
[Byte Buddy] TRANSFORM io.netty.buffer.UnpooledByteBufAllocator$InstrumentedUnpooledUnsafeNoCleanerDirectByteBuf [jdk.internal.loader.ClassLoaders$AppClassLoader@5a07e868, unnamed module @15d0c81b, Thread[#1,main,5,main], loaded=false]
[Byte Buddy] TRANSFORM io.netty.buffer.UnpooledUnsafeNoCleanerDirectByteBuf [jdk.internal.loader.ClassLoaders$AppClassLoader@5a07e868, unnamed module @15d0c81b, Thread[#1,main,5,main], loaded=false]
[Byte Buddy] TRANSFORM io.netty.buffer.UnpooledByteBufAllocator$InstrumentedUnpooledUnsafeDirectByteBuf [jdk.internal.loader.ClassLoaders$AppClassLoader@5a07e868, unnamed module @15d0c81b, Thread[#1,main,5,main], loaded=false]
[Byte Buddy] TRANSFORM io.netty.buffer.UnpooledByteBufAllocator$InstrumentedUnpooledDirectByteBuf [jdk.internal.loader.ClassLoaders$AppClassLoader@5a07e868, unnamed module @15d0c81b, Thread[#1,main,5,main], loaded=false]
[Byte Buddy] ERROR io.netty.util.internal.logging.Log4J2Logger [jdk.internal.loader.ClassLoaders$AppClassLoader@5a07e868, unnamed module @15d0c81b, Thread[#1,main,5,main], loaded=false]
net.bytebuddy.pool.TypePool$Resolution$NoSuchTypeException: Cannot resolve type description for org.apache.logging.log4j.spi.ExtendedLoggerWrapper
	at net.bytebuddy.pool.TypePool$Resolution$Illegal.resolve(TypePool.java:190)
	at net.bytebuddy.pool.TypePool$Default$WithLazyResolution$LazyTypeDescription.delegate(TypePool.java:1111)
	at net.bytebuddy.description.type.TypeDescription$AbstractBase$OfSimpleType$WithDelegation.getSuperClass(TypeDescription.java:8440)
	at net.bytebuddy.description.type.TypeDescription$AbstractBase.isAssignable(TypeDescription.java:7771)
	at net.bytebuddy.description.type.TypeDescription$AbstractBase.isAssignableFrom(TypeDescription.java:7798)
	at net.bytebuddy.description.type.TypeDescription$ForLoadedType.isAssignableFrom(TypeDescription.java:8759)
	at net.bytebuddy.description.type.TypeDescription$AbstractBase.isAssignable(TypeDescription.java:7772)
	at net.bytebuddy.description.type.TypeDescription$AbstractBase.isAssignableTo(TypeDescription.java:7812)
	at net.bytebuddy.matcher.SubTypeMatcher.doMatch(SubTypeMatcher.java:47)
	at net.bytebuddy.matcher.SubTypeMatcher.doMatch(SubTypeMatcher.java:26)
	at net.bytebuddy.matcher.ElementMatcher$Junction$ForNonNullValues.matches(ElementMatcher.java:249)
	at net.bytebuddy.matcher.ElementMatcher$Junction$Conjunction.matches(ElementMatcher.java:146)
	at net.bytebuddy.agent.builder.AgentBuilder$RawMatcher$ForElementMatchers.matches(AgentBuilder.java:1971)
	at net.bytebuddy.agent.builder.AgentBuilder$Default$ExecutingTransformer.doTransform(AgentBuilder.java:12427)
	at net.bytebuddy.agent.builder.AgentBuilder$Default$ExecutingTransformer.transform(AgentBuilder.java:12385)
	at net.bytebuddy.agent.builder.AgentBuilder$Default$ExecutingTransformer.access$1800(AgentBuilder.java:12094)
	at net.bytebuddy.agent.builder.AgentBuilder$Default$ExecutingTransformer$Java9CapableVmDispatcher.run(AgentBuilder.java:12872)
	at net.bytebuddy.agent.builder.AgentBuilder$Default$ExecutingTransformer$Java9CapableVmDispatcher.run(AgentBuilder.java:12804)
	at java.base/java.security.AccessController.doPrivileged(AccessController.java:400)
	at net.bytebuddy.agent.builder.AgentBuilder$Default$ExecutingTransformer.doPrivileged(AgentBuilder.java)
	at net.bytebuddy.agent.builder.AgentBuilder$Default$ExecutingTransformer.transform(AgentBuilder.java:12328)
	at net.bytebuddy.agent.builder.AgentBuilder$Default$ExecutingTransformer$ByteBuddy$ModuleSupport.transform(Unknown Source)
	at java.instrument/sun.instrument.TransformerManager.transform(TransformerManager.java:188)
	at java.instrument/sun.instrument.InstrumentationImpl.transform(InstrumentationImpl.java:610)
	at java.base/java.lang.ClassLoader.defineClass1(Native Method)
	at java.base/java.lang.ClassLoader.defineClass(ClassLoader.java:1027)
	at java.base/java.security.SecureClassLoader.defineClass(SecureClassLoader.java:150)
	at java.base/jdk.internal.loader.BuiltinClassLoader.defineClass(BuiltinClassLoader.java:862)
	at java.base/jdk.internal.loader.BuiltinClassLoader.findClassOnClassPathOrNull(BuiltinClassLoader.java:760)
	at java.base/jdk.internal.loader.BuiltinClassLoader.loadClassOrNull(BuiltinClassLoader.java:681)
	at java.base/jdk.internal.loader.BuiltinClassLoader.loadClass(BuiltinClassLoader.java:639)
	at java.base/jdk.internal.loader.ClassLoaders$AppClassLoader.loadClass(ClassLoaders.java:188)
	at java.base/java.lang.ClassLoader.loadClass(ClassLoader.java:526)
	at io.netty.util.internal.logging.Log4J2LoggerFactory.newInstance(Log4J2LoggerFactory.java:33)
	at io.netty.util.internal.logging.InternalLoggerFactory.useLog4J2LoggerFactory(InternalLoggerFactory.java:76)
	at io.netty.util.internal.logging.InternalLoggerFactory.newDefaultFactory(InternalLoggerFactory.java:47)
	at io.netty.util.internal.logging.InternalLoggerFactory.getDefaultFactory(InternalLoggerFactory.java:111)
	at io.netty.util.internal.logging.InternalLoggerFactory.getInstance(InternalLoggerFactory.java:134)
	at io.netty.util.internal.logging.InternalLoggerFactory.getInstance(InternalLoggerFactory.java:127)
	at io.netty.util.ResourceLeakDetector.<clinit>(ResourceLeakDetector.java:101)
	at io.netty.buffer.AbstractByteBufAllocator.<clinit>(AbstractByteBufAllocator.java:37)
	at io.netty.buffer.Unpooled.<clinit>(Unpooled.java:75)
	at com.example.bytebuf.tracker.integration.testapp.BasicFlowApp.allocate$original$UhqDx0dh(BasicFlowApp.java:51)
	at com.example.bytebuf.tracker.integration.testapp.BasicFlowApp.allocate(BasicFlowApp.java)
	at com.example.bytebuf.tracker.integration.testapp.BasicFlowApp.run(BasicFlowApp.java:39)
	at com.example.bytebuf.tracker.integration.testapp.BasicFlowApp.main(BasicFlowApp.java:19)
[Byte Buddy] TRANSFORM io.netty.buffer.UnpooledSlicedByteBuf [jdk.internal.loader.ClassLoaders$AppClassLoader@5a07e868, unnamed module @15d0c81b, Thread[#1,main,5,main], loaded=false]
[Byte Buddy] TRANSFORM io.netty.buffer.UnpooledDuplicatedByteBuf [jdk.internal.loader.ClassLoaders$AppClassLoader@5a07e868, unnamed module @15d0c81b, Thread[#1,main,5,main], loaded=false]
[Byte Buddy] TRANSFORM io.netty.buffer.DuplicatedByteBuf [jdk.internal.loader.ClassLoaders$AppClassLoader@5a07e868, unnamed module @15d0c81b, Thread[#1,main,5,main], loaded=false]
[Byte Buddy] TRANSFORM io.netty.buffer.SwappedByteBuf [jdk.internal.loader.ClassLoaders$AppClassLoader@5a07e868, unnamed module @15d0c81b, Thread[#1,main,5,main], loaded=false]
[Byte Buddy] TRANSFORM io.netty.buffer.UnsafeHeapSwappedByteBuf [jdk.internal.loader.ClassLoaders$AppClassLoader@5a07e868, unnamed module @15d0c81b, Thread[#1,main,5,main], loaded=false]
[ObjectTrackerRegistry] Using default ByteBuf handler
Step 1: Processing 13 bytes
Step 2: Read 13 bytes
Step 3: Final processing
Cleanup: Releasing buffer

=== Flow Summary ===
=== ByteBuf Flow Summary ===
Total Root Methods: 3
Total Traversals: 5
Unique Paths: 3
Leak Paths: 2
Leak Percentage: 66.67%


=== Flow Tree ===
ROOT: InstrumentedUnpooledUnsafeHeapByteBuf.release [count=2]
ROOT: BasicFlowApp.allocate_return [count=2]
??? BasicFlowApp.processStep1 [ref=1, count=1]
    ??? BasicFlowApp.processStep1_exit [ref=1, count=1]
        ??? BasicFlowApp.processStep1_return [ref=1, count=1]
            ??? BasicFlowApp.processStep2 [ref=1, count=1]
                ??? BasicFlowApp.processStep2_exit [ref=1, count=1]
                    ??? BasicFlowApp.processStep2_return [ref=1, count=1]
                        ??? BasicFlowApp.processStep3 [ref=1, count=1]
                            ??? BasicFlowApp.processStep3_exit [ref=1, count=1]
                                ??? BasicFlowApp.processStep3_return [ref=1, count=1]
                                    ??? BasicFlowApp.cleanup [ref=1, count=1]
                                        ??? InstrumentedUnpooledUnsafeHeapByteBuf.release [ref=0, count=0]
ROOT: BasicFlowApp.cleanup_exit [count=1]


=== Flat Paths ===
[count=1] [LEAK:ref=1] BasicFlowApp.cleanup_exit
[count=2] [LEAK:ref=1] InstrumentedUnpooledUnsafeHeapByteBuf.release
[count=0] BasicFlowApp.allocate_return -> BasicFlowApp.processStep1[1] -> BasicFlowApp.processStep1_exit[1] -> BasicFlowApp.processStep1_return[1] -> BasicFlowApp.processStep2[1] -> BasicFlowApp.processStep2_exit[1] -> BasicFlowApp.processStep2_return[1] -> BasicFlowApp.processStep3[1] -> BasicFlowApp.processStep3_exit[1] -> BasicFlowApp.processStep3_return[1] -> BasicFlowApp.cleanup[1] -> InstrumentedUnpooledUnsafeHeapByteBuf.release[0]


=== BasicFlowApp Complete ===

=== ByteBuf Flow Final Report ===
ByteBuf Flow Analysis Report
Generated: Sat Nov 08 01:39:08 UTC 2025
================================================================================

=== ByteBuf Flow Summary ===
Total Root Methods: 3
Total Traversals: 5
Unique Paths: 3
Leak Paths: 2
Leak Percentage: 66.67%

=== Flow Tree ===
ROOT: InstrumentedUnpooledUnsafeHeapByteBuf.release [count=2]
ROOT: BasicFlowApp.allocate_return [count=2]
??? BasicFlowApp.processStep1 [ref=1, count=1]
    ??? BasicFlowApp.processStep1_exit [ref=1, count=1]
        ??? BasicFlowApp.processStep1_return [ref=1, count=1]
            ??? BasicFlowApp.processStep2 [ref=1, count=1]
                ??? BasicFlowApp.processStep2_exit [ref=1, count=1]
                    ??? BasicFlowApp.processStep2_return [ref=1, count=1]
                        ??? BasicFlowApp.processStep3 [ref=1, count=1]
                            ??? BasicFlowApp.processStep3_exit [ref=1, count=1]
                                ??? BasicFlowApp.processStep3_return [ref=1, count=1]
                                    ??? BasicFlowApp.cleanup [ref=1, count=1]
                                        ??? InstrumentedUnpooledUnsafeHeapByteBuf.release [ref=0, count=0]
ROOT: BasicFlowApp.cleanup_exit [count=1]

=== Potential Leaks ===
[count=1] [LEAK:ref=1] BasicFlowApp.cleanup_exit
[count=2] [LEAK:ref=1] InstrumentedUnpooledUnsafeHeapByteBuf.release



	at java.base/jdk.internal.reflect.DirectConstructorHandleAccessor.newInstance(DirectConstructorHandleAccessor.java:62)
	at java.base/java.lang.reflect.Constructor.newInstanceWithCaller(Constructor.java:502)
	at com.example.bytebuf.tracker.integration.BasicInstrumentationIT.testAgentLoads(BasicInstrumentationIT.java:55)
	at java.base/java.lang.reflect.Method.invoke(Method.java:580)
	at java.base/java.util.ArrayList.forEach(ArrayList.java:1596)
	at java.base/java.util.ArrayList.forEach(ArrayList.java:1596)
]]></failure>
    <system-out><![CDATA[Launching: /usr/lib/jvm/java-21-openjdk-amd64/bin/java -javaagent:/home/user/bytebuddy-bytebuf-tracer/bytebuf-flow-tracker/target/bytebuf-flow-tracker-1.0.0-SNAPSHOT-agent.jar=include=com.example.bytebuf.tracker.integration.testapp -cp /home/user/bytebuddy-bytebuf-tracer/bytebuf-flow-integration-tests/target/classes:/home/user/bytebuddy-bytebuf-tracer/bytebuf-flow-integration-tests/target/test-classes:/home/user/bytebuddy-bytebuf-tracer/bytebuf-flow-integration-tests/target/bytebuf-flow-integration-tests-1.0.0-SNAPSHOT.jar:/root/.m2/repository/com/example/bytebuf/bytebuf-flow-tracker/1.0.0-SNAPSHOT/bytebuf-flow-tracker-1.0.0-SNAPSHOT.jar:/root/.m2/repository/io/netty/netty-buffer/4.1.100.Final/netty-buffer-4.1.100.Final.jar:/root/.m2/repository/io/netty/netty-common/4.1.100.Final/netty-common-4.1.100.Final.jar:/root/.m2/repository/org/junit/jupiter/junit-jupiter-api/5.10.0/junit-jupiter-api-5.10.0.jar:/root/.m2/repository/org/opentest4j/opentest4j/1.3.0/opentest4j-1.3.0.jar:/root/.m2/repository/org/junit/platform/junit-platform-commons/1.10.0/junit-platform-commons-1.10.0.jar:/root/.m2/repository/org/apiguardian/apiguardian-api/1.1.2/apiguardian-api-1.1.2.jar:/root/.m2/repository/org/junit/jupiter/junit-jupiter-engine/5.10.0/junit-jupiter-engine-5.10.0.jar:/root/.m2/repository/org/junit/platform/junit-platform-engine/1.10.0/junit-platform-engine-1.10.0.jar:/root/.m2/repository/org/assertj/assertj-core/3.24.2/assertj-core-3.24.2.jar:/root/.m2/repository/net/bytebuddy/byte-buddy/1.14.9/byte-buddy-1.14.9.jar: com.example.bytebuf.tracker.integration.testapp.BasicFlowApp
[APP] [ByteBufFlowAgent] Starting with config: AgentConfig{include=[com.example.bytebuf.tracker.integration.testapp], exclude=[], trackConstructors=[]}
[APP] [ByteBufFlowAgent] Failed to register JMX MBean: javax.management.NotCompliantMBeanException: MBean class com.example.bytebuf.tracker.agent.ByteBufFlowMBean does not implement DynamicMBean, and neither follows the Standard MBean conventions (javax.management.NotCompliantMBeanException: Class com.example.bytebuf.tracker.agent.ByteBufFlowMBean is not a JMX compliant Standard MBean) nor the MXBean conventions (javax.management.NotCompliantMBeanException: com.example.bytebuf.tracker.agent.ByteBufFlowMBean: Class com.example.bytebuf.tracker.agent.ByteBufFlowMBean is not a JMX compliant MXBean)
[APP] [ByteBufFlowAgent] ByteBuf lifecycle tracking enabled (release/retain)
[APP] [ByteBufFlowAgent] Instrumentation installed successfully
[APP] [Byte Buddy] TRANSFORM com.example.bytebuf.tracker.integration.testapp.BasicFlowApp [jdk.internal.loader.ClassLoaders$AppClassLoader@5a07e868, unnamed module @15d0c81b, Thread[#1,main,5,main], loaded=false]
[APP] === BasicFlowApp Starting ===
[APP] [Byte Buddy] TRANSFORM io.netty.buffer.ReadOnlyByteBuf [jdk.internal.loader.ClassLoaders$AppClassLoader@5a07e868, unnamed module @15d0c81b, Thread[#1,main,5,main], loaded=false]
[APP] [Byte Buddy] TRANSFORM io.netty.buffer.UnreleasableByteBuf [jdk.internal.loader.ClassLoaders$AppClassLoader@5a07e868, unnamed module @15d0c81b, Thread[#1,main,5,main], loaded=false]
[APP] [Byte Buddy] TRANSFORM io.netty.buffer.WrappedByteBuf [jdk.internal.loader.ClassLoaders$AppClassLoader@5a07e868, unnamed module @15d0c81b, Thread[#1,main,5,main], loaded=false]
[APP] [Byte Buddy] TRANSFORM io.netty.buffer.FixedCompositeByteBuf [jdk.internal.loader.ClassLoaders$AppClassLoader@5a07e868, unnamed module @15d0c81b, Thread[#1,main,5,main], loaded=false]
[APP] [Byte Buddy] TRANSFORM io.netty.buffer.CompositeByteBuf [jdk.internal.loader.ClassLoaders$AppClassLoader@5a07e868, unnamed module @15d0c81b, Thread[#1,main,5,main], loaded=false]
[APP] [Byte Buddy] TRANSFORM io.netty.buffer.UnpooledHeapByteBuf [jdk.internal.loader.ClassLoaders$AppClassLoader@5a07e868, unnamed module @15d0c81b, Thread[#1,main,5,main], loaded=false]
[APP] [Byte Buddy] TRANSFORM io.netty.buffer.ReadOnlyUnsafeDirectByteBuf [jdk.internal.loader.ClassLoaders$AppClassLoader@5a07e868, unnamed module @15d0c81b, Thread[#1,main,5,main], loaded=false]
[APP] [Byte Buddy] TRANSFORM io.netty.buffer.ReadOnlyByteBufferBuf [jdk.internal.loader.ClassLoaders$AppClassLoader@5a07e868, unnamed module @15d0c81b, Thread[#1,main,5,main], loaded=false]
[APP] [Byte Buddy] TRANSFORM io.netty.buffer.UnpooledUnsafeDirectByteBuf [jdk.internal.loader.ClassLoaders$AppClassLoader@5a07e868, unnamed module @15d0c81b, Thread[#1,main,5,main], loaded=false]
[APP] [Byte Buddy] TRANSFORM io.netty.buffer.UnpooledDirectByteBuf [jdk.internal.loader.ClassLoaders$AppClassLoader@5a07e868, unnamed module @15d0c81b, Thread[#1,main,5,main], loaded=false]
[APP] [Byte Buddy] TRANSFORM io.netty.buffer.WrappedUnpooledUnsafeDirectByteBuf [jdk.internal.loader.ClassLoaders$AppClassLoader@5a07e868, unnamed module @15d0c81b, Thread[#1,main,5,main], loaded=false]
[APP] [Byte Buddy] TRANSFORM io.netty.buffer.EmptyByteBuf [jdk.internal.loader.ClassLoaders$AppClassLoader@5a07e868, unnamed module @15d0c81b, Thread[#1,main,5,main], loaded=false]
[APP] [Byte Buddy] TRANSFORM io.netty.buffer.SimpleLeakAwareCompositeByteBuf [jdk.internal.loader.ClassLoaders$AppClassLoader@5a07e868, unnamed module @15d0c81b, Thread[#1,main,5,main], loaded=false]
[APP] [Byte Buddy] TRANSFORM io.netty.buffer.WrappedCompositeByteBuf [jdk.internal.loader.ClassLoaders$AppClassLoader@5a07e868, unnamed module @15d0c81b, Thread[#1,main,5,main], loaded=false]
[APP] [Byte Buddy] TRANSFORM io.netty.buffer.AdvancedLeakAwareCompositeByteBuf [jdk.internal.loader.ClassLoaders$AppClassLoader@5a07e868, unnamed module @15d0c81b, Thread[#1,main,5,main], loaded=false]
[APP] [Byte Buddy] TRANSFORM io.netty.buffer.SimpleLeakAwareByteBuf [jdk.internal.loader.ClassLoaders$AppClassLoader@5a07e868, unnamed module @15d0c81b, Thread[#1,main,5,main], loaded=false]
[APP] [Byte Buddy] TRANSFORM io.netty.buffer.AdvancedLeakAwareByteBuf [jdk.internal.loader.ClassLoaders$AppClassLoader@5a07e868, unnamed module @15d0c81b, Thread[#1,main,5,main], loaded=false]
[APP] [Byte Buddy] TRANSFORM io.netty.buffer.UnpooledByteBufAllocator$InstrumentedUnpooledUnsafeHeapByteBuf [jdk.internal.loader.ClassLoaders$AppClassLoader@5a07e868, unnamed module @15d0c81b, Thread[#1,main,5,main], loaded=false]
[APP] [Byte Buddy] TRANSFORM io.netty.buffer.UnpooledUnsafeHeapByteBuf [jdk.internal.loader.ClassLoaders$AppClassLoader@5a07e868, unnamed module @15d0c81b, Thread[#1,main,5,main], loaded=false]
[APP] [Byte Buddy] TRANSFORM io.netty.buffer.UnpooledByteBufAllocator$InstrumentedUnpooledHeapByteBuf [jdk.internal.loader.ClassLoaders$AppClassLoader@5a07e868, unnamed module @15d0c81b, Thread[#1,main,5,main], loaded=false]
[APP] [Byte Buddy] TRANSFORM io.netty.buffer.UnpooledByteBufAllocator$InstrumentedUnpooledUnsafeNoCleanerDirectByteBuf [jdk.internal.loader.ClassLoaders$AppClassLoader@5a07e868, unnamed module @15d0c81b, Thread[#1,main,5,main], loaded=false]
[APP] [Byte Buddy] TRANSFORM io.netty.buffer.UnpooledUnsafeNoCleanerDirectByteBuf [jdk.internal.loader.ClassLoaders$AppClassLoader@5a07e868, unnamed module @15d0c81b, Thread[#1,main,5,main], loaded=false]
[APP] [Byte Buddy] TRANSFORM io.netty.buffer.UnpooledByteBufAllocator$InstrumentedUnpooledUnsafeDirectByteBuf [jdk.internal.loader.ClassLoaders$AppClassLoader@5a07e868, unnamed module @15d0c81b, Thread[#1,main,5,main], loaded=false]
[APP] [Byte Buddy] TRANSFORM io.netty.buffer.UnpooledByteBufAllocator$InstrumentedUnpooledDirectByteBuf [jdk.internal.loader.ClassLoaders$AppClassLoader@5a07e868, unnamed module @15d0c81b, Thread[#1,main,5,main], loaded=false]
[APP] [Byte Buddy] ERROR io.netty.util.internal.logging.Log4J2Logger [jdk.internal.loader.ClassLoaders$AppClassLoader@5a07e868, unnamed module @15d0c81b, Thread[#1,main,5,main], loaded=false]
[APP] net.bytebuddy.pool.TypePool$Resolution$NoSuchTypeException: Cannot resolve type description for org.apache.logging.log4j.spi.ExtendedLoggerWrapper
[APP] 	at net.bytebuddy.pool.TypePool$Resolution$Illegal.resolve(TypePool.java:190)
[APP] 	at net.bytebuddy.pool.TypePool$Default$WithLazyResolution$LazyTypeDescription.delegate(TypePool.java:1111)
[APP] 	at net.bytebuddy.description.type.TypeDescription$AbstractBase$OfSimpleType$WithDelegation.getSuperClass(TypeDescription.java:8440)
[APP] 	at net.bytebuddy.description.type.TypeDescription$AbstractBase.isAssignable(TypeDescription.java:7771)
[APP] 	at net.bytebuddy.description.type.TypeDescription$AbstractBase.isAssignableFrom(TypeDescription.java:7798)
[APP] 	at net.bytebuddy.description.type.TypeDescription$ForLoadedType.isAssignableFrom(TypeDescription.java:8759)
[APP] 	at net.bytebuddy.description.type.TypeDescription$AbstractBase.isAssignable(TypeDescription.java:7772)
[APP] 	at net.bytebuddy.description.type.TypeDescription$AbstractBase.isAssignableTo(TypeDescription.java:7812)
[APP] 	at net.bytebuddy.matcher.SubTypeMatcher.doMatch(SubTypeMatcher.java:47)
[APP] 	at net.bytebuddy.matcher.SubTypeMatcher.doMatch(SubTypeMatcher.java:26)
[APP] 	at net.bytebuddy.matcher.ElementMatcher$Junction$ForNonNullValues.matches(ElementMatcher.java:249)
[APP] 	at net.bytebuddy.matcher.ElementMatcher$Junction$Conjunction.matches(ElementMatcher.java:146)
[APP] 	at net.bytebuddy.agent.builder.AgentBuilder$RawMatcher$ForElementMatchers.matches(AgentBuilder.java:1971)
[APP] 	at net.bytebuddy.agent.builder.AgentBuilder$Default$ExecutingTransformer.doTransform(AgentBuilder.java:12427)
[APP] 	at net.bytebuddy.agent.builder.AgentBuilder$Default$ExecutingTransformer.transform(AgentBuilder.java:12385)
[APP] 	at net.bytebuddy.agent.builder.AgentBuilder$Default$ExecutingTransformer.access$1800(AgentBuilder.java:12094)
[APP] 	at net.bytebuddy.agent.builder.AgentBuilder$Default$ExecutingTransformer$Java9CapableVmDispatcher.run(AgentBuilder.java:12872)
[APP] 	at net.bytebuddy.agent.builder.AgentBuilder$Default$ExecutingTransformer$Java9CapableVmDispatcher.run(AgentBuilder.java:12804)
[APP] 	at java.base/java.security.AccessController.doPrivileged(AccessController.java:400)
[APP] 	at net.bytebuddy.agent.builder.AgentBuilder$Default$ExecutingTransformer.doPrivileged(AgentBuilder.java)
[APP] 	at net.bytebuddy.agent.builder.AgentBuilder$Default$ExecutingTransformer.transform(AgentBuilder.java:12328)
[APP] 	at net.bytebuddy.agent.builder.AgentBuilder$Default$ExecutingTransformer$ByteBuddy$ModuleSupport.transform(Unknown Source)
[APP] 	at java.instrument/sun.instrument.TransformerManager.transform(TransformerManager.java:188)
[APP] 	at java.instrument/sun.instrument.InstrumentationImpl.transform(InstrumentationImpl.java:610)
[APP] 	at java.base/java.lang.ClassLoader.defineClass1(Native Method)
[APP] 	at java.base/java.lang.ClassLoader.defineClass(ClassLoader.java:1027)
[APP] 	at java.base/java.security.SecureClassLoader.defineClass(SecureClassLoader.java:150)
[APP] 	at java.base/jdk.internal.loader.BuiltinClassLoader.defineClass(BuiltinClassLoader.java:862)
[APP] 	at java.base/jdk.internal.loader.BuiltinClassLoader.findClassOnClassPathOrNull(BuiltinClassLoader.java:760)
[APP] 	at java.base/jdk.internal.loader.BuiltinClassLoader.loadClassOrNull(BuiltinClassLoader.java:681)
[APP] 	at java.base/jdk.internal.loader.BuiltinClassLoader.loadClass(BuiltinClassLoader.java:639)
[APP] 	at java.base/jdk.internal.loader.ClassLoaders$AppClassLoader.loadClass(ClassLoaders.java:188)
[APP] 	at java.base/java.lang.ClassLoader.loadClass(ClassLoader.java:526)
[APP] 	at io.netty.util.internal.logging.Log4J2LoggerFactory.newInstance(Log4J2LoggerFactory.java:33)
[APP] 	at io.netty.util.internal.logging.InternalLoggerFactory.useLog4J2LoggerFactory(InternalLoggerFactory.java:76)
[APP] 	at io.netty.util.internal.logging.InternalLoggerFactory.newDefaultFactory(InternalLoggerFactory.java:47)
[APP] 	at io.netty.util.internal.logging.InternalLoggerFactory.getDefaultFactory(InternalLoggerFactory.java:111)
[APP] 	at io.netty.util.internal.logging.InternalLoggerFactory.getInstance(InternalLoggerFactory.java:134)
[APP] 	at io.netty.util.internal.logging.InternalLoggerFactory.getInstance(InternalLoggerFactory.java:127)
[APP] 	at io.netty.util.ResourceLeakDetector.<clinit>(ResourceLeakDetector.java:101)
[APP] 	at io.netty.buffer.AbstractByteBufAllocator.<clinit>(AbstractByteBufAllocator.java:37)
[APP] 	at io.netty.buffer.Unpooled.<clinit>(Unpooled.java:75)
[APP] 	at com.example.bytebuf.tracker.integration.testapp.BasicFlowApp.allocate$original$UhqDx0dh(BasicFlowApp.java:51)
[APP] 	at com.example.bytebuf.tracker.integration.testapp.BasicFlowApp.allocate(BasicFlowApp.java)
[APP] 	at com.example.bytebuf.tracker.integration.testapp.BasicFlowApp.run(BasicFlowApp.java:39)
[APP] 	at com.example.bytebuf.tracker.integration.testapp.BasicFlowApp.main(BasicFlowApp.java:19)
[APP] [Byte Buddy] TRANSFORM io.netty.buffer.UnpooledSlicedByteBuf [jdk.internal.loader.ClassLoaders$AppClassLoader@5a07e868, unnamed module @15d0c81b, Thread[#1,main,5,main], loaded=false]
[APP] [Byte Buddy] TRANSFORM io.netty.buffer.UnpooledDuplicatedByteBuf [jdk.internal.loader.ClassLoaders$AppClassLoader@5a07e868, unnamed module @15d0c81b, Thread[#1,main,5,main], loaded=false]
[APP] [Byte Buddy] TRANSFORM io.netty.buffer.DuplicatedByteBuf [jdk.internal.loader.ClassLoaders$AppClassLoader@5a07e868, unnamed module @15d0c81b, Thread[#1,main,5,main], loaded=false]
[APP] [Byte Buddy] TRANSFORM io.netty.buffer.SwappedByteBuf [jdk.internal.loader.ClassLoaders$AppClassLoader@5a07e868, unnamed module @15d0c81b, Thread[#1,main,5,main], loaded=false]
[APP] [Byte Buddy] TRANSFORM io.netty.buffer.UnsafeHeapSwappedByteBuf [jdk.internal.loader.ClassLoaders$AppClassLoader@5a07e868, unnamed module @15d0c81b, Thread[#1,main,5,main], loaded=false]
[APP] [ObjectTrackerRegistry] Using default ByteBuf handler
[APP] Step 1: Processing 13 bytes
[APP] Step 2: Read 13 bytes
[APP] Step 3: Final processing
[APP] Cleanup: Releasing buffer
[APP] 
[APP] === Flow Summary ===
[APP] === ByteBuf Flow Summary ===
[APP] Total Root Methods: 3
[APP] Total Traversals: 5
[APP] Unique Paths: 3
[APP] Leak Paths: 2
[APP] Leak Percentage: 66.67%
[APP] 
[APP] 
[APP] === Flow Tree ===
[APP] ROOT: InstrumentedUnpooledUnsafeHeapByteBuf.release [count=2]
[APP] ROOT: BasicFlowApp.allocate_return [count=2]
[APP] ??? BasicFlowApp.processStep1 [ref=1, count=1]
[APP]     ??? BasicFlowApp.processStep1_exit [ref=1, count=1]
[APP]         ??? BasicFlowApp.processStep1_return [ref=1, count=1]
[APP]             ??? BasicFlowApp.processStep2 [ref=1, count=1]
[APP]                 ??? BasicFlowApp.processStep2_exit [ref=1, count=1]
[APP]                     ??? BasicFlowApp.processStep2_return [ref=1, count=1]
[APP]                         ??? BasicFlowApp.processStep3 [ref=1, count=1]
[APP]                             ??? BasicFlowApp.processStep3_exit [ref=1, count=1]
[APP]                                 ??? BasicFlowApp.processStep3_return [ref=1, count=1]
[APP]                                     ??? BasicFlowApp.cleanup [ref=1, count=1]
[APP]                                         ??? InstrumentedUnpooledUnsafeHeapByteBuf.release [ref=0, count=0]
[APP] ROOT: BasicFlowApp.cleanup_exit [count=1]
[APP] 
[APP] 
[APP] === Flat Paths ===
[APP] [count=1] [LEAK:ref=1] BasicFlowApp.cleanup_exit
[APP] [count=2] [LEAK:ref=1] InstrumentedUnpooledUnsafeHeapByteBuf.release
[APP] [count=0] BasicFlowApp.allocate_return -> BasicFlowApp.processStep1[1] -> BasicFlowApp.processStep1_exit[1] -> BasicFlowApp.processStep1_return[1] -> BasicFlowApp.processStep2[1] -> BasicFlowApp.processStep2_exit[1] -> BasicFlowApp.processStep2_return[1] -> BasicFlowApp.processStep3[1] -> BasicFlowApp.processStep3_exit[1] -> BasicFlowApp.processStep3_return[1] -> BasicFlowApp.cleanup[1] -> InstrumentedUnpooledUnsafeHeapByteBuf.release[0]
[APP] 
[APP] 
[APP] === BasicFlowApp Complete ===
[APP] 
[APP] === ByteBuf Flow Final Report ===
[APP] ByteBuf Flow Analysis Report
[APP] Generated: Sat Nov 08 01:39:08 UTC 2025
[APP] ================================================================================
[APP] 
[APP] === ByteBuf Flow Summary ===
[APP] Total Root Methods: 3
[APP] Total Traversals: 5
[APP] Unique Paths: 3
[APP] Leak Paths: 2
[APP] Leak Percentage: 66.67%
[APP] 
[APP] === Flow Tree ===
[APP] ROOT: InstrumentedUnpooledUnsafeHeapByteBuf.release [count=2]
[APP] ROOT: BasicFlowApp.allocate_return [count=2]
[APP] ??? BasicFlowApp.processStep1 [ref=1, count=1]
[APP]     ??? BasicFlowApp.processStep1_exit [ref=1, count=1]
[APP]         ??? BasicFlowApp.processStep1_return [ref=1, count=1]
[APP]             ??? BasicFlowApp.processStep2 [ref=1, count=1]
[APP]                 ??? BasicFlowApp.processStep2_exit [ref=1, count=1]
[APP]                     ??? BasicFlowApp.processStep2_return [ref=1, count=1]
[APP]                         ??? BasicFlowApp.processStep3 [ref=1, count=1]
[APP]                             ??? BasicFlowApp.processStep3_exit [ref=1, count=1]
[APP]                                 ??? BasicFlowApp.processStep3_return [ref=1, count=1]
[APP]                                     ??? BasicFlowApp.cleanup [ref=1, count=1]
[APP]                                         ??? InstrumentedUnpooledUnsafeHeapByteBuf.release [ref=0, count=0]
[APP] ROOT: BasicFlowApp.cleanup_exit [count=1]
[APP] 
[APP] === Potential Leaks ===
[APP] [count=1] [LEAK:ref=1] BasicFlowApp.cleanup_exit
[APP] [count=2] [LEAK:ref=1] InstrumentedUnpooledUnsafeHeapByteBuf.release
[APP] 
[APP] 
]]></system-out>
  </testcase>
  <testcase name="testMethodsAreTracked" classname="com.example.bytebuf.tracker.integration.BasicInstrumentationIT" time="2.333">
    <system-out><![CDATA[Launching: /usr/lib/jvm/java-21-openjdk-amd64/bin/java -javaagent:/home/user/bytebuddy-bytebuf-tracer/bytebuf-flow-tracker/target/bytebuf-flow-tracker-1.0.0-SNAPSHOT-agent.jar=include=com.example.bytebuf.tracker.integration.testapp -cp /home/user/bytebuddy-bytebuf-tracer/bytebuf-flow-integration-tests/target/classes:/home/user/bytebuddy-bytebuf-tracer/bytebuf-flow-integration-tests/target/test-classes:/home/user/bytebuddy-bytebuf-tracer/bytebuf-flow-integration-tests/target/bytebuf-flow-integration-tests-1.0.0-SNAPSHOT.jar:/root/.m2/repository/com/example/bytebuf/bytebuf-flow-tracker/1.0.0-SNAPSHOT/bytebuf-flow-tracker-1.0.0-SNAPSHOT.jar:/root/.m2/repository/io/netty/netty-buffer/4.1.100.Final/netty-buffer-4.1.100.Final.jar:/root/.m2/repository/io/netty/netty-common/4.1.100.Final/netty-common-4.1.100.Final.jar:/root/.m2/repository/org/junit/jupiter/junit-jupiter-api/5.10.0/junit-jupiter-api-5.10.0.jar:/root/.m2/repository/org/opentest4j/opentest4j/1.3.0/opentest4j-1.3.0.jar:/root/.m2/repository/org/junit/platform/junit-platform-commons/1.10.0/junit-platform-commons-1.10.0.jar:/root/.m2/repository/org/apiguardian/apiguardian-api/1.1.2/apiguardian-api-1.1.2.jar:/root/.m2/repository/org/junit/jupiter/junit-jupiter-engine/5.10.0/junit-jupiter-engine-5.10.0.jar:/root/.m2/repository/org/junit/platform/junit-platform-engine/1.10.0/junit-platform-engine-1.10.0.jar:/root/.m2/repository/org/assertj/assertj-core/3.24.2/assertj-core-3.24.2.jar:/root/.m2/repository/net/bytebuddy/byte-buddy/1.14.9/byte-buddy-1.14.9.jar: com.example.bytebuf.tracker.integration.testapp.BasicFlowApp
[APP] [ByteBufFlowAgent] Starting with config: AgentConfig{include=[com.example.bytebuf.tracker.integration.testapp], exclude=[], trackConstructors=[]}
[APP] [ByteBufFlowAgent] Failed to register JMX MBean: javax.management.NotCompliantMBeanException: MBean class com.example.bytebuf.tracker.agent.ByteBufFlowMBean does not implement DynamicMBean, and neither follows the Standard MBean conventions (javax.management.NotCompliantMBeanException: Class com.example.bytebuf.tracker.agent.ByteBufFlowMBean is not a JMX compliant Standard MBean) nor the MXBean conventions (javax.management.NotCompliantMBeanException: com.example.bytebuf.tracker.agent.ByteBufFlowMBean: Class com.example.bytebuf.tracker.agent.ByteBufFlowMBean is not a JMX compliant MXBean)
[APP] [ByteBufFlowAgent] ByteBuf lifecycle tracking enabled (release/retain)
[APP] [ByteBufFlowAgent] Instrumentation installed successfully
[APP] [Byte Buddy] TRANSFORM com.example.bytebuf.tracker.integration.testapp.BasicFlowApp [jdk.internal.loader.ClassLoaders$AppClassLoader@5a07e868, unnamed module @15d0c81b, Thread[#1,main,5,main], loaded=false]
[APP] === BasicFlowApp Starting ===
[APP] [Byte Buddy] TRANSFORM io.netty.buffer.ReadOnlyByteBuf [jdk.internal.loader.ClassLoaders$AppClassLoader@5a07e868, unnamed module @15d0c81b, Thread[#1,main,5,main], loaded=false]
[APP] [Byte Buddy] TRANSFORM io.netty.buffer.UnreleasableByteBuf [jdk.internal.loader.ClassLoaders$AppClassLoader@5a07e868, unnamed module @15d0c81b, Thread[#1,main,5,main], loaded=false]
[APP] [Byte Buddy] TRANSFORM io.netty.buffer.WrappedByteBuf [jdk.internal.loader.ClassLoaders$AppClassLoader@5a07e868, unnamed module @15d0c81b, Thread[#1,main,5,main], loaded=false]
[APP] [Byte Buddy] TRANSFORM io.netty.buffer.FixedCompositeByteBuf [jdk.internal.loader.ClassLoaders$AppClassLoader@5a07e868, unnamed module @15d0c81b, Thread[#1,main,5,main], loaded=false]
[APP] [Byte Buddy] TRANSFORM io.netty.buffer.CompositeByteBuf [jdk.internal.loader.ClassLoaders$AppClassLoader@5a07e868, unnamed module @15d0c81b, Thread[#1,main,5,main], loaded=false]
[APP] [Byte Buddy] TRANSFORM io.netty.buffer.WrappedUnpooledUnsafeDirectByteBuf [jdk.internal.loader.ClassLoaders$AppClassLoader@5a07e868, unnamed module @15d0c81b, Thread[#1,main,5,main], loaded=false]
[APP] [Byte Buddy] TRANSFORM io.netty.buffer.UnpooledUnsafeDirectByteBuf [jdk.internal.loader.ClassLoaders$AppClassLoader@5a07e868, unnamed module @15d0c81b, Thread[#1,main,5,main], loaded=false]
[APP] [Byte Buddy] TRANSFORM io.netty.buffer.UnpooledDirectByteBuf [jdk.internal.loader.ClassLoaders$AppClassLoader@5a07e868, unnamed module @15d0c81b, Thread[#1,main,5,main], loaded=false]
[APP] [Byte Buddy] TRANSFORM io.netty.buffer.ReadOnlyUnsafeDirectByteBuf [jdk.internal.loader.ClassLoaders$AppClassLoader@5a07e868, unnamed module @15d0c81b, Thread[#1,main,5,main], loaded=false]
[APP] [Byte Buddy] TRANSFORM io.netty.buffer.ReadOnlyByteBufferBuf [jdk.internal.loader.ClassLoaders$AppClassLoader@5a07e868, unnamed module @15d0c81b, Thread[#1,main,5,main], loaded=false]
[APP] [Byte Buddy] TRANSFORM io.netty.buffer.UnpooledHeapByteBuf [jdk.internal.loader.ClassLoaders$AppClassLoader@5a07e868, unnamed module @15d0c81b, Thread[#1,main,5,main], loaded=false]
[APP] [Byte Buddy] TRANSFORM io.netty.buffer.EmptyByteBuf [jdk.internal.loader.ClassLoaders$AppClassLoader@5a07e868, unnamed module @15d0c81b, Thread[#1,main,5,main], loaded=false]
[APP] [Byte Buddy] TRANSFORM io.netty.buffer.SimpleLeakAwareCompositeByteBuf [jdk.internal.loader.ClassLoaders$AppClassLoader@5a07e868, unnamed module @15d0c81b, Thread[#1,main,5,main], loaded=false]
[APP] [Byte Buddy] TRANSFORM io.netty.buffer.WrappedCompositeByteBuf [jdk.internal.loader.ClassLoaders$AppClassLoader@5a07e868, unnamed module @15d0c81b, Thread[#1,main,5,main], loaded=false]
[APP] [Byte Buddy] TRANSFORM io.netty.buffer.AdvancedLeakAwareCompositeByteBuf [jdk.internal.loader.ClassLoaders$AppClassLoader@5a07e868, unnamed module @15d0c81b, Thread[#1,main,5,main], loaded=false]
[APP] [Byte Buddy] TRANSFORM io.netty.buffer.SimpleLeakAwareByteBuf [jdk.internal.loader.ClassLoaders$AppClassLoader@5a07e868, unnamed module @15d0c81b, Thread[#1,main,5,main], loaded=false]
[APP] [Byte Buddy] TRANSFORM io.netty.buffer.AdvancedLeakAwareByteBuf [jdk.internal.loader.ClassLoaders$AppClassLoader@5a07e868, unnamed module @15d0c81b, Thread[#1,main,5,main], loaded=false]
[APP] [Byte Buddy] TRANSFORM io.netty.buffer.UnpooledByteBufAllocator$InstrumentedUnpooledUnsafeHeapByteBuf [jdk.internal.loader.ClassLoaders$AppClassLoader@5a07e868, unnamed module @15d0c81b, Thread[#1,main,5,main], loaded=false]
[APP] [Byte Buddy] TRANSFORM io.netty.buffer.UnpooledUnsafeHeapByteBuf [jdk.internal.loader.ClassLoaders$AppClassLoader@5a07e868, unnamed module @15d0c81b, Thread[#1,main,5,main], loaded=false]
[APP] [Byte Buddy] TRANSFORM io.netty.buffer.UnpooledByteBufAllocator$InstrumentedUnpooledHeapByteBuf [jdk.internal.loader.ClassLoaders$AppClassLoader@5a07e868, unnamed module @15d0c81b, Thread[#1,main,5,main], loaded=false]
[APP] [Byte Buddy] TRANSFORM io.netty.buffer.UnpooledByteBufAllocator$InstrumentedUnpooledUnsafeNoCleanerDirectByteBuf [jdk.internal.loader.ClassLoaders$AppClassLoader@5a07e868, unnamed module @15d0c81b, Thread[#1,main,5,main], loaded=false]
[APP] [Byte Buddy] TRANSFORM io.netty.buffer.UnpooledUnsafeNoCleanerDirectByteBuf [jdk.internal.loader.ClassLoaders$AppClassLoader@5a07e868, unnamed module @15d0c81b, Thread[#1,main,5,main], loaded=false]
[APP] [Byte Buddy] TRANSFORM io.netty.buffer.UnpooledByteBufAllocator$InstrumentedUnpooledUnsafeDirectByteBuf [jdk.internal.loader.ClassLoaders$AppClassLoader@5a07e868, unnamed module @15d0c81b, Thread[#1,main,5,main], loaded=false]
[APP] [Byte Buddy] TRANSFORM io.netty.buffer.UnpooledByteBufAllocator$InstrumentedUnpooledDirectByteBuf [jdk.internal.loader.ClassLoaders$AppClassLoader@5a07e868, unnamed module @15d0c81b, Thread[#1,main,5,main], loaded=false]
[APP] [Byte Buddy] ERROR io.netty.util.internal.logging.Log4J2Logger [jdk.internal.loader.ClassLoaders$AppClassLoader@5a07e868, unnamed module @15d0c81b, Thread[#1,main,5,main], loaded=false]
[APP] net.bytebuddy.pool.TypePool$Resolution$NoSuchTypeException: Cannot resolve type description for org.apache.logging.log4j.spi.ExtendedLoggerWrapper
[APP] 	at net.bytebuddy.pool.TypePool$Resolution$Illegal.resolve(TypePool.java:190)
[APP] 	at net.bytebuddy.pool.TypePool$Default$WithLazyResolution$LazyTypeDescription.delegate(TypePool.java:1111)
[APP] 	at net.bytebuddy.description.type.TypeDescription$AbstractBase$OfSimpleType$WithDelegation.getSuperClass(TypeDescription.java:8440)
[APP] 	at net.bytebuddy.description.type.TypeDescription$AbstractBase.isAssignable(TypeDescription.java:7771)
[APP] 	at net.bytebuddy.description.type.TypeDescription$AbstractBase.isAssignableFrom(TypeDescription.java:7798)
[APP] 	at net.bytebuddy.description.type.TypeDescription$ForLoadedType.isAssignableFrom(TypeDescription.java:8759)
[APP] 	at net.bytebuddy.description.type.TypeDescription$AbstractBase.isAssignable(TypeDescription.java:7772)
[APP] 	at net.bytebuddy.description.type.TypeDescription$AbstractBase.isAssignableTo(TypeDescription.java:7812)
[APP] 	at net.bytebuddy.matcher.SubTypeMatcher.doMatch(SubTypeMatcher.java:47)
[APP] 	at net.bytebuddy.matcher.SubTypeMatcher.doMatch(SubTypeMatcher.java:26)
[APP] 	at net.bytebuddy.matcher.ElementMatcher$Junction$ForNonNullValues.matches(ElementMatcher.java:249)
[APP] 	at net.bytebuddy.matcher.ElementMatcher$Junction$Conjunction.matches(ElementMatcher.java:146)
[APP] 	at net.bytebuddy.agent.builder.AgentBuilder$RawMatcher$ForElementMatchers.matches(AgentBuilder.java:1971)
[APP] 	at net.bytebuddy.agent.builder.AgentBuilder$Default$ExecutingTransformer.doTransform(AgentBuilder.java:12427)
[APP] 	at net.bytebuddy.agent.builder.AgentBuilder$Default$ExecutingTransformer.transform(AgentBuilder.java:12385)
[APP] 	at net.bytebuddy.agent.builder.AgentBuilder$Default$ExecutingTransformer.access$1800(AgentBuilder.java:12094)
[APP] 	at net.bytebuddy.agent.builder.AgentBuilder$Default$ExecutingTransformer$Java9CapableVmDispatcher.run(AgentBuilder.java:12872)
[APP] 	at net.bytebuddy.agent.builder.AgentBuilder$Default$ExecutingTransformer$Java9CapableVmDispatcher.run(AgentBuilder.java:12804)
[APP] 	at java.base/java.security.AccessController.doPrivileged(AccessController.java:400)
[APP] 	at net.bytebuddy.agent.builder.AgentBuilder$Default$ExecutingTransformer.doPrivileged(AgentBuilder.java)
[APP] 	at net.bytebuddy.agent.builder.AgentBuilder$Default$ExecutingTransformer.transform(AgentBuilder.java:12328)
[APP] 	at net.bytebuddy.agent.builder.AgentBuilder$Default$ExecutingTransformer$ByteBuddy$ModuleSupport.transform(Unknown Source)
[APP] 	at java.instrument/sun.instrument.TransformerManager.transform(TransformerManager.java:188)
[APP] 	at java.instrument/sun.instrument.InstrumentationImpl.transform(InstrumentationImpl.java:610)
[APP] 	at java.base/java.lang.ClassLoader.defineClass1(Native Method)
[APP] 	at java.base/java.lang.ClassLoader.defineClass(ClassLoader.java:1027)
[APP] 	at java.base/java.security.SecureClassLoader.defineClass(SecureClassLoader.java:150)
[APP] 	at java.base/jdk.internal.loader.BuiltinClassLoader.defineClass(BuiltinClassLoader.java:862)
[APP] 	at java.base/jdk.internal.loader.BuiltinClassLoader.findClassOnClassPathOrNull(BuiltinClassLoader.java:760)
[APP] 	at java.base/jdk.internal.loader.BuiltinClassLoader.loadClassOrNull(BuiltinClassLoader.java:681)
[APP] 	at java.base/jdk.internal.loader.BuiltinClassLoader.loadClass(BuiltinClassLoader.java:639)
[APP] 	at java.base/jdk.internal.loader.ClassLoaders$AppClassLoader.loadClass(ClassLoaders.java:188)
[APP] 	at java.base/java.lang.ClassLoader.loadClass(ClassLoader.java:526)
[APP] 	at io.netty.util.internal.logging.Log4J2LoggerFactory.newInstance(Log4J2LoggerFactory.java:33)
[APP] 	at io.netty.util.internal.logging.InternalLoggerFactory.useLog4J2LoggerFactory(InternalLoggerFactory.java:76)
[APP] 	at io.netty.util.internal.logging.InternalLoggerFactory.newDefaultFactory(InternalLoggerFactory.java:47)
[APP] 	at io.netty.util.internal.logging.InternalLoggerFactory.getDefaultFactory(InternalLoggerFactory.java:111)
[APP] 	at io.netty.util.internal.logging.InternalLoggerFactory.getInstance(InternalLoggerFactory.java:134)
[APP] 	at io.netty.util.internal.logging.InternalLoggerFactory.getInstance(InternalLoggerFactory.java:127)
[APP] 	at io.netty.util.ResourceLeakDetector.<clinit>(ResourceLeakDetector.java:101)
[APP] 	at io.netty.buffer.AbstractByteBufAllocator.<clinit>(AbstractByteBufAllocator.java:37)
[APP] 	at io.netty.buffer.Unpooled.<clinit>(Unpooled.java:75)
[APP] 	at com.example.bytebuf.tracker.integration.testapp.BasicFlowApp.allocate$original$LTuJa0Ig(BasicFlowApp.java:51)
[APP] 	at com.example.bytebuf.tracker.integration.testapp.BasicFlowApp.allocate(BasicFlowApp.java)
[APP] 	at com.example.bytebuf.tracker.integration.testapp.BasicFlowApp.run(BasicFlowApp.java:39)
[APP] 	at com.example.bytebuf.tracker.integration.testapp.BasicFlowApp.main(BasicFlowApp.java:19)
[APP] [Byte Buddy] TRANSFORM io.netty.buffer.UnpooledSlicedByteBuf [jdk.internal.loader.ClassLoaders$AppClassLoader@5a07e868, unnamed module @15d0c81b, Thread[#1,main,5,main], loaded=false]
[APP] [Byte Buddy] TRANSFORM io.netty.buffer.UnpooledDuplicatedByteBuf [jdk.internal.loader.ClassLoaders$AppClassLoader@5a07e868, unnamed module @15d0c81b, Thread[#1,main,5,main], loaded=false]
[APP] [Byte Buddy] TRANSFORM io.netty.buffer.DuplicatedByteBuf [jdk.internal.loader.ClassLoaders$AppClassLoader@5a07e868, unnamed module @15d0c81b, Thread[#1,main,5,main], loaded=false]
[APP] [Byte Buddy] TRANSFORM io.netty.buffer.SwappedByteBuf [jdk.internal.loader.ClassLoaders$AppClassLoader@5a07e868, unnamed module @15d0c81b, Thread[#1,main,5,main], loaded=false]
[APP] [Byte Buddy] TRANSFORM io.netty.buffer.UnsafeHeapSwappedByteBuf [jdk.internal.loader.ClassLoaders$AppClassLoader@5a07e868, unnamed module @15d0c81b, Thread[#1,main,5,main], loaded=false]
[APP] [ObjectTrackerRegistry] Using default ByteBuf handler
[APP] Step 1: Processing 13 bytes
[APP] Step 2: Read 13 bytes
[APP] Step 3: Final processing
[APP] Cleanup: Releasing buffer
[APP] 
[APP] === Flow Summary ===
[APP] === ByteBuf Flow Summary ===
[APP] Total Root Methods: 3
[APP] Total Traversals: 5
[APP] Unique Paths: 3
[APP] Leak Paths: 2
[APP] Leak Percentage: 66.67%
[APP] 
[APP] 
[APP] === Flow Tree ===
[APP] ROOT: InstrumentedUnpooledUnsafeHeapByteBuf.release [count=2]
[APP] ROOT: BasicFlowApp.allocate_return [count=2]
[APP] ??? BasicFlowApp.processStep1 [ref=1, count=1]
[APP]     ??? BasicFlowApp.processStep1_exit [ref=1, count=1]
[APP]         ??? BasicFlowApp.processStep1_return [ref=1, count=1]
[APP]             ??? BasicFlowApp.processStep2 [ref=1, count=1]
[APP]                 ??? BasicFlowApp.processStep2_exit [ref=1, count=1]
[APP]                     ??? BasicFlowApp.processStep2_return [ref=1, count=1]
[APP]                         ??? BasicFlowApp.processStep3 [ref=1, count=1]
[APP]                             ??? BasicFlowApp.processStep3_exit [ref=1, count=1]
[APP]                                 ??? BasicFlowApp.processStep3_return [ref=1, count=1]
[APP]                                     ??? BasicFlowApp.cleanup [ref=1, count=1]
[APP]                                         ??? InstrumentedUnpooledUnsafeHeapByteBuf.release [ref=0, count=0]
[APP] ROOT: BasicFlowApp.cleanup_exit [count=1]
[APP] 
[APP] 
[APP] === Flat Paths ===
[APP] [count=1] [LEAK:ref=1] BasicFlowApp.cleanup_exit
[APP] [count=2] [LEAK:ref=1] InstrumentedUnpooledUnsafeHeapByteBuf.release
[APP] [count=0] BasicFlowApp.allocate_return -> BasicFlowApp.processStep1[1] -> BasicFlowApp.processStep1_exit[1] -> BasicFlowApp.processStep1_return[1] -> BasicFlowApp.processStep2[1] -> BasicFlowApp.processStep2_exit[1] -> BasicFlowApp.processStep2_return[1] -> BasicFlowApp.processStep3[1] -> BasicFlowApp.processStep3_exit[1] -> BasicFlowApp.processStep3_return[1] -> BasicFlowApp.cleanup[1] -> InstrumentedUnpooledUnsafeHeapByteBuf.release[0]
[APP] 
[APP] 
[APP] === BasicFlowApp Complete ===
[APP] 
[APP] === ByteBuf Flow Final Report ===
[APP] ByteBuf Flow Analysis Report
[APP] Generated: Sat Nov 08 01:39:10 UTC 2025
[APP] ================================================================================
[APP] 
[APP] === ByteBuf Flow Summary ===
[APP] Total Root Methods: 3
[APP] Total Traversals: 5
[APP] Unique Paths: 3
[APP] Leak Paths: 2
[APP] Leak Percentage: 66.67%
[APP] 
[APP] === Flow Tree ===
[APP] ROOT: InstrumentedUnpooledUnsafeHeapByteBuf.release [count=2]
[APP] ROOT: BasicFlowApp.allocate_return [count=2]
[APP] ??? BasicFlowApp.processStep1 [ref=1, count=1]
[APP]     ??? BasicFlowApp.processStep1_exit [ref=1, count=1]
[APP]         ??? BasicFlowApp.processStep1_return [ref=1, count=1]
[APP]             ??? BasicFlowApp.processStep2 [ref=1, count=1]
[APP]                 ??? BasicFlowApp.processStep2_exit [ref=1, count=1]
[APP]                     ??? BasicFlowApp.processStep2_return [ref=1, count=1]
[APP]                         ??? BasicFlowApp.processStep3 [ref=1, count=1]
[APP]                             ??? BasicFlowApp.processStep3_exit [ref=1, count=1]
[APP]                                 ??? BasicFlowApp.processStep3_return [ref=1, count=1]
[APP]                                     ??? BasicFlowApp.cleanup [ref=1, count=1]
[APP]                                         ??? InstrumentedUnpooledUnsafeHeapByteBuf.release [ref=0, count=0]
[APP] ROOT: BasicFlowApp.cleanup_exit [count=1]
[APP] 
[APP] === Potential Leaks ===
[APP] [count=1] [LEAK:ref=1] BasicFlowApp.cleanup_exit
[APP] [count=2] [LEAK:ref=1] InstrumentedUnpooledUnsafeHeapByteBuf.release
[APP] 
[APP] 
]]></system-out>
  </testcase>
  <testcase name="testProperCleanup" classname="com.example.bytebuf.tracker.integration.BasicInstrumentationIT" time="2.334">
    <failure message="Should show proper cleanup with ref=0" type="org.opentest4j.AssertionFailedError"><![CDATA[org.opentest4j.AssertionFailedError: Should show proper cleanup with ref=0
	at java.base/jdk.internal.reflect.DirectConstructorHandleAccessor.newInstance(DirectConstructorHandleAccessor.java:62)
	at java.base/java.lang.reflect.Constructor.newInstanceWithCaller(Constructor.java:502)
	at com.example.bytebuf.tracker.integration.BasicInstrumentationIT.testProperCleanup(BasicInstrumentationIT.java:131)
	at java.base/java.lang.reflect.Method.invoke(Method.java:580)
	at java.base/java.util.ArrayList.forEach(ArrayList.java:1596)
	at java.base/java.util.ArrayList.forEach(ArrayList.java:1596)
]]></failure>
    <system-out><![CDATA[Launching: /usr/lib/jvm/java-21-openjdk-amd64/bin/java -javaagent:/home/user/bytebuddy-bytebuf-tracer/bytebuf-flow-tracker/target/bytebuf-flow-tracker-1.0.0-SNAPSHOT-agent.jar=include=com.example.bytebuf.tracker.integration.testapp -cp /home/user/bytebuddy-bytebuf-tracer/bytebuf-flow-integration-tests/target/classes:/home/user/bytebuddy-bytebuf-tracer/bytebuf-flow-integration-tests/target/test-classes:/home/user/bytebuddy-bytebuf-tracer/bytebuf-flow-integration-tests/target/bytebuf-flow-integration-tests-1.0.0-SNAPSHOT.jar:/root/.m2/repository/com/example/bytebuf/bytebuf-flow-tracker/1.0.0-SNAPSHOT/bytebuf-flow-tracker-1.0.0-SNAPSHOT.jar:/root/.m2/repository/io/netty/netty-buffer/4.1.100.Final/netty-buffer-4.1.100.Final.jar:/root/.m2/repository/io/netty/netty-common/4.1.100.Final/netty-common-4.1.100.Final.jar:/root/.m2/repository/org/junit/jupiter/junit-jupiter-api/5.10.0/junit-jupiter-api-5.10.0.jar:/root/.m2/repository/org/opentest4j/opentest4j/1.3.0/opentest4j-1.3.0.jar:/root/.m2/repository/org/junit/platform/junit-platform-commons/1.10.0/junit-platform-commons-1.10.0.jar:/root/.m2/repository/org/apiguardian/apiguardian-api/1.1.2/apiguardian-api-1.1.2.jar:/root/.m2/repository/org/junit/jupiter/junit-jupiter-engine/5.10.0/junit-jupiter-engine-5.10.0.jar:/root/.m2/repository/org/junit/platform/junit-platform-engine/1.10.0/junit-platform-engine-1.10.0.jar:/root/.m2/repository/org/assertj/assertj-core/3.24.2/assertj-core-3.24.2.jar:/root/.m2/repository/net/bytebuddy/byte-buddy/1.14.9/byte-buddy-1.14.9.jar: com.example.bytebuf.tracker.integration.testapp.BasicFlowApp
[APP] [ByteBufFlowAgent] Starting with config: AgentConfig{include=[com.example.bytebuf.tracker.integration.testapp], exclude=[], trackConstructors=[]}
[APP] [ByteBufFlowAgent] Failed to register JMX MBean: javax.management.NotCompliantMBeanException: MBean class com.example.bytebuf.tracker.agent.ByteBufFlowMBean does not implement DynamicMBean, and neither follows the Standard MBean conventions (javax.management.NotCompliantMBeanException: Class com.example.bytebuf.tracker.agent.ByteBufFlowMBean is not a JMX compliant Standard MBean) nor the MXBean conventions (javax.management.NotCompliantMBeanException: com.example.bytebuf.tracker.agent.ByteBufFlowMBean: Class com.example.bytebuf.tracker.agent.ByteBufFlowMBean is not a JMX compliant MXBean)
[APP] [ByteBufFlowAgent] ByteBuf lifecycle tracking enabled (release/retain)
[APP] [ByteBufFlowAgent] Instrumentation installed successfully
[APP] [Byte Buddy] TRANSFORM com.example.bytebuf.tracker.integration.testapp.BasicFlowApp [jdk.internal.loader.ClassLoaders$AppClassLoader@5a07e868, unnamed module @15d0c81b, Thread[#1,main,5,main], loaded=false]
[APP] === BasicFlowApp Starting ===
[APP] [Byte Buddy] TRANSFORM io.netty.buffer.ReadOnlyByteBuf [jdk.internal.loader.ClassLoaders$AppClassLoader@5a07e868, unnamed module @15d0c81b, Thread[#1,main,5,main], loaded=false]
[APP] [Byte Buddy] TRANSFORM io.netty.buffer.UnreleasableByteBuf [jdk.internal.loader.ClassLoaders$AppClassLoader@5a07e868, unnamed module @15d0c81b, Thread[#1,main,5,main], loaded=false]
[APP] [Byte Buddy] TRANSFORM io.netty.buffer.WrappedByteBuf [jdk.internal.loader.ClassLoaders$AppClassLoader@5a07e868, unnamed module @15d0c81b, Thread[#1,main,5,main], loaded=false]
[APP] [Byte Buddy] TRANSFORM io.netty.buffer.FixedCompositeByteBuf [jdk.internal.loader.ClassLoaders$AppClassLoader@5a07e868, unnamed module @15d0c81b, Thread[#1,main,5,main], loaded=false]
[APP] [Byte Buddy] TRANSFORM io.netty.buffer.CompositeByteBuf [jdk.internal.loader.ClassLoaders$AppClassLoader@5a07e868, unnamed module @15d0c81b, Thread[#1,main,5,main], loaded=false]
[APP] [Byte Buddy] TRANSFORM io.netty.buffer.WrappedUnpooledUnsafeDirectByteBuf [jdk.internal.loader.ClassLoaders$AppClassLoader@5a07e868, unnamed module @15d0c81b, Thread[#1,main,5,main], loaded=false]
[APP] [Byte Buddy] TRANSFORM io.netty.buffer.UnpooledUnsafeDirectByteBuf [jdk.internal.loader.ClassLoaders$AppClassLoader@5a07e868, unnamed module @15d0c81b, Thread[#1,main,5,main], loaded=false]
[APP] [Byte Buddy] TRANSFORM io.netty.buffer.UnpooledDirectByteBuf [jdk.internal.loader.ClassLoaders$AppClassLoader@5a07e868, unnamed module @15d0c81b, Thread[#1,main,5,main], loaded=false]
[APP] [Byte Buddy] TRANSFORM io.netty.buffer.ReadOnlyUnsafeDirectByteBuf [jdk.internal.loader.ClassLoaders$AppClassLoader@5a07e868, unnamed module @15d0c81b, Thread[#1,main,5,main], loaded=false]
[APP] [Byte Buddy] TRANSFORM io.netty.buffer.ReadOnlyByteBufferBuf [jdk.internal.loader.ClassLoaders$AppClassLoader@5a07e868, unnamed module @15d0c81b, Thread[#1,main,5,main], loaded=false]
[APP] [Byte Buddy] TRANSFORM io.netty.buffer.UnpooledHeapByteBuf [jdk.internal.loader.ClassLoaders$AppClassLoader@5a07e868, unnamed module @15d0c81b, Thread[#1,main,5,main], loaded=false]
[APP] [Byte Buddy] TRANSFORM io.netty.buffer.EmptyByteBuf [jdk.internal.loader.ClassLoaders$AppClassLoader@5a07e868, unnamed module @15d0c81b, Thread[#1,main,5,main], loaded=false]
[APP] [Byte Buddy] TRANSFORM io.netty.buffer.SimpleLeakAwareCompositeByteBuf [jdk.internal.loader.ClassLoaders$AppClassLoader@5a07e868, unnamed module @15d0c81b, Thread[#1,main,5,main], loaded=false]
[APP] [Byte Buddy] TRANSFORM io.netty.buffer.WrappedCompositeByteBuf [jdk.internal.loader.ClassLoaders$AppClassLoader@5a07e868, unnamed module @15d0c81b, Thread[#1,main,5,main], loaded=false]
[APP] [Byte Buddy] TRANSFORM io.netty.buffer.AdvancedLeakAwareCompositeByteBuf [jdk.internal.loader.ClassLoaders$AppClassLoader@5a07e868, unnamed module @15d0c81b, Thread[#1,main,5,main], loaded=false]
[APP] [Byte Buddy] TRANSFORM io.netty.buffer.SimpleLeakAwareByteBuf [jdk.internal.loader.ClassLoaders$AppClassLoader@5a07e868, unnamed module @15d0c81b, Thread[#1,main,5,main], loaded=false]
[APP] [Byte Buddy] TRANSFORM io.netty.buffer.AdvancedLeakAwareByteBuf [jdk.internal.loader.ClassLoaders$AppClassLoader@5a07e868, unnamed module @15d0c81b, Thread[#1,main,5,main], loaded=false]
[APP] [Byte Buddy] TRANSFORM io.netty.buffer.UnpooledByteBufAllocator$InstrumentedUnpooledUnsafeHeapByteBuf [jdk.internal.loader.ClassLoaders$AppClassLoader@5a07e868, unnamed module @15d0c81b, Thread[#1,main,5,main], loaded=false]
[APP] [Byte Buddy] TRANSFORM io.netty.buffer.UnpooledUnsafeHeapByteBuf [jdk.internal.loader.ClassLoaders$AppClassLoader@5a07e868, unnamed module @15d0c81b, Thread[#1,main,5,main], loaded=false]
[APP] [Byte Buddy] TRANSFORM io.netty.buffer.UnpooledByteBufAllocator$InstrumentedUnpooledHeapByteBuf [jdk.internal.loader.ClassLoaders$AppClassLoader@5a07e868, unnamed module @15d0c81b, Thread[#1,main,5,main], loaded=false]
[APP] [Byte Buddy] TRANSFORM io.netty.buffer.UnpooledByteBufAllocator$InstrumentedUnpooledUnsafeNoCleanerDirectByteBuf [jdk.internal.loader.ClassLoaders$AppClassLoader@5a07e868, unnamed module @15d0c81b, Thread[#1,main,5,main], loaded=false]
[APP] [Byte Buddy] TRANSFORM io.netty.buffer.UnpooledUnsafeNoCleanerDirectByteBuf [jdk.internal.loader.ClassLoaders$AppClassLoader@5a07e868, unnamed module @15d0c81b, Thread[#1,main,5,main], loaded=false]
[APP] [Byte Buddy] TRANSFORM io.netty.buffer.UnpooledByteBufAllocator$InstrumentedUnpooledUnsafeDirectByteBuf [jdk.internal.loader.ClassLoaders$AppClassLoader@5a07e868, unnamed module @15d0c81b, Thread[#1,main,5,main], loaded=false]
[APP] [Byte Buddy] TRANSFORM io.netty.buffer.UnpooledByteBufAllocator$InstrumentedUnpooledDirectByteBuf [jdk.internal.loader.ClassLoaders$AppClassLoader@5a07e868, unnamed module @15d0c81b, Thread[#1,main,5,main], loaded=false]
[APP] [Byte Buddy] ERROR io.netty.util.internal.logging.Log4J2Logger [jdk.internal.loader.ClassLoaders$AppClassLoader@5a07e868, unnamed module @15d0c81b, Thread[#1,main,5,main], loaded=false]
[APP] net.bytebuddy.pool.TypePool$Resolution$NoSuchTypeException: Cannot resolve type description for org.apache.logging.log4j.spi.ExtendedLoggerWrapper
[APP] 	at net.bytebuddy.pool.TypePool$Resolution$Illegal.resolve(TypePool.java:190)
[APP] 	at net.bytebuddy.pool.TypePool$Default$WithLazyResolution$LazyTypeDescription.delegate(TypePool.java:1111)
[APP] 	at net.bytebuddy.description.type.TypeDescription$AbstractBase$OfSimpleType$WithDelegation.getSuperClass(TypeDescription.java:8440)
[APP] 	at net.bytebuddy.description.type.TypeDescription$AbstractBase.isAssignable(TypeDescription.java:7771)
[APP] 	at net.bytebuddy.description.type.TypeDescription$AbstractBase.isAssignableFrom(TypeDescription.java:7798)
[APP] 	at net.bytebuddy.description.type.TypeDescription$ForLoadedType.isAssignableFrom(TypeDescription.java:8759)
[APP] 	at net.bytebuddy.description.type.TypeDescription$AbstractBase.isAssignable(TypeDescription.java:7772)
[APP] 	at net.bytebuddy.description.type.TypeDescription$AbstractBase.isAssignableTo(TypeDescription.java:7812)
[APP] 	at net.bytebuddy.matcher.SubTypeMatcher.doMatch(SubTypeMatcher.java:47)
[APP] 	at net.bytebuddy.matcher.SubTypeMatcher.doMatch(SubTypeMatcher.java:26)
[APP] 	at net.bytebuddy.matcher.ElementMatcher$Junction$ForNonNullValues.matches(ElementMatcher.java:249)
[APP] 	at net.bytebuddy.matcher.ElementMatcher$Junction$Conjunction.matches(ElementMatcher.java:146)
[APP] 	at net.bytebuddy.agent.builder.AgentBuilder$RawMatcher$ForElementMatchers.matches(AgentBuilder.java:1971)
[APP] 	at net.bytebuddy.agent.builder.AgentBuilder$Default$ExecutingTransformer.doTransform(AgentBuilder.java:12427)
[APP] 	at net.bytebuddy.agent.builder.AgentBuilder$Default$ExecutingTransformer.transform(AgentBuilder.java:12385)
[APP] 	at net.bytebuddy.agent.builder.AgentBuilder$Default$ExecutingTransformer.access$1800(AgentBuilder.java:12094)
[APP] 	at net.bytebuddy.agent.builder.AgentBuilder$Default$ExecutingTransformer$Java9CapableVmDispatcher.run(AgentBuilder.java:12872)
[APP] 	at net.bytebuddy.agent.builder.AgentBuilder$Default$ExecutingTransformer$Java9CapableVmDispatcher.run(AgentBuilder.java:12804)
[APP] 	at java.base/java.security.AccessController.doPrivileged(AccessController.java:400)
[APP] 	at net.bytebuddy.agent.builder.AgentBuilder$Default$ExecutingTransformer.doPrivileged(AgentBuilder.java)
[APP] 	at net.bytebuddy.agent.builder.AgentBuilder$Default$ExecutingTransformer.transform(AgentBuilder.java:12328)
[APP] 	at net.bytebuddy.agent.builder.AgentBuilder$Default$ExecutingTransformer$ByteBuddy$ModuleSupport.transform(Unknown Source)
[APP] 	at java.instrument/sun.instrument.TransformerManager.transform(TransformerManager.java:188)
[APP] 	at java.instrument/sun.instrument.InstrumentationImpl.transform(InstrumentationImpl.java:610)
[APP] 	at java.base/java.lang.ClassLoader.defineClass1(Native Method)
[APP] 	at java.base/java.lang.ClassLoader.defineClass(ClassLoader.java:1027)
[APP] 	at java.base/java.security.SecureClassLoader.defineClass(SecureClassLoader.java:150)
[APP] 	at java.base/jdk.internal.loader.BuiltinClassLoader.defineClass(BuiltinClassLoader.java:862)
[APP] 	at java.base/jdk.internal.loader.BuiltinClassLoader.findClassOnClassPathOrNull(BuiltinClassLoader.java:760)
[APP] 	at java.base/jdk.internal.loader.BuiltinClassLoader.loadClassOrNull(BuiltinClassLoader.java:681)
[APP] 	at java.base/jdk.internal.loader.BuiltinClassLoader.loadClass(BuiltinClassLoader.java:639)
[APP] 	at java.base/jdk.internal.loader.ClassLoaders$AppClassLoader.loadClass(ClassLoaders.java:188)
[APP] 	at java.base/java.lang.ClassLoader.loadClass(ClassLoader.java:526)
[APP] 	at io.netty.util.internal.logging.Log4J2LoggerFactory.newInstance(Log4J2LoggerFactory.java:33)
[APP] 	at io.netty.util.internal.logging.InternalLoggerFactory.useLog4J2LoggerFactory(InternalLoggerFactory.java:76)
[APP] 	at io.netty.util.internal.logging.InternalLoggerFactory.newDefaultFactory(InternalLoggerFactory.java:47)
[APP] 	at io.netty.util.internal.logging.InternalLoggerFactory.getDefaultFactory(InternalLoggerFactory.java:111)
[APP] 	at io.netty.util.internal.logging.InternalLoggerFactory.getInstance(InternalLoggerFactory.java:134)
[APP] 	at io.netty.util.internal.logging.InternalLoggerFactory.getInstance(InternalLoggerFactory.java:127)
[APP] 	at io.netty.util.ResourceLeakDetector.<clinit>(ResourceLeakDetector.java:101)
[APP] 	at io.netty.buffer.AbstractByteBufAllocator.<clinit>(AbstractByteBufAllocator.java:37)
[APP] 	at io.netty.buffer.Unpooled.<clinit>(Unpooled.java:75)
[APP] 	at com.example.bytebuf.tracker.integration.testapp.BasicFlowApp.allocate$original$UBYOIsju(BasicFlowApp.java:51)
[APP] 	at com.example.bytebuf.tracker.integration.testapp.BasicFlowApp.allocate(BasicFlowApp.java)
[APP] 	at com.example.bytebuf.tracker.integration.testapp.BasicFlowApp.run(BasicFlowApp.java:39)
[...]
[APP] 
[APP] 
[APP] === BasicFlowApp Complete ===
[APP] 
[APP] === ByteBuf Flow Final Report ===
[APP] ByteBuf Flow Analysis Report
[APP] Generated: Sat Nov 08 01:39:15 UTC 2025
[APP] ================================================================================
[APP] 
[APP] === ByteBuf Flow Summary ===
[APP] Total Root Methods: 3
[APP] Total Traversals: 5
[APP] Unique Paths: 3
[APP] Leak Paths: 2
[APP] Leak Percentage: 66.67%
[APP] 
[APP] === Flow Tree ===
[APP] ROOT: InstrumentedUnpooledUnsafeHeapByteBuf.release [count=2]
[APP] ROOT: BasicFlowApp.allocate_return [count=2]
[APP] ??? BasicFlowApp.processStep1 [ref=1, count=1]
[APP]     ??? BasicFlowApp.processStep1_exit [ref=1, count=1]
[APP]         ??? BasicFlowApp.processStep1_return [ref=1, count=1]
[APP]             ??? BasicFlowApp.processStep2 [ref=1, count=1]
[APP]                 ??? BasicFlowApp.processStep2_exit [ref=1, count=1]
[APP]                     ??? BasicFlowApp.processStep2_return [ref=1, count=1]
[APP]                         ??? BasicFlowApp.processStep3 [ref=1, count=1]
[APP]                             ??? BasicFlowApp.processStep3_exit [ref=1, count=1]
[APP]                                 ??? BasicFlowApp.processStep3_return [ref=1, count=1]
[APP]                                     ??? BasicFlowApp.cleanup [ref=1, count=1]
[APP]                                         ??? InstrumentedUnpooledUnsafeHeapByteBuf.release [ref=0, count=0]
[APP] ROOT: BasicFlowApp.cleanup_exit [count=1]
[APP] 
[APP] === Potential Leaks ===
[APP] [count=1] [LEAK:ref=1] BasicFlowApp.cleanup_exit
[APP] [count=2] [LEAK:ref=1] InstrumentedUnpooledUnsafeHeapByteBuf.release
[APP] 
[APP] 
]]></system-out>
  </testcase>
  <testcase name="testFlowStructure" classname="com.example.bytebuf.tracker.integration.BasicInstrumentationIT" time="2.395">
    <failure message="Should have exactly 1 root method" type="java.lang.AssertionError"><![CDATA[java.lang.AssertionError: Should have exactly 1 root method
	at com.example.bytebuf.tracker.integration.BasicInstrumentationIT.testFlowStructure(BasicInstrumentationIT.java:101)
	at java.base/java.lang.reflect.Method.invoke(Method.java:580)
	at java.base/java.util.ArrayList.forEach(ArrayList.java:1596)
	at java.base/java.util.ArrayList.forEach(ArrayList.java:1596)
]]></failure>
    <system-out><![CDATA[Launching: /usr/lib/jvm/java-21-openjdk-amd64/bin/java -javaagent:/home/user/bytebuddy-bytebuf-tracer/bytebuf-flow-tracker/target/bytebuf-flow-tracker-1.0.0-SNAPSHOT-agent.jar=include=com.example.bytebuf.tracker.integration.testapp -cp /home/user/bytebuddy-bytebuf-tracer/bytebuf-flow-integration-tests/target/classes:/home/user/bytebuddy-bytebuf-tracer/bytebuf-flow-integration-tests/target/test-classes:/home/user/bytebuddy-bytebuf-tracer/bytebuf-flow-integration-tests/target/bytebuf-flow-integration-tests-1.0.0-SNAPSHOT.jar:/root/.m2/repository/com/example/bytebuf/bytebuf-flow-tracker/1.0.0-SNAPSHOT/bytebuf-flow-tracker-1.0.0-SNAPSHOT.jar:/root/.m2/repository/io/netty/netty-buffer/4.1.100.Final/netty-buffer-4.1.100.Final.jar:/root/.m2/repository/io/netty/netty-common/4.1.100.Final/netty-common-4.1.100.Final.jar:/root/.m2/repository/org/junit/jupiter/junit-jupiter-api/5.10.0/junit-jupiter-api-5.10.0.jar:/root/.m2/repository/org/opentest4j/opentest4j/1.3.0/opentest4j-1.3.0.jar:/root/.m2/repository/org/junit/platform/junit-platform-commons/1.10.0/junit-platform-commons-1.10.0.jar:/root/.m2/repository/org/apiguardian/apiguardian-api/1.1.2/apiguardian-api-1.1.2.jar:/root/.m2/repository/org/junit/jupiter/junit-jupiter-engine/5.10.0/junit-jupiter-engine-5.10.0.jar:/root/.m2/repository/org/junit/platform/junit-platform-engine/1.10.0/junit-platform-engine-1.10.0.jar:/root/.m2/repository/org/assertj/assertj-core/3.24.2/assertj-core-3.24.2.jar:/root/.m2/repository/net/bytebuddy/byte-buddy/1.14.9/byte-buddy-1.14.9.jar: com.example.bytebuf.tracker.integration.testapp.BasicFlowApp
[APP] [ByteBufFlowAgent] Starting with config: AgentConfig{include=[com.example.bytebuf.tracker.integration.testapp], exclude=[], trackConstructors=[]}
[APP] [ByteBufFlowAgent] Failed to register JMX MBean: javax.management.NotCompliantMBeanException: MBean class com.example.bytebuf.tracker.agent.ByteBufFlowMBean does not implement DynamicMBean, and neither follows the Standard MBean conventions (javax.management.NotCompliantMBeanException: Class com.example.bytebuf.tracker.agent.ByteBufFlowMBean is not a JMX compliant Standard MBean) nor the MXBean conventions (javax.management.NotCompliantMBeanException: com.example.bytebuf.tracker.agent.ByteBufFlowMBean: Class com.example.bytebuf.tracker.agent.ByteBufFlowMBean is not a JMX compliant MXBean)
[APP] [ByteBufFlowAgent] ByteBuf lifecycle tracking enabled (release/retain)
[APP] [ByteBufFlowAgent] Instrumentation installed successfully
[APP] [Byte Buddy] TRANSFORM com.example.bytebuf.tracker.integration.testapp.BasicFlowApp [jdk.internal.loader.ClassLoaders$AppClassLoader@5a07e868, unnamed module @15d0c81b, Thread[#1,main,5,main], loaded=false]
[APP] === BasicFlowApp Starting ===
[APP] [Byte Buddy] TRANSFORM io.netty.buffer.ReadOnlyByteBuf [jdk.internal.loader.ClassLoaders$AppClassLoader@5a07e868, unnamed module @15d0c81b, Thread[#1,main,5,main], loaded=false]
[APP] [Byte Buddy] TRANSFORM io.netty.buffer.UnreleasableByteBuf [jdk.internal.loader.ClassLoaders$AppClassLoader@5a07e868, unnamed module @15d0c81b, Thread[#1,main,5,main], loaded=false]
[APP] [Byte Buddy] TRANSFORM io.netty.buffer.WrappedByteBuf [jdk.internal.loader.ClassLoaders$AppClassLoader@5a07e868, unnamed module @15d0c81b, Thread[#1,main,5,main], loaded=false]
[APP] [Byte Buddy] TRANSFORM io.netty.buffer.ReadOnlyUnsafeDirectByteBuf [jdk.internal.loader.ClassLoaders$AppClassLoader@5a07e868, unnamed module @15d0c81b, Thread[#1,main,5,main], loaded=false]
[APP] [Byte Buddy] TRANSFORM io.netty.buffer.ReadOnlyByteBufferBuf [jdk.internal.loader.ClassLoaders$AppClassLoader@5a07e868, unnamed module @15d0c81b, Thread[#1,main,5,main], loaded=false]
[APP] [Byte Buddy] TRANSFORM io.netty.buffer.UnpooledUnsafeDirectByteBuf [jdk.internal.loader.ClassLoaders$AppClassLoader@5a07e868, unnamed module @15d0c81b, Thread[#1,main,5,main], loaded=false]
[APP] [Byte Buddy] TRANSFORM io.netty.buffer.UnpooledDirectByteBuf [jdk.internal.loader.ClassLoaders$AppClassLoader@5a07e868, unnamed module @15d0c81b, Thread[#1,main,5,main], loaded=false]
[APP] [Byte Buddy] TRANSFORM io.netty.buffer.UnpooledHeapByteBuf [jdk.internal.loader.ClassLoaders$AppClassLoader@5a07e868, unnamed module @15d0c81b, Thread[#1,main,5,main], loaded=false]
[APP] [Byte Buddy] TRANSFORM io.netty.buffer.WrappedUnpooledUnsafeDirectByteBuf [jdk.internal.loader.ClassLoaders$AppClassLoader@5a07e868, unnamed module @15d0c81b, Thread[#1,main,5,main], loaded=false]
[APP] [Byte Buddy] TRANSFORM io.netty.buffer.CompositeByteBuf [jdk.internal.loader.ClassLoaders$AppClassLoader@5a07e868, unnamed module @15d0c81b, Thread[#1,main,5,main], loaded=false]
[APP] [Byte Buddy] TRANSFORM io.netty.buffer.FixedCompositeByteBuf [jdk.internal.loader.ClassLoaders$AppClassLoader@5a07e868, unnamed module @15d0c81b, Thread[#1,main,5,main], loaded=false]
[APP] [Byte Buddy] TRANSFORM io.netty.buffer.EmptyByteBuf [jdk.internal.loader.ClassLoaders$AppClassLoader@5a07e868, unnamed module @15d0c81b, Thread[#1,main,5,main], loaded=false]
[APP] [Byte Buddy] TRANSFORM io.netty.buffer.SimpleLeakAwareCompositeByteBuf [jdk.internal.loader.ClassLoaders$AppClassLoader@5a07e868, unnamed module @15d0c81b, Thread[#1,main,5,main], loaded=false]
[APP] [Byte Buddy] TRANSFORM io.netty.buffer.WrappedCompositeByteBuf [jdk.internal.loader.ClassLoaders$AppClassLoader@5a07e868, unnamed module @15d0c81b, Thread[#1,main,5,main], loaded=false]
[APP] [Byte Buddy] TRANSFORM io.netty.buffer.AdvancedLeakAwareCompositeByteBuf [jdk.internal.loader.ClassLoaders$AppClassLoader@5a07e868, unnamed module @15d0c81b, Thread[#1,main,5,main], loaded=false]
[APP] [Byte Buddy] TRANSFORM io.netty.buffer.SimpleLeakAwareByteBuf [jdk.internal.loader.ClassLoaders$AppClassLoader@5a07e868, unnamed module @15d0c81b, Thread[#1,main,5,main], loaded=false]
[APP] [Byte Buddy] TRANSFORM io.netty.buffer.AdvancedLeakAwareByteBuf [jdk.internal.loader.ClassLoaders$AppClassLoader@5a07e868, unnamed module @15d0c81b, Thread[#1,main,5,main], loaded=false]
[APP] [Byte Buddy] TRANSFORM io.netty.buffer.UnpooledByteBufAllocator$InstrumentedUnpooledUnsafeHeapByteBuf [jdk.internal.loader.ClassLoaders$AppClassLoader@5a07e868, unnamed module @15d0c81b, Thread[#1,main,5,main], loaded=false]
[APP] [Byte Buddy] TRANSFORM io.netty.buffer.UnpooledUnsafeHeapByteBuf [jdk.internal.loader.ClassLoaders$AppClassLoader@5a07e868, unnamed module @15d0c81b, Thread[#1,main,5,main], loaded=false]
[APP] [Byte Buddy] TRANSFORM io.netty.buffer.UnpooledByteBufAllocator$InstrumentedUnpooledHeapByteBuf [jdk.internal.loader.ClassLoaders$AppClassLoader@5a07e868, unnamed module @15d0c81b, Thread[#1,main,5,main], loaded=false]
[APP] [Byte Buddy] TRANSFORM io.netty.buffer.UnpooledByteBufAllocator$InstrumentedUnpooledUnsafeNoCleanerDirectByteBuf [jdk.internal.loader.ClassLoaders$AppClassLoader@5a07e868, unnamed module @15d0c81b, Thread[#1,main,5,main], loaded=false]
[APP] [Byte Buddy] TRANSFORM io.netty.buffer.UnpooledUnsafeNoCleanerDirectByteBuf [jdk.internal.loader.ClassLoaders$AppClassLoader@5a07e868, unnamed module @15d0c81b, Thread[#1,main,5,main], loaded=false]
[APP] [Byte Buddy] TRANSFORM io.netty.buffer.UnpooledByteBufAllocator$InstrumentedUnpooledUnsafeDirectByteBuf [jdk.internal.loader.ClassLoaders$AppClassLoader@5a07e868, unnamed module @15d0c81b, Thread[#1,main,5,main], loaded=false]
[APP] [Byte Buddy] TRANSFORM io.netty.buffer.UnpooledByteBufAllocator$InstrumentedUnpooledDirectByteBuf [jdk.internal.loader.ClassLoaders$AppClassLoader@5a07e868, unnamed module @15d0c81b, Thread[#1,main,5,main], loaded=false]
[APP] [Byte Buddy] ERROR io.netty.util.internal.logging.Log4J2Logger [jdk.internal.loader.ClassLoaders$AppClassLoader@5a07e868, unnamed module @15d0c81b, Thread[#1,main,5,main], loaded=false]
[APP] net.bytebuddy.pool.TypePool$Resolution$NoSuchTypeException: Cannot resolve type description for org.apache.logging.log4j.spi.ExtendedLoggerWrapper
[APP] 	at net.bytebuddy.pool.TypePool$Resolution$Illegal.resolve(TypePool.java:190)
[APP] 	at net.bytebuddy.pool.TypePool$Default$WithLazyResolution$LazyTypeDescription.delegate(TypePool.java:1111)
[APP] 	at net.bytebuddy.description.type.TypeDescription$AbstractBase$OfSimpleType$WithDelegation.getSuperClass(TypeDescription.java:8440)
[APP] 	at net.bytebuddy.description.type.TypeDescription$AbstractBase.isAssignable(TypeDescription.java:7771)
[APP] 	at net.bytebuddy.description.type.TypeDescription$AbstractBase.isAssignableFrom(TypeDescription.java:7798)
[APP] 	at net.bytebuddy.description.type.TypeDescription$ForLoadedType.isAssignableFrom(TypeDescription.java:8759)
[APP] 	at net.bytebuddy.description.type.TypeDescription$AbstractBase.isAssignable(TypeDescription.java:7772)
[APP] 	at net.bytebuddy.description.type.TypeDescription$AbstractBase.isAssignableTo(TypeDescription.java:7812)
[APP] 	at net.bytebuddy.matcher.SubTypeMatcher.doMatch(SubTypeMatcher.java:47)
[APP] 	at net.bytebuddy.matcher.SubTypeMatcher.doMatch(SubTypeMatcher.java:26)
[APP] 	at net.bytebuddy.matcher.ElementMatcher$Junction$ForNonNullValues.matches(ElementMatcher.java:249)
[APP] 	at net.bytebuddy.matcher.ElementMatcher$Junction$Conjunction.matches(ElementMatcher.java:146)
[APP] 	at net.bytebuddy.agent.builder.AgentBuilder$RawMatcher$ForElementMatchers.matches(AgentBuilder.java:1971)
[APP] 	at net.bytebuddy.agent.builder.AgentBuilder$Default$ExecutingTransformer.doTransform(AgentBuilder.java:12427)
[APP] 	at net.bytebuddy.agent.builder.AgentBuilder$Default$ExecutingTransformer.transform(AgentBuilder.java:12385)
[APP] 	at net.bytebuddy.agent.builder.AgentBuilder$Default$ExecutingTransformer.access$1800(AgentBuilder.java:12094)
[APP] 	at net.bytebuddy.agent.builder.AgentBuilder$Default$ExecutingTransformer$Java9CapableVmDispatcher.run(AgentBuilder.java:12872)
[APP] 	at net.bytebuddy.agent.builder.AgentBuilder$Default$ExecutingTransformer$Java9CapableVmDispatcher.run(AgentBuilder.java:12804)
[APP] 	at java.base/java.security.AccessController.doPrivileged(AccessController.java:400)
[APP] 	at net.bytebuddy.agent.builder.AgentBuilder$Default$ExecutingTransformer.doPrivileged(AgentBuilder.java)
[APP] 	at net.bytebuddy.agent.builder.AgentBuilder$Default$ExecutingTransformer.transform(AgentBuilder.java:12328)
[APP] 	at net.bytebuddy.agent.builder.AgentBuilder$Default$ExecutingTransformer$ByteBuddy$ModuleSupport.transform(Unknown Source)
[APP] 	at java.instrument/sun.instrument.TransformerManager.transform(TransformerManager.java:188)
[APP] 	at java.instrument/sun.instrument.InstrumentationImpl.transform(InstrumentationImpl.java:610)
[APP] 	at java.base/java.lang.ClassLoader.defineClass1(Native Method)
[APP] 	at java.base/java.lang.ClassLoader.defineClass(ClassLoader.java:1027)
[APP] 	at java.base/java.security.SecureClassLoader.defineClass(SecureClassLoader.java:150)
[APP] 	at java.base/jdk.internal.loader.BuiltinClassLoader.defineClass(BuiltinClassLoader.java:862)
[APP] 	at java.base/jdk.internal.loader.BuiltinClassLoader.findClassOnClassPathOrNull(BuiltinClassLoader.java:760)
[APP] 	at java.base/jdk.internal.loader.BuiltinClassLoader.loadClassOrNull(BuiltinClassLoader.java:681)
[APP] 	at java.base/jdk.internal.loader.BuiltinClassLoader.loadClass(BuiltinClassLoader.java:639)
[APP] 	at java.base/jdk.internal.loader.ClassLoaders$AppClassLoader.loadClass(ClassLoaders.java:188)
[APP] 	at java.base/java.lang.ClassLoader.loadClass(ClassLoader.java:526)
[APP] 	at io.netty.util.internal.logging.Log4J2LoggerFactory.newInstance(Log4J2LoggerFactory.java:33)
[APP] 	at io.netty.util.internal.logging.InternalLoggerFactory.useLog4J2LoggerFactory(InternalLoggerFactory.java:76)
[APP] 	at io.netty.util.internal.logging.InternalLoggerFactory.newDefaultFactory(InternalLoggerFactory.java:47)
[APP] 	at io.netty.util.internal.logging.InternalLoggerFactory.getDefaultFactory(InternalLoggerFactory.java:111)
[APP] 	at io.netty.util.internal.logging.InternalLoggerFactory.getInstance(InternalLoggerFactory.java:134)
[APP] 	at io.netty.util.internal.logging.InternalLoggerFactory.getInstance(InternalLoggerFactory.java:127)
[APP] 	at io.netty.util.ResourceLeakDetector.<clinit>(ResourceLeakDetector.java:101)
[APP] 	at io.netty.buffer.AbstractByteBufAllocator.<clinit>(AbstractByteBufAllocator.java:37)
[APP] 	at io.netty.buffer.Unpooled.<clinit>(Unpooled.java:75)
[APP] 	at com.example.bytebuf.tracker.integration.testapp.BasicFlowApp.allocate$original$dyDDCFib(BasicFlowApp.java:51)
[APP] 	at com.example.bytebuf.tracker.integration.testapp.BasicFlowApp.allocate(BasicFlowApp.java)
[APP] 	at com.example.bytebuf.tracker.integration.testapp.BasicFlowApp.run(BasicFlowApp.java:39)
[APP] 	at com.example.bytebuf.tracker.integration.testapp.BasicFlowApp.main(BasicFlowApp.java:19)
[APP] [Byte Buddy] TRANSFORM io.netty.buffer.UnpooledSlicedByteBuf [jdk.internal.loader.ClassLoaders$AppClassLoader@5a07e868, unnamed module @15d0c81b, Thread[#1,main,5,main], loaded=false]
[APP] [Byte Buddy] TRANSFORM io.netty.buffer.UnpooledDuplicatedByteBuf [jdk.internal.loader.ClassLoaders$AppClassLoader@5a07e868, unnamed module @15d0c81b, Thread[#1,main,5,main], loaded=false]
[APP] [Byte Buddy] TRANSFORM io.netty.buffer.DuplicatedByteBuf [jdk.internal.loader.ClassLoaders$AppClassLoader@5a07e868, unnamed module @15d0c81b, Thread[#1,main,5,main], loaded=false]
[APP] [Byte Buddy] TRANSFORM io.netty.buffer.SwappedByteBuf [jdk.internal.loader.ClassLoaders$AppClassLoader@5a07e868, unnamed module @15d0c81b, Thread[#1,main,5,main], loaded=false]
[APP] [Byte Buddy] TRANSFORM io.netty.buffer.UnsafeHeapSwappedByteBuf [jdk.internal.loader.ClassLoaders$AppClassLoader@5a07e868, unnamed module @15d0c81b, Thread[#1,main,5,main], loaded=false]
[APP] [ObjectTrackerRegistry] Using default ByteBuf handler
[APP] Step 1: Processing 13 bytes
[APP] Step 2: Read 13 bytes
[APP] Step 3: Final processing
[APP] Cleanup: Releasing buffer
[APP] 
[APP] === Flow Summary ===
[APP] === ByteBuf Flow Summary ===
[APP] Total Root Methods: 3
[APP] Total Traversals: 5
[APP] Unique Paths: 3
[APP] Leak Paths: 2
[APP] Leak Percentage: 66.67%
[APP] 
[APP] 
[APP] === Flow Tree ===
[APP] ROOT: InstrumentedUnpooledUnsafeHeapByteBuf.release [count=2]
[APP] ROOT: BasicFlowApp.allocate_return [count=2]
[APP] ??? BasicFlowApp.processStep1 [ref=1, count=1]
[APP]     ??? BasicFlowApp.processStep1_exit [ref=1, count=1]
[APP]         ??? BasicFlowApp.processStep1_return [ref=1, count=1]
[APP]             ??? BasicFlowApp.processStep2 [ref=1, count=1]
[APP]                 ??? BasicFlowApp.processStep2_exit [ref=1, count=1]
[APP]                     ??? BasicFlowApp.processStep2_return [ref=1, count=1]
[APP]                         ??? BasicFlowApp.processStep3 [ref=1, count=1]
[APP]                             ??? BasicFlowApp.processStep3_exit [ref=1, count=1]
[APP]                                 ??? BasicFlowApp.processStep3_return [ref=1, count=1]
[APP]                                     ??? BasicFlowApp.cleanup [ref=1, count=1]
[APP]                                         ??? InstrumentedUnpooledUnsafeHeapByteBuf.release [ref=0, count=0]
[APP] ROOT: BasicFlowApp.cleanup_exit [count=1]
[APP] 
[APP] 
[APP] === Flat Paths ===
[APP] [count=1] [LEAK:ref=1] BasicFlowApp.cleanup_exit
[APP] [count=2] [LEAK:ref=1] InstrumentedUnpooledUnsafeHeapByteBuf.release
[APP] [count=0] BasicFlowApp.allocate_return -> BasicFlowApp.processStep1[1] -> BasicFlowApp.processStep1_exit[1] -> BasicFlowApp.processStep1_return[1] -> BasicFlowApp.processStep2[1] -> BasicFlowApp.processStep2_exit[1] -> BasicFlowApp.processStep2_return[1] -> BasicFlowApp.processStep3[1] -> BasicFlowApp.processStep3_exit[1] -> BasicFlowApp.processStep3_return[1] -> BasicFlowApp.cleanup[1] -> InstrumentedUnpooledUnsafeHeapByteBuf.release[0]
[APP] 
[APP] 
[APP] === BasicFlowApp Complete ===
[APP] 
[APP] === ByteBuf Flow Final Report ===
[APP] ByteBuf Flow Analysis Report
[APP] Generated: Sat Nov 08 01:39:18 UTC 2025
[APP] ================================================================================
[APP] 
[APP] === ByteBuf Flow Summary ===
[APP] Total Root Methods: 3
[APP] Total Traversals: 5
[APP] Unique Paths: 3
[APP] Leak Paths: 2
[APP] Leak Percentage: 66.67%
[APP] 
[APP] === Flow Tree ===
[APP] ROOT: InstrumentedUnpooledUnsafeHeapByteBuf.release [count=2]
[APP] ROOT: BasicFlowApp.allocate_return [count=2]
[APP] ??? BasicFlowApp.processStep1 [ref=1, count=1]
[APP]     ??? BasicFlowApp.processStep1_exit [ref=1, count=1]
[APP]         ??? BasicFlowApp.processStep1_return [ref=1, count=1]
[APP]             ??? BasicFlowApp.processStep2 [ref=1, count=1]
[APP]                 ??? BasicFlowApp.processStep2_exit [ref=1, count=1]
[APP]                     ??? BasicFlowApp.processStep2_return [ref=1, count=1]
[APP]                         ??? BasicFlowApp.processStep3 [ref=1, count=1]
[APP]                             ??? BasicFlowApp.processStep3_exit [ref=1, count=1]
[APP]                                 ??? BasicFlowApp.processStep3_return [ref=1, count=1]
[APP]                                     ??? BasicFlowApp.cleanup [ref=1, count=1]
[APP]                                         ??? InstrumentedUnpooledUnsafeHeapByteBuf.release [ref=0, count=0]
[APP] ROOT: BasicFlowApp.cleanup_exit [count=1]
[APP] 
[APP] === Potential Leaks ===
[APP] [count=1] [LEAK:ref=1] BasicFlowApp.cleanup_exit
[APP] [count=2] [LEAK:ref=1] InstrumentedUnpooledUnsafeHeapByteBuf.release
[APP] 
[APP] 
]]></system-out>
  </testcase>
</testsuite>