<?xml version="1.0" encoding="UTF-8"?>
<testsuite xmlns:xsi="http://www.w3.org/2001/XMLSchema-instance" xsi:noNamespaceSchemaLocation="https://maven.apache.org/surefire/maven-failsafe-plugin/xsd/failsafe-test-report-3.0.xsd" version="3.0" name="com.example.bytebuf.tracker.integration.LeakDetectionIT" time="6.647" tests="5" errors="0" skipped="0" failures="5">
  <properties>
[...]
</properties>
  <testcase name="testBothFlowsAreTracked" classname="com.example.bytebuf.tracker.integration.LeakDetectionIT" time="1.313">
    <failure message="Should have 2 root methods" type="java.lang.AssertionError"><![CDATA[java.lang.AssertionError: Should have 2 root methods
	at com.example.bytebuf.tracker.integration.LeakDetectionIT.testBothFlowsAreTracked(LeakDetectionIT.java:54)
	at java.base/java.lang.reflect.Method.invoke(Method.java:580)
	at java.base/java.util.ArrayList.forEach(ArrayList.java:1596)
	at java.base/java.util.ArrayList.forEach(ArrayList.java:1596)
]]></failure>
    <system-out><![CDATA[Launching: /usr/lib/jvm/java-21-openjdk-amd64/bin/java -javaagent:/home/user/bytebuddy-bytebuf-tracer/bytebuf-flow-tracker/target/bytebuf-flow-tracker-1.0.0-SNAPSHOT-agent.jar=include=com.example.bytebuf.tracker.integration.testapp -cp /home/user/bytebuddy-bytebuf-tracer/bytebuf-flow-integration-tests/target/classes:/home/user/bytebuddy-bytebuf-tracer/bytebuf-flow-integration-tests/target/test-classes:/home/user/bytebuddy-bytebuf-tracer/bytebuf-flow-integration-tests/target/bytebuf-flow-integration-tests-1.0.0-SNAPSHOT.jar:/home/user/bytebuddy-bytebuf-tracer/bytebuf-flow-tracker/target/bytebuf-flow-tracker-1.0.0-SNAPSHOT.jar:/root/.m2/repository/net/bytebuddy/byte-buddy/1.14.9/byte-buddy-1.14.9.jar:/root/.m2/repository/net/bytebuddy/byte-buddy-agent/1.14.9/byte-buddy-agent-1.14.9.jar:/root/.m2/repository/io/netty/netty-buffer/4.1.100.Final/netty-buffer-4.1.100.Final.jar:/root/.m2/repository/io/netty/netty-common/4.1.100.Final/netty-common-4.1.100.Final.jar:/root/.m2/repository/org/junit/jupiter/junit-jupiter-api/5.10.0/junit-jupiter-api-5.10.0.jar:/root/.m2/repository/org/opentest4j/opentest4j/1.3.0/opentest4j-1.3.0.jar:/root/.m2/repository/org/junit/platform/junit-platform-commons/1.10.0/junit-platform-commons-1.10.0.jar:/root/.m2/repository/org/apiguardian/apiguardian-api/1.1.2/apiguardian-api-1.1.2.jar:/root/.m2/repository/org/junit/jupiter/junit-jupiter-engine/5.10.0/junit-jupiter-engine-5.10.0.jar:/root/.m2/repository/org/junit/platform/junit-platform-engine/1.10.0/junit-platform-engine-1.10.0.jar:/root/.m2/repository/org/assertj/assertj-core/3.24.2/assertj-core-3.24.2.jar: com.example.bytebuf.tracker.integration.testapp.LeakDetectionApp
[APP] [ByteBufFlowAgent] Starting with config: AgentConfig{include=[com.example.bytebuf.tracker.integration.testapp], exclude=[], trackConstructors=[]}
[APP] [ByteBufFlowAgent] Failed to register JMX MBean: javax.management.NotCompliantMBeanException: MBean class com.example.bytebuf.tracker.agent.ByteBufFlowMBean does not implement DynamicMBean, and neither follows the Standard MBean conventions (javax.management.NotCompliantMBeanException: Class com.example.bytebuf.tracker.agent.ByteBufFlowMBean is not a JMX compliant Standard MBean) nor the MXBean conventions (javax.management.NotCompliantMBeanException: com.example.bytebuf.tracker.agent.ByteBufFlowMBean: Class com.example.bytebuf.tracker.agent.ByteBufFlowMBean is not a JMX compliant MXBean)
[APP] [ByteBufFlowAgent] Instrumentation installed successfully
[APP] === LeakDetectionApp Starting ===
[APP] Oops, forgot to release! RefCount: 1
[APP] 
[APP] === Flow Summary ===
[APP] === ByteBuf Flow Summary ===
[APP] Total Root Methods: 0
[APP] Total Traversals: 0
[APP] Unique Paths: 0
[APP] Leak Paths: 0
[APP] 
[APP] 
[APP] === Flow Tree ===
[APP] 
[APP] 
[APP] === Flat Paths ===
[APP] 
[APP] 
[APP] === LeakDetectionApp Complete ===
[APP] 
[APP] === ByteBuf Flow Final Report ===
[APP] ByteBuf Flow Analysis Report
[APP] Generated: Sat Nov 08 01:19:01 UTC 2025
[APP] ================================================================================
[APP] 
[APP] === ByteBuf Flow Summary ===
[APP] Total Root Methods: 0
[APP] Total Traversals: 0
[APP] Unique Paths: 0
[APP] Leak Paths: 0
[APP] 
[APP] === Flow Tree ===
[APP] 
[APP] === Potential Leaks ===
[APP] No leaks detected
[APP] 
[APP] 
]]></system-out>
  </testcase>
  <testcase name="testLeakIsDetected" classname="com.example.bytebuf.tracker.integration.LeakDetectionIT" time="1.316">
    <failure message="Should detect the intentional leak. Output:&#10;[ByteBufFlowAgent] Starting with config: AgentConfig{include=[com.example.bytebuf.tracker.integration.testapp], exclude=[], trackConstructors=[]}&#10;[ByteBufFlowAgent] Failed to register JMX MBean: javax.management.NotCompliantMBeanException: MBean class com.example.bytebuf.tracker.agent.ByteBufFlowMBean does not implement DynamicMBean, and neither follows the Standard MBean conventions (javax.management.NotCompliantMBeanException: Class com.example.bytebuf.tracker.agent.ByteBufFlowMBean is not a JMX compliant Standard MBean) nor the MXBean conventions (javax.management.NotCompliantMBeanException: com.example.bytebuf.tracker.agent.ByteBufFlowMBean: Class com.example.bytebuf.tracker.agent.ByteBufFlowMBean is not a JMX compliant MXBean)&#10;[ByteBufFlowAgent] Instrumentation installed successfully&#10;=== LeakDetectionApp Starting ===&#10;Oops, forgot to release! RefCount: 1&#10;&#10;=== Flow Summary ===&#10;=== ByteBuf Flow Summary ===&#10;Total Root Methods: 0&#10;Total Traversals: 0&#10;Unique Paths: 0&#10;Leak Paths: 0&#10;&#10;&#10;=== Flow Tree ===&#10;&#10;&#10;=== Flat Paths ===&#10;&#10;&#10;=== LeakDetectionApp Complete ===&#10;&#10;=== ByteBuf Flow Final Report ===&#10;ByteBuf Flow Analysis Report&#10;Generated: Sat Nov 08 01:19:02 UTC 2025&#10;================================================================================&#10;&#10;=== ByteBuf Flow Summary ===&#10;Total Root Methods: 0&#10;Total Traversals: 0&#10;Unique Paths: 0&#10;Leak Paths: 0&#10;&#10;=== Flow Tree ===&#10;&#10;=== Potential Leaks ===&#10;No leaks detected&#10;&#10;&#10;" type="org.opentest4j.AssertionFailedError"><![CDATA[org.opentest4j.AssertionFailedError: 
Should detect the intentional leak. Output:
[ByteBufFlowAgent] Starting with config: AgentConfig{include=[com.example.bytebuf.tracker.integration.testapp], exclude=[], trackConstructors=[]}
[ByteBufFlowAgent] Failed to register JMX MBean: javax.management.NotCompliantMBeanException: MBean class com.example.bytebuf.tracker.agent.ByteBufFlowMBean does not implement DynamicMBean, and neither follows the Standard MBean conventions (javax.management.NotCompliantMBeanException: Class com.example.bytebuf.tracker.agent.ByteBufFlowMBean is not a JMX compliant Standard MBean) nor the MXBean conventions (javax.management.NotCompliantMBeanException: com.example.bytebuf.tracker.agent.ByteBufFlowMBean: Class com.example.bytebuf.tracker.agent.ByteBufFlowMBean is not a JMX compliant MXBean)
[ByteBufFlowAgent] Instrumentation installed successfully
=== LeakDetectionApp Starting ===
Oops, forgot to release! RefCount: 1

=== Flow Summary ===
=== ByteBuf Flow Summary ===
Total Root Methods: 0
Total Traversals: 0
Unique Paths: 0
Leak Paths: 0


=== Flow Tree ===


=== Flat Paths ===


=== LeakDetectionApp Complete ===

=== ByteBuf Flow Final Report ===
ByteBuf Flow Analysis Report
Generated: Sat Nov 08 01:19:02 UTC 2025
================================================================================

=== ByteBuf Flow Summary ===
Total Root Methods: 0
Total Traversals: 0
Unique Paths: 0
Leak Paths: 0

=== Flow Tree ===

=== Potential Leaks ===
No leaks detected



	at java.base/jdk.internal.reflect.DirectConstructorHandleAccessor.newInstance(DirectConstructorHandleAccessor.java:62)
	at java.base/java.lang.reflect.Constructor.newInstanceWithCaller(Constructor.java:502)
	at com.example.bytebuf.tracker.integration.LeakDetectionIT.testLeakIsDetected(LeakDetectionIT.java:39)
	at java.base/java.lang.reflect.Method.invoke(Method.java:580)
	at java.base/java.util.ArrayList.forEach(ArrayList.java:1596)
	at java.base/java.util.ArrayList.forEach(ArrayList.java:1596)
]]></failure>
    <system-out><![CDATA[Launching: /usr/lib/jvm/java-21-openjdk-amd64/bin/java -javaagent:/home/user/bytebuddy-bytebuf-tracer/bytebuf-flow-tracker/target/bytebuf-flow-tracker-1.0.0-SNAPSHOT-agent.jar=include=com.example.bytebuf.tracker.integration.testapp -cp /home/user/bytebuddy-bytebuf-tracer/bytebuf-flow-integration-tests/target/classes:/home/user/bytebuddy-bytebuf-tracer/bytebuf-flow-integration-tests/target/test-classes:/home/user/bytebuddy-bytebuf-tracer/bytebuf-flow-integration-tests/target/bytebuf-flow-integration-tests-1.0.0-SNAPSHOT.jar:/home/user/bytebuddy-bytebuf-tracer/bytebuf-flow-tracker/target/bytebuf-flow-tracker-1.0.0-SNAPSHOT.jar:/root/.m2/repository/net/bytebuddy/byte-buddy/1.14.9/byte-buddy-1.14.9.jar:/root/.m2/repository/net/bytebuddy/byte-buddy-agent/1.14.9/byte-buddy-agent-1.14.9.jar:/root/.m2/repository/io/netty/netty-buffer/4.1.100.Final/netty-buffer-4.1.100.Final.jar:/root/.m2/repository/io/netty/netty-common/4.1.100.Final/netty-common-4.1.100.Final.jar:/root/.m2/repository/org/junit/jupiter/junit-jupiter-api/5.10.0/junit-jupiter-api-5.10.0.jar:/root/.m2/repository/org/opentest4j/opentest4j/1.3.0/opentest4j-1.3.0.jar:/root/.m2/repository/org/junit/platform/junit-platform-commons/1.10.0/junit-platform-commons-1.10.0.jar:/root/.m2/repository/org/apiguardian/apiguardian-api/1.1.2/apiguardian-api-1.1.2.jar:/root/.m2/repository/org/junit/jupiter/junit-jupiter-engine/5.10.0/junit-jupiter-engine-5.10.0.jar:/root/.m2/repository/org/junit/platform/junit-platform-engine/1.10.0/junit-platform-engine-1.10.0.jar:/root/.m2/repository/org/assertj/assertj-core/3.24.2/assertj-core-3.24.2.jar: com.example.bytebuf.tracker.integration.testapp.LeakDetectionApp
[APP] [ByteBufFlowAgent] Starting with config: AgentConfig{include=[com.example.bytebuf.tracker.integration.testapp], exclude=[], trackConstructors=[]}
[APP] [ByteBufFlowAgent] Failed to register JMX MBean: javax.management.NotCompliantMBeanException: MBean class com.example.bytebuf.tracker.agent.ByteBufFlowMBean does not implement DynamicMBean, and neither follows the Standard MBean conventions (javax.management.NotCompliantMBeanException: Class com.example.bytebuf.tracker.agent.ByteBufFlowMBean is not a JMX compliant Standard MBean) nor the MXBean conventions (javax.management.NotCompliantMBeanException: com.example.bytebuf.tracker.agent.ByteBufFlowMBean: Class com.example.bytebuf.tracker.agent.ByteBufFlowMBean is not a JMX compliant MXBean)
[APP] [ByteBufFlowAgent] Instrumentation installed successfully
[APP] === LeakDetectionApp Starting ===
[APP] Oops, forgot to release! RefCount: 1
[APP] 
[APP] === Flow Summary ===
[APP] === ByteBuf Flow Summary ===
[APP] Total Root Methods: 0
[APP] Total Traversals: 0
[APP] Unique Paths: 0
[APP] Leak Paths: 0
[APP] 
[APP] 
[APP] === Flow Tree ===
[APP] 
[APP] 
[APP] === Flat Paths ===
[APP] 
[APP] 
[APP] === LeakDetectionApp Complete ===
[APP] 
[APP] === ByteBuf Flow Final Report ===
[APP] ByteBuf Flow Analysis Report
[APP] Generated: Sat Nov 08 01:19:02 UTC 2025
[APP] ================================================================================
[APP] 
[APP] === ByteBuf Flow Summary ===
[APP] Total Root Methods: 0
[APP] Total Traversals: 0
[APP] Unique Paths: 0
[APP] Leak Paths: 0
[APP] 
[APP] === Flow Tree ===
[APP] 
[APP] === Potential Leaks ===
[APP] No leaks detected
[APP] 
[APP] 
]]></system-out>
  </testcase>
  <testcase name="testLeakyFlowIsFlagged" classname="com.example.bytebuf.tracker.integration.LeakDetectionIT" time="1.28">
    <failure message="&#10;Expecting actual:&#10;  &quot;=== Flat Paths ===&quot;&#10;to contain:&#10;  &quot;allocateLeaky&quot; " type="java.lang.AssertionError"><![CDATA[java.lang.AssertionError: 

Expecting actual:
  "=== Flat Paths ==="
to contain:
  "allocateLeaky" 
	at com.example.bytebuf.tracker.integration.LeakDetectionIT.testLeakyFlowIsFlagged(LeakDetectionIT.java:106)
	at java.base/java.lang.reflect.Method.invoke(Method.java:580)
	at java.base/java.util.ArrayList.forEach(ArrayList.java:1596)
	at java.base/java.util.ArrayList.forEach(ArrayList.java:1596)
]]></failure>
    <system-out><![CDATA[Launching: /usr/lib/jvm/java-21-openjdk-amd64/bin/java -javaagent:/home/user/bytebuddy-bytebuf-tracer/bytebuf-flow-tracker/target/bytebuf-flow-tracker-1.0.0-SNAPSHOT-agent.jar=include=com.example.bytebuf.tracker.integration.testapp -cp /home/user/bytebuddy-bytebuf-tracer/bytebuf-flow-integration-tests/target/classes:/home/user/bytebuddy-bytebuf-tracer/bytebuf-flow-integration-tests/target/test-classes:/home/user/bytebuddy-bytebuf-tracer/bytebuf-flow-integration-tests/target/bytebuf-flow-integration-tests-1.0.0-SNAPSHOT.jar:/home/user/bytebuddy-bytebuf-tracer/bytebuf-flow-tracker/target/bytebuf-flow-tracker-1.0.0-SNAPSHOT.jar:/root/.m2/repository/net/bytebuddy/byte-buddy/1.14.9/byte-buddy-1.14.9.jar:/root/.m2/repository/net/bytebuddy/byte-buddy-agent/1.14.9/byte-buddy-agent-1.14.9.jar:/root/.m2/repository/io/netty/netty-buffer/4.1.100.Final/netty-buffer-4.1.100.Final.jar:/root/.m2/repository/io/netty/netty-common/4.1.100.Final/netty-common-4.1.100.Final.jar:/root/.m2/repository/org/junit/jupiter/junit-jupiter-api/5.10.0/junit-jupiter-api-5.10.0.jar:/root/.m2/repository/org/opentest4j/opentest4j/1.3.0/opentest4j-1.3.0.jar:/root/.m2/repository/org/junit/platform/junit-platform-commons/1.10.0/junit-platform-commons-1.10.0.jar:/root/.m2/repository/org/apiguardian/apiguardian-api/1.1.2/apiguardian-api-1.1.2.jar:/root/.m2/repository/org/junit/jupiter/junit-jupiter-engine/5.10.0/junit-jupiter-engine-5.10.0.jar:/root/.m2/repository/org/junit/platform/junit-platform-engine/1.10.0/junit-platform-engine-1.10.0.jar:/root/.m2/repository/org/assertj/assertj-core/3.24.2/assertj-core-3.24.2.jar: com.example.bytebuf.tracker.integration.testapp.LeakDetectionApp
[APP] [ByteBufFlowAgent] Starting with config: AgentConfig{include=[com.example.bytebuf.tracker.integration.testapp], exclude=[], trackConstructors=[]}
[APP] [ByteBufFlowAgent] Failed to register JMX MBean: javax.management.NotCompliantMBeanException: MBean class com.example.bytebuf.tracker.agent.ByteBufFlowMBean does not implement DynamicMBean, and neither follows the Standard MBean conventions (javax.management.NotCompliantMBeanException: Class com.example.bytebuf.tracker.agent.ByteBufFlowMBean is not a JMX compliant Standard MBean) nor the MXBean conventions (javax.management.NotCompliantMBeanException: com.example.bytebuf.tracker.agent.ByteBufFlowMBean: Class com.example.bytebuf.tracker.agent.ByteBufFlowMBean is not a JMX compliant MXBean)
[APP] [ByteBufFlowAgent] Instrumentation installed successfully
[APP] === LeakDetectionApp Starting ===
[APP] Oops, forgot to release! RefCount: 1
[APP] 
[APP] === Flow Summary ===
[APP] === ByteBuf Flow Summary ===
[APP] Total Root Methods: 0
[APP] Total Traversals: 0
[APP] Unique Paths: 0
[APP] Leak Paths: 0
[APP] 
[APP] 
[APP] === Flow Tree ===
[APP] 
[APP] 
[APP] === Flat Paths ===
[APP] 
[APP] 
[APP] === LeakDetectionApp Complete ===
[APP] 
[APP] === ByteBuf Flow Final Report ===
[APP] ByteBuf Flow Analysis Report
[APP] Generated: Sat Nov 08 01:19:04 UTC 2025
[APP] ================================================================================
[APP] 
[APP] === ByteBuf Flow Summary ===
[APP] Total Root Methods: 0
[APP] Total Traversals: 0
[APP] Unique Paths: 0
[APP] Leak Paths: 0
[APP] 
[APP] === Flow Tree ===
[APP] 
[APP] === Potential Leaks ===
[APP] No leaks detected
[APP] 
[APP] 
]]></system-out>
  </testcase>
  <testcase name="testLeakMethodIsEndNode" classname="com.example.bytebuf.tracker.integration.LeakDetectionIT" time="1.368">
    <failure message="forgetToRelease method should be in the flow" type="org.opentest4j.AssertionFailedError"><![CDATA[org.opentest4j.AssertionFailedError: forgetToRelease method should be in the flow
	at java.base/jdk.internal.reflect.DirectConstructorHandleAccessor.newInstance(DirectConstructorHandleAccessor.java:62)
	at java.base/java.lang.reflect.Constructor.newInstanceWithCaller(Constructor.java:502)
	at com.example.bytebuf.tracker.integration.LeakDetectionIT.testLeakMethodIsEndNode(LeakDetectionIT.java:128)
	at java.base/java.lang.reflect.Method.invoke(Method.java:580)
	at java.base/java.util.ArrayList.forEach(ArrayList.java:1596)
	at java.base/java.util.ArrayList.forEach(ArrayList.java:1596)
]]></failure>
    <system-out><![CDATA[Launching: /usr/lib/jvm/java-21-openjdk-amd64/bin/java -javaagent:/home/user/bytebuddy-bytebuf-tracer/bytebuf-flow-tracker/target/bytebuf-flow-tracker-1.0.0-SNAPSHOT-agent.jar=include=com.example.bytebuf.tracker.integration.testapp -cp /home/user/bytebuddy-bytebuf-tracer/bytebuf-flow-integration-tests/target/classes:/home/user/bytebuddy-bytebuf-tracer/bytebuf-flow-integration-tests/target/test-classes:/home/user/bytebuddy-bytebuf-tracer/bytebuf-flow-integration-tests/target/bytebuf-flow-integration-tests-1.0.0-SNAPSHOT.jar:/home/user/bytebuddy-bytebuf-tracer/bytebuf-flow-tracker/target/bytebuf-flow-tracker-1.0.0-SNAPSHOT.jar:/root/.m2/repository/net/bytebuddy/byte-buddy/1.14.9/byte-buddy-1.14.9.jar:/root/.m2/repository/net/bytebuddy/byte-buddy-agent/1.14.9/byte-buddy-agent-1.14.9.jar:/root/.m2/repository/io/netty/netty-buffer/4.1.100.Final/netty-buffer-4.1.100.Final.jar:/root/.m2/repository/io/netty/netty-common/4.1.100.Final/netty-common-4.1.100.Final.jar:/root/.m2/repository/org/junit/jupiter/junit-jupiter-api/5.10.0/junit-jupiter-api-5.10.0.jar:/root/.m2/repository/org/opentest4j/opentest4j/1.3.0/opentest4j-1.3.0.jar:/root/.m2/repository/org/junit/platform/junit-platform-commons/1.10.0/junit-platform-commons-1.10.0.jar:/root/.m2/repository/org/apiguardian/apiguardian-api/1.1.2/apiguardian-api-1.1.2.jar:/root/.m2/repository/org/junit/jupiter/junit-jupiter-engine/5.10.0/junit-jupiter-engine-5.10.0.jar:/root/.m2/repository/org/junit/platform/junit-platform-engine/1.10.0/junit-platform-engine-1.10.0.jar:/root/.m2/repository/org/assertj/assertj-core/3.24.2/assertj-core-3.24.2.jar: com.example.bytebuf.tracker.integration.testapp.LeakDetectionApp
[APP] [ByteBufFlowAgent] Starting with config: AgentConfig{include=[com.example.bytebuf.tracker.integration.testapp], exclude=[], trackConstructors=[]}
[APP] [ByteBufFlowAgent] Failed to register JMX MBean: javax.management.NotCompliantMBeanException: MBean class com.example.bytebuf.tracker.agent.ByteBufFlowMBean does not implement DynamicMBean, and neither follows the Standard MBean conventions (javax.management.NotCompliantMBeanException: Class com.example.bytebuf.tracker.agent.ByteBufFlowMBean is not a JMX compliant Standard MBean) nor the MXBean conventions (javax.management.NotCompliantMBeanException: com.example.bytebuf.tracker.agent.ByteBufFlowMBean: Class com.example.bytebuf.tracker.agent.ByteBufFlowMBean is not a JMX compliant MXBean)
[APP] [ByteBufFlowAgent] Instrumentation installed successfully
[APP] === LeakDetectionApp Starting ===
[APP] Oops, forgot to release! RefCount: 1
[APP] 
[APP] === Flow Summary ===
[APP] === ByteBuf Flow Summary ===
[APP] Total Root Methods: 0
[APP] Total Traversals: 0
[APP] Unique Paths: 0
[APP] Leak Paths: 0
[APP] 
[APP] 
[APP] === Flow Tree ===
[APP] 
[APP] 
[APP] === Flat Paths ===
[APP] 
[APP] 
[APP] === LeakDetectionApp Complete ===
[APP] 
[APP] === ByteBuf Flow Final Report ===
[APP] ByteBuf Flow Analysis Report
[APP] Generated: Sat Nov 08 01:19:05 UTC 2025
[APP] ================================================================================
[APP] 
[APP] === ByteBuf Flow Summary ===
[APP] Total Root Methods: 0
[APP] Total Traversals: 0
[APP] Unique Paths: 0
[APP] Leak Paths: 0
[APP] 
[APP] === Flow Tree ===
[APP] 
[APP] === Potential Leaks ===
[APP] No leaks detected
[APP] 
[APP] 
]]></system-out>
  </testcase>
  <testcase name="testNormalFlowHasNoLeak" classname="com.example.bytebuf.tracker.integration.LeakDetectionIT" time="1.364">
    <failure message="&#10;Expecting actual:&#10;  &quot;=== Flat Paths ===&quot;&#10;to contain:&#10;  &quot;allocateNormal&quot; " type="java.lang.AssertionError"><![CDATA[java.lang.AssertionError: 

Expecting actual:
  "=== Flat Paths ==="
to contain:
  "allocateNormal" 
	at com.example.bytebuf.tracker.integration.LeakDetectionIT.testNormalFlowHasNoLeak(LeakDetectionIT.java:84)
	at java.base/java.lang.reflect.Method.invoke(Method.java:580)
	at java.base/java.util.ArrayList.forEach(ArrayList.java:1596)
	at java.base/java.util.ArrayList.forEach(ArrayList.java:1596)
]]></failure>
    <system-out><![CDATA[Launching: /usr/lib/jvm/java-21-openjdk-amd64/bin/java -javaagent:/home/user/bytebuddy-bytebuf-tracer/bytebuf-flow-tracker/target/bytebuf-flow-tracker-1.0.0-SNAPSHOT-agent.jar=include=com.example.bytebuf.tracker.integration.testapp -cp /home/user/bytebuddy-bytebuf-tracer/bytebuf-flow-integration-tests/target/classes:/home/user/bytebuddy-bytebuf-tracer/bytebuf-flow-integration-tests/target/test-classes:/home/user/bytebuddy-bytebuf-tracer/bytebuf-flow-integration-tests/target/bytebuf-flow-integration-tests-1.0.0-SNAPSHOT.jar:/home/user/bytebuddy-bytebuf-tracer/bytebuf-flow-tracker/target/bytebuf-flow-tracker-1.0.0-SNAPSHOT.jar:/root/.m2/repository/net/bytebuddy/byte-buddy/1.14.9/byte-buddy-1.14.9.jar:/root/.m2/repository/net/bytebuddy/byte-buddy-agent/1.14.9/byte-buddy-agent-1.14.9.jar:/root/.m2/repository/io/netty/netty-buffer/4.1.100.Final/netty-buffer-4.1.100.Final.jar:/root/.m2/repository/io/netty/netty-common/4.1.100.Final/netty-common-4.1.100.Final.jar:/root/.m2/repository/org/junit/jupiter/junit-jupiter-api/5.10.0/junit-jupiter-api-5.10.0.jar:/root/.m2/repository/org/opentest4j/opentest4j/1.3.0/opentest4j-1.3.0.jar:/root/.m2/repository/org/junit/platform/junit-platform-commons/1.10.0/junit-platform-commons-1.10.0.jar:/root/.m2/repository/org/apiguardian/apiguardian-api/1.1.2/apiguardian-api-1.1.2.jar:/root/.m2/repository/org/junit/jupiter/junit-jupiter-engine/5.10.0/junit-jupiter-engine-5.10.0.jar:/root/.m2/repository/org/junit/platform/junit-platform-engine/1.10.0/junit-platform-engine-1.10.0.jar:/root/.m2/repository/org/assertj/assertj-core/3.24.2/assertj-core-3.24.2.jar: com.example.bytebuf.tracker.integration.testapp.LeakDetectionApp
[APP] [ByteBufFlowAgent] Starting with config: AgentConfig{include=[com.example.bytebuf.tracker.integration.testapp], exclude=[], trackConstructors=[]}
[APP] [ByteBufFlowAgent] Failed to register JMX MBean: javax.management.NotCompliantMBeanException: MBean class com.example.bytebuf.tracker.agent.ByteBufFlowMBean does not implement DynamicMBean, and neither follows the Standard MBean conventions (javax.management.NotCompliantMBeanException: Class com.example.bytebuf.tracker.agent.ByteBufFlowMBean is not a JMX compliant Standard MBean) nor the MXBean conventions (javax.management.NotCompliantMBeanException: com.example.bytebuf.tracker.agent.ByteBufFlowMBean: Class com.example.bytebuf.tracker.agent.ByteBufFlowMBean is not a JMX compliant MXBean)
[APP] [ByteBufFlowAgent] Instrumentation installed successfully
[APP] === LeakDetectionApp Starting ===
[APP] Oops, forgot to release! RefCount: 1
[APP] 
[APP] === Flow Summary ===
[APP] === ByteBuf Flow Summary ===
[APP] Total Root Methods: 0
[APP] Total Traversals: 0
[APP] Unique Paths: 0
[APP] Leak Paths: 0
[APP] 
[APP] 
[APP] === Flow Tree ===
[APP] 
[APP] 
[APP] === Flat Paths ===
[APP] 
[APP] 
[APP] === LeakDetectionApp Complete ===
[APP] 
[APP] === ByteBuf Flow Final Report ===
[APP] ByteBuf Flow Analysis Report
[APP] Generated: Sat Nov 08 01:19:06 UTC 2025
[APP] ================================================================================
[APP] 
[APP] === ByteBuf Flow Summary ===
[APP] Total Root Methods: 0
[APP] Total Traversals: 0
[APP] Unique Paths: 0
[APP] Leak Paths: 0
[APP] 
[APP] === Flow Tree ===
[APP] 
[APP] === Potential Leaks ===
[APP] No leaks detected
[APP] 
[APP] 
]]></system-out>
  </testcase>
</testsuite>