<?xml version="1.0" encoding="UTF-8"?>
<testsuite xmlns:xsi="http://www.w3.org/2001/XMLSchema-instance" xsi:noNamespaceSchemaLocation="https://maven.apache.org/surefire/maven-failsafe-plugin/xsd/failsafe-test-report-3.0.xsd" version="3.0" name="com.example.bytebuf.tracker.integration.ConstructorTrackingIT" time="9.215" tests="4" errors="0" skipped="0" failures="4">
  <properties>
[...]
</properties>
  <testcase name="testWildcardConstructorTracking" classname="com.example.bytebuf.tracker.integration.ConstructorTrackingIT" time="2.223">
    <failure message="Constructor should be tracked with wildcard pattern" type="org.opentest4j.AssertionFailedError"><![CDATA[org.opentest4j.AssertionFailedError: Constructor should be tracked with wildcard pattern
	at java.base/jdk.internal.reflect.DirectConstructorHandleAccessor.newInstance(DirectConstructorHandleAccessor.java:62)
	at java.base/java.lang.reflect.Constructor.newInstanceWithCaller(Constructor.java:502)
	at com.example.bytebuf.tracker.integration.ConstructorTrackingIT.testWildcardConstructorTracking(ConstructorTrackingIT.java:130)
	at java.base/java.lang.reflect.Method.invoke(Method.java:580)
	at java.base/java.util.ArrayList.forEach(ArrayList.java:1596)
	at java.base/java.util.ArrayList.forEach(ArrayList.java:1596)
]]></failure>
    <system-out><![CDATA[Launching: /usr/lib/jvm/java-21-openjdk-amd64/bin/java -javaagent:/home/user/bytebuddy-bytebuf-tracer/bytebuf-flow-tracker/target/bytebuf-flow-tracker-1.0.0-SNAPSHOT-agent.jar=include=com.example.bytebuf.tracker.integration.testapp;trackConstructors=com.example.bytebuf.tracker.integration.testapp.* -cp /home/user/bytebuddy-bytebuf-tracer/bytebuf-flow-integration-tests/target/classes:/home/user/bytebuddy-bytebuf-tracer/bytebuf-flow-integration-tests/target/test-classes:/home/user/bytebuddy-bytebuf-tracer/bytebuf-flow-integration-tests/target/bytebuf-flow-integration-tests-1.0.0-SNAPSHOT.jar:/root/.m2/repository/com/example/bytebuf/bytebuf-flow-tracker/1.0.0-SNAPSHOT/bytebuf-flow-tracker-1.0.0-SNAPSHOT.jar:/root/.m2/repository/io/netty/netty-buffer/4.1.100.Final/netty-buffer-4.1.100.Final.jar:/root/.m2/repository/io/netty/netty-common/4.1.100.Final/netty-common-4.1.100.Final.jar:/root/.m2/repository/org/junit/jupiter/junit-jupiter-api/5.10.0/junit-jupiter-api-5.10.0.jar:/root/.m2/repository/org/opentest4j/opentest4j/1.3.0/opentest4j-1.3.0.jar:/root/.m2/repository/org/junit/platform/junit-platform-commons/1.10.0/junit-platform-commons-1.10.0.jar:/root/.m2/repository/org/apiguardian/apiguardian-api/1.1.2/apiguardian-api-1.1.2.jar:/root/.m2/repository/org/junit/jupiter/junit-jupiter-engine/5.10.0/junit-jupiter-engine-5.10.0.jar:/root/.m2/repository/org/junit/platform/junit-platform-engine/1.10.0/junit-platform-engine-1.10.0.jar:/root/.m2/repository/org/assertj/assertj-core/3.24.2/assertj-core-3.24.2.jar:/root/.m2/repository/net/bytebuddy/byte-buddy/1.14.9/byte-buddy-1.14.9.jar: com.example.bytebuf.tracker.integration.testapp.ConstructorTrackingApp
[APP] [ByteBufFlowAgent] Starting with config: AgentConfig{include=[com.example.bytebuf.tracker.integration.testapp], exclude=[], trackConstructors=[com.example.bytebuf.tracker.integration.testapp.*]}
[APP] [ByteBufFlowAgent] Failed to register JMX MBean: javax.management.NotCompliantMBeanException: MBean class com.example.bytebuf.tracker.agent.ByteBufFlowMBean does not implement DynamicMBean, and neither follows the Standard MBean conventions (javax.management.NotCompliantMBeanException: Class com.example.bytebuf.tracker.agent.ByteBufFlowMBean is not a JMX compliant Standard MBean) nor the MXBean conventions (javax.management.NotCompliantMBeanException: com.example.bytebuf.tracker.agent.ByteBufFlowMBean: Class com.example.bytebuf.tracker.agent.ByteBufFlowMBean is not a JMX compliant MXBean)
[APP] [ByteBufFlowAgent] Constructor tracking enabled for: [com.example.bytebuf.tracker.integration.testapp.*]
[APP] [ByteBufFlowAgent] ByteBuf lifecycle tracking enabled (release/retain)
[APP] [ByteBufFlowAgent] Instrumentation installed successfully
[APP] === ConstructorTrackingApp Starting ===
[APP] [Byte Buddy] TRANSFORM io.netty.buffer.ReadOnlyByteBuf [jdk.internal.loader.ClassLoaders$AppClassLoader@5a07e868, unnamed module @15d0c81b, Thread[#1,main,5,main], loaded=false]
[APP] [Byte Buddy] TRANSFORM io.netty.buffer.UnreleasableByteBuf [jdk.internal.loader.ClassLoaders$AppClassLoader@5a07e868, unnamed module @15d0c81b, Thread[#1,main,5,main], loaded=false]
[APP] [Byte Buddy] TRANSFORM io.netty.buffer.WrappedByteBuf [jdk.internal.loader.ClassLoaders$AppClassLoader@5a07e868, unnamed module @15d0c81b, Thread[#1,main,5,main], loaded=false]
[APP] [Byte Buddy] TRANSFORM io.netty.buffer.FixedCompositeByteBuf [jdk.internal.loader.ClassLoaders$AppClassLoader@5a07e868, unnamed module @15d0c81b, Thread[#1,main,5,main], loaded=false]
[APP] [Byte Buddy] TRANSFORM io.netty.buffer.CompositeByteBuf [jdk.internal.loader.ClassLoaders$AppClassLoader@5a07e868, unnamed module @15d0c81b, Thread[#1,main,5,main], loaded=false]
[APP] [Byte Buddy] TRANSFORM io.netty.buffer.UnpooledHeapByteBuf [jdk.internal.loader.ClassLoaders$AppClassLoader@5a07e868, unnamed module @15d0c81b, Thread[#1,main,5,main], loaded=false]
[APP] [Byte Buddy] TRANSFORM io.netty.buffer.WrappedUnpooledUnsafeDirectByteBuf [jdk.internal.loader.ClassLoaders$AppClassLoader@5a07e868, unnamed module @15d0c81b, Thread[#1,main,5,main], loaded=false]
[APP] [Byte Buddy] TRANSFORM io.netty.buffer.UnpooledUnsafeDirectByteBuf [jdk.internal.loader.ClassLoaders$AppClassLoader@5a07e868, unnamed module @15d0c81b, Thread[#1,main,5,main], loaded=false]
[APP] [Byte Buddy] TRANSFORM io.netty.buffer.UnpooledDirectByteBuf [jdk.internal.loader.ClassLoaders$AppClassLoader@5a07e868, unnamed module @15d0c81b, Thread[#1,main,5,main], loaded=false]
[APP] [Byte Buddy] TRANSFORM io.netty.buffer.ReadOnlyUnsafeDirectByteBuf [jdk.internal.loader.ClassLoaders$AppClassLoader@5a07e868, unnamed module @15d0c81b, Thread[#1,main,5,main], loaded=false]
[APP] [Byte Buddy] TRANSFORM io.netty.buffer.ReadOnlyByteBufferBuf [jdk.internal.loader.ClassLoaders$AppClassLoader@5a07e868, unnamed module @15d0c81b, Thread[#1,main,5,main], loaded=false]
[APP] [Byte Buddy] TRANSFORM io.netty.buffer.EmptyByteBuf [jdk.internal.loader.ClassLoaders$AppClassLoader@5a07e868, unnamed module @15d0c81b, Thread[#1,main,5,main], loaded=false]
[APP] [Byte Buddy] TRANSFORM io.netty.buffer.SimpleLeakAwareCompositeByteBuf [jdk.internal.loader.ClassLoaders$AppClassLoader@5a07e868, unnamed module @15d0c81b, Thread[#1,main,5,main], loaded=false]
[APP] [Byte Buddy] TRANSFORM io.netty.buffer.WrappedCompositeByteBuf [jdk.internal.loader.ClassLoaders$AppClassLoader@5a07e868, unnamed module @15d0c81b, Thread[#1,main,5,main], loaded=false]
[APP] [Byte Buddy] TRANSFORM io.netty.buffer.AdvancedLeakAwareCompositeByteBuf [jdk.internal.loader.ClassLoaders$AppClassLoader@5a07e868, unnamed module @15d0c81b, Thread[#1,main,5,main], loaded=false]
[APP] [Byte Buddy] TRANSFORM io.netty.buffer.SimpleLeakAwareByteBuf [jdk.internal.loader.ClassLoaders$AppClassLoader@5a07e868, unnamed module @15d0c81b, Thread[#1,main,5,main], loaded=false]
[APP] [Byte Buddy] TRANSFORM io.netty.buffer.AdvancedLeakAwareByteBuf [jdk.internal.loader.ClassLoaders$AppClassLoader@5a07e868, unnamed module @15d0c81b, Thread[#1,main,5,main], loaded=false]
[APP] [Byte Buddy] TRANSFORM io.netty.buffer.UnpooledByteBufAllocator$InstrumentedUnpooledUnsafeHeapByteBuf [jdk.internal.loader.ClassLoaders$AppClassLoader@5a07e868, unnamed module @15d0c81b, Thread[#1,main,5,main], loaded=false]
[APP] [Byte Buddy] TRANSFORM io.netty.buffer.UnpooledUnsafeHeapByteBuf [jdk.internal.loader.ClassLoaders$AppClassLoader@5a07e868, unnamed module @15d0c81b, Thread[#1,main,5,main], loaded=false]
[APP] [Byte Buddy] TRANSFORM io.netty.buffer.UnpooledByteBufAllocator$InstrumentedUnpooledHeapByteBuf [jdk.internal.loader.ClassLoaders$AppClassLoader@5a07e868, unnamed module @15d0c81b, Thread[#1,main,5,main], loaded=false]
[APP] [Byte Buddy] TRANSFORM io.netty.buffer.UnpooledByteBufAllocator$InstrumentedUnpooledUnsafeNoCleanerDirectByteBuf [jdk.internal.loader.ClassLoaders$AppClassLoader@5a07e868, unnamed module @15d0c81b, Thread[#1,main,5,main], loaded=false]
[APP] [Byte Buddy] TRANSFORM io.netty.buffer.UnpooledUnsafeNoCleanerDirectByteBuf [jdk.internal.loader.ClassLoaders$AppClassLoader@5a07e868, unnamed module @15d0c81b, Thread[#1,main,5,main], loaded=false]
[APP] [Byte Buddy] TRANSFORM io.netty.buffer.UnpooledByteBufAllocator$InstrumentedUnpooledUnsafeDirectByteBuf [jdk.internal.loader.ClassLoaders$AppClassLoader@5a07e868, unnamed module @15d0c81b, Thread[#1,main,5,main], loaded=false]
[APP] [Byte Buddy] TRANSFORM io.netty.buffer.UnpooledByteBufAllocator$InstrumentedUnpooledDirectByteBuf [jdk.internal.loader.ClassLoaders$AppClassLoader@5a07e868, unnamed module @15d0c81b, Thread[#1,main,5,main], loaded=false]
[APP] [Byte Buddy] ERROR io.netty.util.internal.logging.Log4J2Logger [jdk.internal.loader.ClassLoaders$AppClassLoader@5a07e868, unnamed module @15d0c81b, Thread[#1,main,5,main], loaded=false]
[APP] net.bytebuddy.pool.TypePool$Resolution$NoSuchTypeException: Cannot resolve type description for org.apache.logging.log4j.spi.ExtendedLoggerWrapper
[APP] 	at net.bytebuddy.pool.TypePool$Resolution$Illegal.resolve(TypePool.java:190)
[APP] 	at net.bytebuddy.pool.TypePool$Default$WithLazyResolution$LazyTypeDescription.delegate(TypePool.java:1111)
[APP] 	at net.bytebuddy.description.type.TypeDescription$AbstractBase$OfSimpleType$WithDelegation.getSuperClass(TypeDescription.java:8440)
[APP] 	at net.bytebuddy.description.type.TypeDescription$AbstractBase.isAssignable(TypeDescription.java:7771)
[APP] 	at net.bytebuddy.description.type.TypeDescription$AbstractBase.isAssignableFrom(TypeDescription.java:7798)
[APP] 	at net.bytebuddy.description.type.TypeDescription$ForLoadedType.isAssignableFrom(TypeDescription.java:8759)
[APP] 	at net.bytebuddy.description.type.TypeDescription$AbstractBase.isAssignable(TypeDescription.java:7772)
[APP] 	at net.bytebuddy.description.type.TypeDescription$AbstractBase.isAssignableTo(TypeDescription.java:7812)
[APP] 	at net.bytebuddy.matcher.SubTypeMatcher.doMatch(SubTypeMatcher.java:47)
[APP] 	at net.bytebuddy.matcher.SubTypeMatcher.doMatch(SubTypeMatcher.java:26)
[APP] 	at net.bytebuddy.matcher.ElementMatcher$Junction$ForNonNullValues.matches(ElementMatcher.java:249)
[APP] 	at net.bytebuddy.matcher.ElementMatcher$Junction$Conjunction.matches(ElementMatcher.java:146)
[APP] 	at net.bytebuddy.agent.builder.AgentBuilder$RawMatcher$ForElementMatchers.matches(AgentBuilder.java:1971)
[APP] 	at net.bytebuddy.agent.builder.AgentBuilder$Default$ExecutingTransformer.doTransform(AgentBuilder.java:12427)
[APP] 	at net.bytebuddy.agent.builder.AgentBuilder$Default$ExecutingTransformer.transform(AgentBuilder.java:12385)
[APP] 	at net.bytebuddy.agent.builder.AgentBuilder$Default$ExecutingTransformer.access$1800(AgentBuilder.java:12094)
[APP] 	at net.bytebuddy.agent.builder.AgentBuilder$Default$ExecutingTransformer$Java9CapableVmDispatcher.run(AgentBuilder.java:12872)
[APP] 	at net.bytebuddy.agent.builder.AgentBuilder$Default$ExecutingTransformer$Java9CapableVmDispatcher.run(AgentBuilder.java:12804)
[APP] 	at java.base/java.security.AccessController.doPrivileged(AccessController.java:400)
[APP] 	at net.bytebuddy.agent.builder.AgentBuilder$Default$ExecutingTransformer.doPrivileged(AgentBuilder.java)
[APP] 	at net.bytebuddy.agent.builder.AgentBuilder$Default$ExecutingTransformer.transform(AgentBuilder.java:12328)
[APP] 	at net.bytebuddy.agent.builder.AgentBuilder$Default$ExecutingTransformer$ByteBuddy$ModuleSupport.transform(Unknown Source)
[APP] 	at java.instrument/sun.instrument.TransformerManager.transform(TransformerManager.java:188)
[APP] 	at java.instrument/sun.instrument.InstrumentationImpl.transform(InstrumentationImpl.java:610)
[APP] 	at java.base/java.lang.ClassLoader.defineClass1(Native Method)
[APP] 	at java.base/java.lang.ClassLoader.defineClass(ClassLoader.java:1027)
[APP] 	at java.base/java.security.SecureClassLoader.defineClass(SecureClassLoader.java:150)
[APP] 	at java.base/jdk.internal.loader.BuiltinClassLoader.defineClass(BuiltinClassLoader.java:862)
[APP] 	at java.base/jdk.internal.loader.BuiltinClassLoader.findClassOnClassPathOrNull(BuiltinClassLoader.java:760)
[APP] 	at java.base/jdk.internal.loader.BuiltinClassLoader.loadClassOrNull(BuiltinClassLoader.java:681)
[APP] 	at java.base/jdk.internal.loader.BuiltinClassLoader.loadClass(BuiltinClassLoader.java:639)
[APP] 	at java.base/jdk.internal.loader.ClassLoaders$AppClassLoader.loadClass(ClassLoaders.java:188)
[APP] 	at java.base/java.lang.ClassLoader.loadClass(ClassLoader.java:526)
[APP] 	at io.netty.util.internal.logging.Log4J2LoggerFactory.newInstance(Log4J2LoggerFactory.java:33)
[APP] 	at io.netty.util.internal.logging.InternalLoggerFactory.useLog4J2LoggerFactory(InternalLoggerFactory.java:76)
[APP] 	at io.netty.util.internal.logging.InternalLoggerFactory.newDefaultFactory(InternalLoggerFactory.java:47)
[APP] 	at io.netty.util.internal.logging.InternalLoggerFactory.getDefaultFactory(InternalLoggerFactory.java:111)
[APP] 	at io.netty.util.internal.logging.InternalLoggerFactory.getInstance(InternalLoggerFactory.java:134)
[APP] 	at io.netty.util.internal.logging.InternalLoggerFactory.getInstance(InternalLoggerFactory.java:127)
[APP] 	at io.netty.util.ResourceLeakDetector.<clinit>(ResourceLeakDetector.java:101)
[APP] 	at io.netty.buffer.AbstractByteBufAllocator.<clinit>(AbstractByteBufAllocator.java:37)
[APP] 	at io.netty.buffer.Unpooled.<clinit>(Unpooled.java:75)
[APP] 	at com.example.bytebuf.tracker.integration.testapp.ConstructorTrackingApp.allocate(ConstructorTrackingApp.java:56)
[APP] 	at com.example.bytebuf.tracker.integration.testapp.ConstructorTrackingApp.run(ConstructorTrackingApp.java:39)
[APP] 	at com.example.bytebuf.tracker.integration.testapp.ConstructorTrackingApp.main(ConstructorTrackingApp.java:19)
[APP] [Byte Buddy] TRANSFORM io.netty.buffer.UnpooledSlicedByteBuf [jdk.internal.loader.ClassLoaders$AppClassLoader@5a07e868, unnamed module @15d0c81b, Thread[#1,main,5,main], loaded=false]
[APP] [Byte Buddy] TRANSFORM io.netty.buffer.UnpooledDuplicatedByteBuf [jdk.internal.loader.ClassLoaders$AppClassLoader@5a07e868, unnamed module @15d0c81b, Thread[#1,main,5,main], loaded=false]
[APP] [Byte Buddy] TRANSFORM io.netty.buffer.DuplicatedByteBuf [jdk.internal.loader.ClassLoaders$AppClassLoader@5a07e868, unnamed module @15d0c81b, Thread[#1,main,5,main], loaded=false]
[APP] [Byte Buddy] TRANSFORM io.netty.buffer.SwappedByteBuf [jdk.internal.loader.ClassLoaders$AppClassLoader@5a07e868, unnamed module @15d0c81b, Thread[#1,main,5,main], loaded=false]
[APP] [Byte Buddy] TRANSFORM io.netty.buffer.UnsafeHeapSwappedByteBuf [jdk.internal.loader.ClassLoaders$AppClassLoader@5a07e868, unnamed module @15d0c81b, Thread[#1,main,5,main], loaded=false]
[APP] Processing message with 16 bytes
[APP] [ObjectTrackerRegistry] Using default ByteBuf handler
[APP] 
[APP] === Flow Summary ===
[APP] === ByteBuf Flow Summary ===
[APP] Total Root Methods: 1
[APP] Total Traversals: 3
[APP] Unique Paths: 1
[APP] Leak Paths: 1
[APP] Leak Percentage: 100.00%
[APP] 
[APP] 
[APP] === Flow Tree ===
[APP] ROOT: InstrumentedUnpooledUnsafeHeapByteBuf.release [count=3]
[APP] 
[APP] 
[APP] === Flat Paths ===
[APP] [count=3] [LEAK:ref=1] InstrumentedUnpooledUnsafeHeapByteBuf.release
[APP] 
[APP] 
[APP] === ConstructorTrackingApp Complete ===
[APP] 
[APP] === ByteBuf Flow Final Report ===
[APP] ByteBuf Flow Analysis Report
[APP] Generated: Sat Nov 08 01:32:02 UTC 2025
[APP] ================================================================================
[APP] 
[APP] === ByteBuf Flow Summary ===
[APP] Total Root Methods: 1
[APP] Total Traversals: 3
[APP] Unique Paths: 1
[APP] Leak Paths: 1
[APP] Leak Percentage: 100.00%
[APP] 
[APP] === Flow Tree ===
[APP] ROOT: InstrumentedUnpooledUnsafeHeapByteBuf.release [count=3]
[APP] 
[APP] === Potential Leaks ===
[APP] [count=3] [LEAK:ref=1] InstrumentedUnpooledUnsafeHeapByteBuf.release
[APP] 
[APP] 
]]></system-out>
  </testcase>
  <testcase name="testConstructorsNotTrackedByDefault" classname="com.example.bytebuf.tracker.integration.ConstructorTrackingIT" time="2.268">
    <failure message="prepare method should be tracked" type="org.opentest4j.AssertionFailedError"><![CDATA[org.opentest4j.AssertionFailedError: prepare method should be tracked
	at java.base/jdk.internal.reflect.DirectConstructorHandleAccessor.newInstance(DirectConstructorHandleAccessor.java:62)
	at java.base/java.lang.reflect.Constructor.newInstanceWithCaller(Constructor.java:502)
	at com.example.bytebuf.tracker.integration.ConstructorTrackingIT.testConstructorsNotTrackedByDefault(ConstructorTrackingIT.java:45)
	at java.base/java.lang.reflect.Method.invoke(Method.java:580)
	at java.base/java.util.ArrayList.forEach(ArrayList.java:1596)
	at java.base/java.util.ArrayList.forEach(ArrayList.java:1596)
]]></failure>
    <system-out><![CDATA[Launching: /usr/lib/jvm/java-21-openjdk-amd64/bin/java -javaagent:/home/user/bytebuddy-bytebuf-tracer/bytebuf-flow-tracker/target/bytebuf-flow-tracker-1.0.0-SNAPSHOT-agent.jar=include=com.example.bytebuf.tracker.integration.testapp -cp /home/user/bytebuddy-bytebuf-tracer/bytebuf-flow-integration-tests/target/classes:/home/user/bytebuddy-bytebuf-tracer/bytebuf-flow-integration-tests/target/test-classes:/home/user/bytebuddy-bytebuf-tracer/bytebuf-flow-integration-tests/target/bytebuf-flow-integration-tests-1.0.0-SNAPSHOT.jar:/root/.m2/repository/com/example/bytebuf/bytebuf-flow-tracker/1.0.0-SNAPSHOT/bytebuf-flow-tracker-1.0.0-SNAPSHOT.jar:/root/.m2/repository/io/netty/netty-buffer/4.1.100.Final/netty-buffer-4.1.100.Final.jar:/root/.m2/repository/io/netty/netty-common/4.1.100.Final/netty-common-4.1.100.Final.jar:/root/.m2/repository/org/junit/jupiter/junit-jupiter-api/5.10.0/junit-jupiter-api-5.10.0.jar:/root/.m2/repository/org/opentest4j/opentest4j/1.3.0/opentest4j-1.3.0.jar:/root/.m2/repository/org/junit/platform/junit-platform-commons/1.10.0/junit-platform-commons-1.10.0.jar:/root/.m2/repository/org/apiguardian/apiguardian-api/1.1.2/apiguardian-api-1.1.2.jar:/root/.m2/repository/org/junit/jupiter/junit-jupiter-engine/5.10.0/junit-jupiter-engine-5.10.0.jar:/root/.m2/repository/org/junit/platform/junit-platform-engine/1.10.0/junit-platform-engine-1.10.0.jar:/root/.m2/repository/org/assertj/assertj-core/3.24.2/assertj-core-3.24.2.jar:/root/.m2/repository/net/bytebuddy/byte-buddy/1.14.9/byte-buddy-1.14.9.jar: com.example.bytebuf.tracker.integration.testapp.ConstructorTrackingApp
[APP] [ByteBufFlowAgent] Starting with config: AgentConfig{include=[com.example.bytebuf.tracker.integration.testapp], exclude=[], trackConstructors=[]}
[APP] [ByteBufFlowAgent] Failed to register JMX MBean: javax.management.NotCompliantMBeanException: MBean class com.example.bytebuf.tracker.agent.ByteBufFlowMBean does not implement DynamicMBean, and neither follows the Standard MBean conventions (javax.management.NotCompliantMBeanException: Class com.example.bytebuf.tracker.agent.ByteBufFlowMBean is not a JMX compliant Standard MBean) nor the MXBean conventions (javax.management.NotCompliantMBeanException: com.example.bytebuf.tracker.agent.ByteBufFlowMBean: Class com.example.bytebuf.tracker.agent.ByteBufFlowMBean is not a JMX compliant MXBean)
[APP] [ByteBufFlowAgent] ByteBuf lifecycle tracking enabled (release/retain)
[APP] [ByteBufFlowAgent] Instrumentation installed successfully
[APP] === ConstructorTrackingApp Starting ===
[APP] [Byte Buddy] TRANSFORM io.netty.buffer.FixedCompositeByteBuf [jdk.internal.loader.ClassLoaders$AppClassLoader@5a07e868, unnamed module @15d0c81b, Thread[#1,main,5,main], loaded=false]
[APP] [Byte Buddy] TRANSFORM io.netty.buffer.CompositeByteBuf [jdk.internal.loader.ClassLoaders$AppClassLoader@5a07e868, unnamed module @15d0c81b, Thread[#1,main,5,main], loaded=false]
[APP] [Byte Buddy] TRANSFORM io.netty.buffer.WrappedUnpooledUnsafeDirectByteBuf [jdk.internal.loader.ClassLoaders$AppClassLoader@5a07e868, unnamed module @15d0c81b, Thread[#1,main,5,main], loaded=false]
[APP] [Byte Buddy] TRANSFORM io.netty.buffer.UnpooledUnsafeDirectByteBuf [jdk.internal.loader.ClassLoaders$AppClassLoader@5a07e868, unnamed module @15d0c81b, Thread[#1,main,5,main], loaded=false]
[APP] [Byte Buddy] TRANSFORM io.netty.buffer.UnpooledDirectByteBuf [jdk.internal.loader.ClassLoaders$AppClassLoader@5a07e868, unnamed module @15d0c81b, Thread[#1,main,5,main], loaded=false]
[APP] [Byte Buddy] TRANSFORM io.netty.buffer.ReadOnlyUnsafeDirectByteBuf [jdk.internal.loader.ClassLoaders$AppClassLoader@5a07e868, unnamed module @15d0c81b, Thread[#1,main,5,main], loaded=false]
[APP] [Byte Buddy] TRANSFORM io.netty.buffer.ReadOnlyByteBufferBuf [jdk.internal.loader.ClassLoaders$AppClassLoader@5a07e868, unnamed module @15d0c81b, Thread[#1,main,5,main], loaded=false]
[APP] [Byte Buddy] TRANSFORM io.netty.buffer.UnpooledHeapByteBuf [jdk.internal.loader.ClassLoaders$AppClassLoader@5a07e868, unnamed module @15d0c81b, Thread[#1,main,5,main], loaded=false]
[APP] [Byte Buddy] TRANSFORM io.netty.buffer.ReadOnlyByteBuf [jdk.internal.loader.ClassLoaders$AppClassLoader@5a07e868, unnamed module @15d0c81b, Thread[#1,main,5,main], loaded=false]
[APP] [Byte Buddy] TRANSFORM io.netty.buffer.UnreleasableByteBuf [jdk.internal.loader.ClassLoaders$AppClassLoader@5a07e868, unnamed module @15d0c81b, Thread[#1,main,5,main], loaded=false]
[APP] [Byte Buddy] TRANSFORM io.netty.buffer.WrappedByteBuf [jdk.internal.loader.ClassLoaders$AppClassLoader@5a07e868, unnamed module @15d0c81b, Thread[#1,main,5,main], loaded=false]
[APP] [Byte Buddy] TRANSFORM io.netty.buffer.EmptyByteBuf [jdk.internal.loader.ClassLoaders$AppClassLoader@5a07e868, unnamed module @15d0c81b, Thread[#1,main,5,main], loaded=false]
[APP] [Byte Buddy] TRANSFORM io.netty.buffer.SimpleLeakAwareCompositeByteBuf [jdk.internal.loader.ClassLoaders$AppClassLoader@5a07e868, unnamed module @15d0c81b, Thread[#1,main,5,main], loaded=false]
[APP] [Byte Buddy] TRANSFORM io.netty.buffer.WrappedCompositeByteBuf [jdk.internal.loader.ClassLoaders$AppClassLoader@5a07e868, unnamed module @15d0c81b, Thread[#1,main,5,main], loaded=false]
[APP] [Byte Buddy] TRANSFORM io.netty.buffer.AdvancedLeakAwareCompositeByteBuf [jdk.internal.loader.ClassLoaders$AppClassLoader@5a07e868, unnamed module @15d0c81b, Thread[#1,main,5,main], loaded=false]
[APP] [Byte Buddy] TRANSFORM io.netty.buffer.SimpleLeakAwareByteBuf [jdk.internal.loader.ClassLoaders$AppClassLoader@5a07e868, unnamed module @15d0c81b, Thread[#1,main,5,main], loaded=false]
[APP] [Byte Buddy] TRANSFORM io.netty.buffer.AdvancedLeakAwareByteBuf [jdk.internal.loader.ClassLoaders$AppClassLoader@5a07e868, unnamed module @15d0c81b, Thread[#1,main,5,main], loaded=false]
[APP] [Byte Buddy] TRANSFORM io.netty.buffer.UnpooledByteBufAllocator$InstrumentedUnpooledUnsafeHeapByteBuf [jdk.internal.loader.ClassLoaders$AppClassLoader@5a07e868, unnamed module @15d0c81b, Thread[#1,main,5,main], loaded=false]
[APP] [Byte Buddy] TRANSFORM io.netty.buffer.UnpooledUnsafeHeapByteBuf [jdk.internal.loader.ClassLoaders$AppClassLoader@5a07e868, unnamed module @15d0c81b, Thread[#1,main,5,main], loaded=false]
[APP] [Byte Buddy] TRANSFORM io.netty.buffer.UnpooledByteBufAllocator$InstrumentedUnpooledHeapByteBuf [jdk.internal.loader.ClassLoaders$AppClassLoader@5a07e868, unnamed module @15d0c81b, Thread[#1,main,5,main], loaded=false]
[APP] [Byte Buddy] TRANSFORM io.netty.buffer.UnpooledByteBufAllocator$InstrumentedUnpooledUnsafeNoCleanerDirectByteBuf [jdk.internal.loader.ClassLoaders$AppClassLoader@5a07e868, unnamed module @15d0c81b, Thread[#1,main,5,main], loaded=false]
[APP] [Byte Buddy] TRANSFORM io.netty.buffer.UnpooledUnsafeNoCleanerDirectByteBuf [jdk.internal.loader.ClassLoaders$AppClassLoader@5a07e868, unnamed module @15d0c81b, Thread[#1,main,5,main], loaded=false]
[APP] [Byte Buddy] TRANSFORM io.netty.buffer.UnpooledByteBufAllocator$InstrumentedUnpooledUnsafeDirectByteBuf [jdk.internal.loader.ClassLoaders$AppClassLoader@5a07e868, unnamed module @15d0c81b, Thread[#1,main,5,main], loaded=false]
[APP] [Byte Buddy] TRANSFORM io.netty.buffer.UnpooledByteBufAllocator$InstrumentedUnpooledDirectByteBuf [jdk.internal.loader.ClassLoaders$AppClassLoader@5a07e868, unnamed module @15d0c81b, Thread[#1,main,5,main], loaded=false]
[APP] [Byte Buddy] ERROR io.netty.util.internal.logging.Log4J2Logger [jdk.internal.loader.ClassLoaders$AppClassLoader@5a07e868, unnamed module @15d0c81b, Thread[#1,main,5,main], loaded=false]
[APP] net.bytebuddy.pool.TypePool$Resolution$NoSuchTypeException: Cannot resolve type description for org.apache.logging.log4j.spi.ExtendedLoggerWrapper
[APP] 	at net.bytebuddy.pool.TypePool$Resolution$Illegal.resolve(TypePool.java:190)
[APP] 	at net.bytebuddy.pool.TypePool$Default$WithLazyResolution$LazyTypeDescription.delegate(TypePool.java:1111)
[APP] 	at net.bytebuddy.description.type.TypeDescription$AbstractBase$OfSimpleType$WithDelegation.getSuperClass(TypeDescription.java:8440)
[APP] 	at net.bytebuddy.description.type.TypeDescription$AbstractBase.isAssignable(TypeDescription.java:7771)
[APP] 	at net.bytebuddy.description.type.TypeDescription$AbstractBase.isAssignableFrom(TypeDescription.java:7798)
[APP] 	at net.bytebuddy.description.type.TypeDescription$ForLoadedType.isAssignableFrom(TypeDescription.java:8759)
[APP] 	at net.bytebuddy.description.type.TypeDescription$AbstractBase.isAssignable(TypeDescription.java:7772)
[APP] 	at net.bytebuddy.description.type.TypeDescription$AbstractBase.isAssignableTo(TypeDescription.java:7812)
[APP] 	at net.bytebuddy.matcher.SubTypeMatcher.doMatch(SubTypeMatcher.java:47)
[APP] 	at net.bytebuddy.matcher.SubTypeMatcher.doMatch(SubTypeMatcher.java:26)
[APP] 	at net.bytebuddy.matcher.ElementMatcher$Junction$ForNonNullValues.matches(ElementMatcher.java:249)
[APP] 	at net.bytebuddy.matcher.ElementMatcher$Junction$Conjunction.matches(ElementMatcher.java:146)
[APP] 	at net.bytebuddy.agent.builder.AgentBuilder$RawMatcher$ForElementMatchers.matches(AgentBuilder.java:1971)
[APP] 	at net.bytebuddy.agent.builder.AgentBuilder$Default$ExecutingTransformer.doTransform(AgentBuilder.java:12427)
[APP] 	at net.bytebuddy.agent.builder.AgentBuilder$Default$ExecutingTransformer.transform(AgentBuilder.java:12385)
[APP] 	at net.bytebuddy.agent.builder.AgentBuilder$Default$ExecutingTransformer.access$1800(AgentBuilder.java:12094)
[APP] 	at net.bytebuddy.agent.builder.AgentBuilder$Default$ExecutingTransformer$Java9CapableVmDispatcher.run(AgentBuilder.java:12872)
[APP] 	at net.bytebuddy.agent.builder.AgentBuilder$Default$ExecutingTransformer$Java9CapableVmDispatcher.run(AgentBuilder.java:12804)
[APP] 	at java.base/java.security.AccessController.doPrivileged(AccessController.java:400)
[APP] 	at net.bytebuddy.agent.builder.AgentBuilder$Default$ExecutingTransformer.doPrivileged(AgentBuilder.java)
[APP] 	at net.bytebuddy.agent.builder.AgentBuilder$Default$ExecutingTransformer.transform(AgentBuilder.java:12328)
[APP] 	at net.bytebuddy.agent.builder.AgentBuilder$Default$ExecutingTransformer$ByteBuddy$ModuleSupport.transform(Unknown Source)
[APP] 	at java.instrument/sun.instrument.TransformerManager.transform(TransformerManager.java:188)
[APP] 	at java.instrument/sun.instrument.InstrumentationImpl.transform(InstrumentationImpl.java:610)
[APP] 	at java.base/java.lang.ClassLoader.defineClass1(Native Method)
[APP] 	at java.base/java.lang.ClassLoader.defineClass(ClassLoader.java:1027)
[APP] 	at java.base/java.security.SecureClassLoader.defineClass(SecureClassLoader.java:150)
[APP] 	at java.base/jdk.internal.loader.BuiltinClassLoader.defineClass(BuiltinClassLoader.java:862)
[APP] 	at java.base/jdk.internal.loader.BuiltinClassLoader.findClassOnClassPathOrNull(BuiltinClassLoader.java:760)
[APP] 	at java.base/jdk.internal.loader.BuiltinClassLoader.loadClassOrNull(BuiltinClassLoader.java:681)
[APP] 	at java.base/jdk.internal.loader.BuiltinClassLoader.loadClass(BuiltinClassLoader.java:639)
[APP] 	at java.base/jdk.internal.loader.ClassLoaders$AppClassLoader.loadClass(ClassLoaders.java:188)
[APP] 	at java.base/java.lang.ClassLoader.loadClass(ClassLoader.java:526)
[APP] 	at io.netty.util.internal.logging.Log4J2LoggerFactory.newInstance(Log4J2LoggerFactory.java:33)
[APP] 	at io.netty.util.internal.logging.InternalLoggerFactory.useLog4J2LoggerFactory(InternalLoggerFactory.java:76)
[APP] 	at io.netty.util.internal.logging.InternalLoggerFactory.newDefaultFactory(InternalLoggerFactory.java:47)
[APP] 	at io.netty.util.internal.logging.InternalLoggerFactory.getDefaultFactory(InternalLoggerFactory.java:111)
[APP] 	at io.netty.util.internal.logging.InternalLoggerFactory.getInstance(InternalLoggerFactory.java:134)
[APP] 	at io.netty.util.internal.logging.InternalLoggerFactory.getInstance(InternalLoggerFactory.java:127)
[APP] 	at io.netty.util.ResourceLeakDetector.<clinit>(ResourceLeakDetector.java:101)
[APP] 	at io.netty.buffer.AbstractByteBufAllocator.<clinit>(AbstractByteBufAllocator.java:37)
[APP] 	at io.netty.buffer.Unpooled.<clinit>(Unpooled.java:75)
[APP] 	at com.example.bytebuf.tracker.integration.testapp.ConstructorTrackingApp.allocate(ConstructorTrackingApp.java:56)
[APP] 	at com.example.bytebuf.tracker.integration.testapp.ConstructorTrackingApp.run(ConstructorTrackingApp.java:39)
[APP] 	at com.example.bytebuf.tracker.integration.testapp.ConstructorTrackingApp.main(ConstructorTrackingApp.java:19)
[APP] [Byte Buddy] TRANSFORM io.netty.buffer.UnpooledSlicedByteBuf [jdk.internal.loader.ClassLoaders$AppClassLoader@5a07e868, unnamed module @15d0c81b, Thread[#1,main,5,main], loaded=false]
[APP] [Byte Buddy] TRANSFORM io.netty.buffer.UnpooledDuplicatedByteBuf [jdk.internal.loader.ClassLoaders$AppClassLoader@5a07e868, unnamed module @15d0c81b, Thread[#1,main,5,main], loaded=false]
[APP] [Byte Buddy] TRANSFORM io.netty.buffer.DuplicatedByteBuf [jdk.internal.loader.ClassLoaders$AppClassLoader@5a07e868, unnamed module @15d0c81b, Thread[#1,main,5,main], loaded=false]
[APP] [Byte Buddy] TRANSFORM io.netty.buffer.SwappedByteBuf [jdk.internal.loader.ClassLoaders$AppClassLoader@5a07e868, unnamed module @15d0c81b, Thread[#1,main,5,main], loaded=false]
[APP] [Byte Buddy] TRANSFORM io.netty.buffer.UnsafeHeapSwappedByteBuf [jdk.internal.loader.ClassLoaders$AppClassLoader@5a07e868, unnamed module @15d0c81b, Thread[#1,main,5,main], loaded=false]
[APP] Processing message with 16 bytes
[APP] [ObjectTrackerRegistry] Using default ByteBuf handler
[APP] 
[APP] === Flow Summary ===
[APP] === ByteBuf Flow Summary ===
[APP] Total Root Methods: 1
[APP] Total Traversals: 3
[APP] Unique Paths: 1
[APP] Leak Paths: 1
[APP] Leak Percentage: 100.00%
[APP] 
[APP] 
[APP] === Flow Tree ===
[APP] ROOT: InstrumentedUnpooledUnsafeHeapByteBuf.release [count=3]
[APP] 
[APP] 
[APP] === Flat Paths ===
[APP] [count=3] [LEAK:ref=1] InstrumentedUnpooledUnsafeHeapByteBuf.release
[APP] 
[APP] 
[APP] === ConstructorTrackingApp Complete ===
[APP] 
[APP] === ByteBuf Flow Final Report ===
[APP] ByteBuf Flow Analysis Report
[APP] Generated: Sat Nov 08 01:32:04 UTC 2025
[APP] ================================================================================
[APP] 
[APP] === ByteBuf Flow Summary ===
[APP] Total Root Methods: 1
[APP] Total Traversals: 3
[APP] Unique Paths: 1
[APP] Leak Paths: 1
[APP] Leak Percentage: 100.00%
[APP] 
[APP] === Flow Tree ===
[APP] ROOT: InstrumentedUnpooledUnsafeHeapByteBuf.release [count=3]
[APP] 
[APP] === Potential Leaks ===
[APP] [count=3] [LEAK:ref=1] InstrumentedUnpooledUnsafeHeapByteBuf.release
[APP] 
[APP] 
]]></system-out>
  </testcase>
  <testcase name="testContinuousFlowWithConstructorTracking" classname="com.example.bytebuf.tracker.integration.ConstructorTrackingIT" time="2.416">
    <failure message="Should have proper cleanup" type="org.opentest4j.AssertionFailedError"><![CDATA[org.opentest4j.AssertionFailedError: Should have proper cleanup
	at java.base/jdk.internal.reflect.DirectConstructorHandleAccessor.newInstance(DirectConstructorHandleAccessor.java:62)
	at java.base/java.lang.reflect.Constructor.newInstanceWithCaller(Constructor.java:502)
	at com.example.bytebuf.tracker.integration.ConstructorTrackingIT.testContinuousFlowWithConstructorTracking(ConstructorTrackingIT.java:105)
	at java.base/java.lang.reflect.Method.invoke(Method.java:580)
	at java.base/java.util.ArrayList.forEach(ArrayList.java:1596)
	at java.base/java.util.ArrayList.forEach(ArrayList.java:1596)
]]></failure>
    <system-out><![CDATA[Launching: /usr/lib/jvm/java-21-openjdk-amd64/bin/java -javaagent:/home/user/bytebuddy-bytebuf-tracer/bytebuf-flow-tracker/target/bytebuf-flow-tracker-1.0.0-SNAPSHOT-agent.jar=include=com.example.bytebuf.tracker.integration.testapp;trackConstructors=com.example.bytebuf.tracker.integration.testapp.ConstructorTrackingApp$Message -cp /home/user/bytebuddy-bytebuf-tracer/bytebuf-flow-integration-tests/target/classes:/home/user/bytebuddy-bytebuf-tracer/bytebuf-flow-integration-tests/target/test-classes:/home/user/bytebuddy-bytebuf-tracer/bytebuf-flow-integration-tests/target/bytebuf-flow-integration-tests-1.0.0-SNAPSHOT.jar:/root/.m2/repository/com/example/bytebuf/bytebuf-flow-tracker/1.0.0-SNAPSHOT/bytebuf-flow-tracker-1.0.0-SNAPSHOT.jar:/root/.m2/repository/io/netty/netty-buffer/4.1.100.Final/netty-buffer-4.1.100.Final.jar:/root/.m2/repository/io/netty/netty-common/4.1.100.Final/netty-common-4.1.100.Final.jar:/root/.m2/repository/org/junit/jupiter/junit-jupiter-api/5.10.0/junit-jupiter-api-5.10.0.jar:/root/.m2/repository/org/opentest4j/opentest4j/1.3.0/opentest4j-1.3.0.jar:/root/.m2/repository/org/junit/platform/junit-platform-commons/1.10.0/junit-platform-commons-1.10.0.jar:/root/.m2/repository/org/apiguardian/apiguardian-api/1.1.2/apiguardian-api-1.1.2.jar:/root/.m2/repository/org/junit/jupiter/junit-jupiter-engine/5.10.0/junit-jupiter-engine-5.10.0.jar:/root/.m2/repository/org/junit/platform/junit-platform-engine/1.10.0/junit-platform-engine-1.10.0.jar:/root/.m2/repository/org/assertj/assertj-core/3.24.2/assertj-core-3.24.2.jar:/root/.m2/repository/net/bytebuddy/byte-buddy/1.14.9/byte-buddy-1.14.9.jar: com.example.bytebuf.tracker.integration.testapp.ConstructorTrackingApp
[APP] [ByteBufFlowAgent] Starting with config: AgentConfig{include=[com.example.bytebuf.tracker.integration.testapp], exclude=[], trackConstructors=[com.example.bytebuf.tracker.integration.testapp.ConstructorTrackingApp$Message]}
[APP] [ByteBufFlowAgent] Failed to register JMX MBean: javax.management.NotCompliantMBeanException: MBean class com.example.bytebuf.tracker.agent.ByteBufFlowMBean does not implement DynamicMBean, and neither follows the Standard MBean conventions (javax.management.NotCompliantMBeanException: Class com.example.bytebuf.tracker.agent.ByteBufFlowMBean is not a JMX compliant Standard MBean) nor the MXBean conventions (javax.management.NotCompliantMBeanException: com.example.bytebuf.tracker.agent.ByteBufFlowMBean: Class com.example.bytebuf.tracker.agent.ByteBufFlowMBean is not a JMX compliant MXBean)
[APP] [ByteBufFlowAgent] Constructor tracking enabled for: [com.example.bytebuf.tracker.integration.testapp.ConstructorTrackingApp$Message]
[APP] [ByteBufFlowAgent] ByteBuf lifecycle tracking enabled (release/retain)
[APP] [ByteBufFlowAgent] Instrumentation installed successfully
[APP] === ConstructorTrackingApp Starting ===
[APP] [Byte Buddy] TRANSFORM io.netty.buffer.ReadOnlyByteBuf [jdk.internal.loader.ClassLoaders$AppClassLoader@5a07e868, unnamed module @15d0c81b, Thread[#1,main,5,main], loaded=false]
[APP] [Byte Buddy] TRANSFORM io.netty.buffer.UnreleasableByteBuf [jdk.internal.loader.ClassLoaders$AppClassLoader@5a07e868, unnamed module @15d0c81b, Thread[#1,main,5,main], loaded=false]
[APP] [Byte Buddy] TRANSFORM io.netty.buffer.WrappedByteBuf [jdk.internal.loader.ClassLoaders$AppClassLoader@5a07e868, unnamed module @15d0c81b, Thread[#1,main,5,main], loaded=false]
[APP] [Byte Buddy] TRANSFORM io.netty.buffer.FixedCompositeByteBuf [jdk.internal.loader.ClassLoaders$AppClassLoader@5a07e868, unnamed module @15d0c81b, Thread[#1,main,5,main], loaded=false]
[APP] [Byte Buddy] TRANSFORM io.netty.buffer.UnpooledHeapByteBuf [jdk.internal.loader.ClassLoaders$AppClassLoader@5a07e868, unnamed module @15d0c81b, Thread[#1,main,5,main], loaded=false]
[APP] [Byte Buddy] TRANSFORM io.netty.buffer.ReadOnlyUnsafeDirectByteBuf [jdk.internal.loader.ClassLoaders$AppClassLoader@5a07e868, unnamed module @15d0c81b, Thread[#1,main,5,main], loaded=false]
[APP] [Byte Buddy] TRANSFORM io.netty.buffer.ReadOnlyByteBufferBuf [jdk.internal.loader.ClassLoaders$AppClassLoader@5a07e868, unnamed module @15d0c81b, Thread[#1,main,5,main], loaded=false]
[APP] [Byte Buddy] TRANSFORM io.netty.buffer.UnpooledUnsafeDirectByteBuf [jdk.internal.loader.ClassLoaders$AppClassLoader@5a07e868, unnamed module @15d0c81b, Thread[#1,main,5,main], loaded=false]
[APP] [Byte Buddy] TRANSFORM io.netty.buffer.UnpooledDirectByteBuf [jdk.internal.loader.ClassLoaders$AppClassLoader@5a07e868, unnamed module @15d0c81b, Thread[#1,main,5,main], loaded=false]
[APP] [Byte Buddy] TRANSFORM io.netty.buffer.WrappedUnpooledUnsafeDirectByteBuf [jdk.internal.loader.ClassLoaders$AppClassLoader@5a07e868, unnamed module @15d0c81b, Thread[#1,main,5,main], loaded=false]
[APP] [Byte Buddy] TRANSFORM io.netty.buffer.CompositeByteBuf [jdk.internal.loader.ClassLoaders$AppClassLoader@5a07e868, unnamed module @15d0c81b, Thread[#1,main,5,main], loaded=false]
[APP] [Byte Buddy] TRANSFORM io.netty.buffer.EmptyByteBuf [jdk.internal.loader.ClassLoaders$AppClassLoader@5a07e868, unnamed module @15d0c81b, Thread[#1,main,5,main], loaded=false]
[APP] [Byte Buddy] TRANSFORM io.netty.buffer.SimpleLeakAwareCompositeByteBuf [jdk.internal.loader.ClassLoaders$AppClassLoader@5a07e868, unnamed module @15d0c81b, Thread[#1,main,5,main], loaded=false]
[APP] [Byte Buddy] TRANSFORM io.netty.buffer.WrappedCompositeByteBuf [jdk.internal.loader.ClassLoaders$AppClassLoader@5a07e868, unnamed module @15d0c81b, Thread[#1,main,5,main], loaded=false]
[APP] [Byte Buddy] TRANSFORM io.netty.buffer.AdvancedLeakAwareCompositeByteBuf [jdk.internal.loader.ClassLoaders$AppClassLoader@5a07e868, unnamed module @15d0c81b, Thread[#1,main,5,main], loaded=false]
[APP] [Byte Buddy] TRANSFORM io.netty.buffer.SimpleLeakAwareByteBuf [jdk.internal.loader.ClassLoaders$AppClassLoader@5a07e868, unnamed module @15d0c81b, Thread[#1,main,5,main], loaded=false]
[APP] [Byte Buddy] TRANSFORM io.netty.buffer.AdvancedLeakAwareByteBuf [jdk.internal.loader.ClassLoaders$AppClassLoader@5a07e868, unnamed module @15d0c81b, Thread[#1,main,5,main], loaded=false]
[APP] [Byte Buddy] TRANSFORM io.netty.buffer.UnpooledByteBufAllocator$InstrumentedUnpooledUnsafeHeapByteBuf [jdk.internal.loader.ClassLoaders$AppClassLoader@5a07e868, unnamed module @15d0c81b, Thread[#1,main,5,main], loaded=false]
[APP] [Byte Buddy] TRANSFORM io.netty.buffer.UnpooledUnsafeHeapByteBuf [jdk.internal.loader.ClassLoaders$AppClassLoader@5a07e868, unnamed module @15d0c81b, Thread[#1,main,5,main], loaded=false]
[APP] [Byte Buddy] TRANSFORM io.netty.buffer.UnpooledByteBufAllocator$InstrumentedUnpooledHeapByteBuf [jdk.internal.loader.ClassLoaders$AppClassLoader@5a07e868, unnamed module @15d0c81b, Thread[#1,main,5,main], loaded=false]
[APP] [Byte Buddy] TRANSFORM io.netty.buffer.UnpooledByteBufAllocator$InstrumentedUnpooledUnsafeNoCleanerDirectByteBuf [jdk.internal.loader.ClassLoaders$AppClassLoader@5a07e868, unnamed module @15d0c81b, Thread[#1,main,5,main], loaded=false]
[APP] [Byte Buddy] TRANSFORM io.netty.buffer.UnpooledUnsafeNoCleanerDirectByteBuf [jdk.internal.loader.ClassLoaders$AppClassLoader@5a07e868, unnamed module @15d0c81b, Thread[#1,main,5,main], loaded=false]
[APP] [Byte Buddy] TRANSFORM io.netty.buffer.UnpooledByteBufAllocator$InstrumentedUnpooledUnsafeDirectByteBuf [jdk.internal.loader.ClassLoaders$AppClassLoader@5a07e868, unnamed module @15d0c81b, Thread[#1,main,5,main], loaded=false]
[APP] [Byte Buddy] TRANSFORM io.netty.buffer.UnpooledByteBufAllocator$InstrumentedUnpooledDirectByteBuf [jdk.internal.loader.ClassLoaders$AppClassLoader@5a07e868, unnamed module @15d0c81b, Thread[#1,main,5,main], loaded=false]
[APP] [Byte Buddy] ERROR io.netty.util.internal.logging.Log4J2Logger [jdk.internal.loader.ClassLoaders$AppClassLoader@5a07e868, unnamed module @15d0c81b, Thread[#1,main,5,main], loaded=false]
[APP] net.bytebuddy.pool.TypePool$Resolution$NoSuchTypeException: Cannot resolve type description for org.apache.logging.log4j.spi.ExtendedLoggerWrapper
[APP] 	at net.bytebuddy.pool.TypePool$Resolution$Illegal.resolve(TypePool.java:190)
[APP] 	at net.bytebuddy.pool.TypePool$Default$WithLazyResolution$LazyTypeDescription.delegate(TypePool.java:1111)
[APP] 	at net.bytebuddy.description.type.TypeDescription$AbstractBase$OfSimpleType$WithDelegation.getSuperClass(TypeDescription.java:8440)
[APP] 	at net.bytebuddy.description.type.TypeDescription$AbstractBase.isAssignable(TypeDescription.java:7771)
[APP] 	at net.bytebuddy.description.type.TypeDescription$AbstractBase.isAssignableFrom(TypeDescription.java:7798)
[APP] 	at net.bytebuddy.description.type.TypeDescription$ForLoadedType.isAssignableFrom(TypeDescription.java:8759)
[APP] 	at net.bytebuddy.description.type.TypeDescription$AbstractBase.isAssignable(TypeDescription.java:7772)
[APP] 	at net.bytebuddy.description.type.TypeDescription$AbstractBase.isAssignableTo(TypeDescription.java:7812)
[APP] 	at net.bytebuddy.matcher.SubTypeMatcher.doMatch(SubTypeMatcher.java:47)
[APP] 	at net.bytebuddy.matcher.SubTypeMatcher.doMatch(SubTypeMatcher.java:26)
[APP] 	at net.bytebuddy.matcher.ElementMatcher$Junction$ForNonNullValues.matches(ElementMatcher.java:249)
[APP] 	at net.bytebuddy.matcher.ElementMatcher$Junction$Conjunction.matches(ElementMatcher.java:146)
[APP] 	at net.bytebuddy.agent.builder.AgentBuilder$RawMatcher$ForElementMatchers.matches(AgentBuilder.java:1971)
[APP] 	at net.bytebuddy.agent.builder.AgentBuilder$Default$ExecutingTransformer.doTransform(AgentBuilder.java:12427)
[APP] 	at net.bytebuddy.agent.builder.AgentBuilder$Default$ExecutingTransformer.transform(AgentBuilder.java:12385)
[APP] 	at net.bytebuddy.agent.builder.AgentBuilder$Default$ExecutingTransformer.access$1800(AgentBuilder.java:12094)
[APP] 	at net.bytebuddy.agent.builder.AgentBuilder$Default$ExecutingTransformer$Java9CapableVmDispatcher.run(AgentBuilder.java:12872)
[APP] 	at net.bytebuddy.agent.builder.AgentBuilder$Default$ExecutingTransformer$Java9CapableVmDispatcher.run(AgentBuilder.java:12804)
[APP] 	at java.base/java.security.AccessController.doPrivileged(AccessController.java:400)
[APP] 	at net.bytebuddy.agent.builder.AgentBuilder$Default$ExecutingTransformer.doPrivileged(AgentBuilder.java)
[APP] 	at net.bytebuddy.agent.builder.AgentBuilder$Default$ExecutingTransformer.transform(AgentBuilder.java:12328)
[APP] 	at net.bytebuddy.agent.builder.AgentBuilder$Default$ExecutingTransformer$ByteBuddy$ModuleSupport.transform(Unknown Source)
[APP] 	at java.instrument/sun.instrument.TransformerManager.transform(TransformerManager.java:188)
[APP] 	at java.instrument/sun.instrument.InstrumentationImpl.transform(InstrumentationImpl.java:610)
[APP] 	at java.base/java.lang.ClassLoader.defineClass1(Native Method)
[APP] 	at java.base/java.lang.ClassLoader.defineClass(ClassLoader.java:1027)
[APP] 	at java.base/java.security.SecureClassLoader.defineClass(SecureClassLoader.java:150)
[APP] 	at java.base/jdk.internal.loader.BuiltinClassLoader.defineClass(BuiltinClassLoader.java:862)
[APP] 	at java.base/jdk.internal.loader.BuiltinClassLoader.findClassOnClassPathOrNull(BuiltinClassLoader.java:760)
[APP] 	at java.base/jdk.internal.loader.BuiltinClassLoader.loadClassOrNull(BuiltinClassLoader.java:681)
[APP] 	at java.base/jdk.internal.loader.BuiltinClassLoader.loadClass(BuiltinClassLoader.java:639)
[APP] 	at java.base/jdk.internal.loader.ClassLoaders$AppClassLoader.loadClass(ClassLoaders.java:188)
[APP] 	at java.base/java.lang.ClassLoader.loadClass(ClassLoader.java:526)
[APP] 	at io.netty.util.internal.logging.Log4J2LoggerFactory.newInstance(Log4J2LoggerFactory.java:33)
[APP] 	at io.netty.util.internal.logging.InternalLoggerFactory.useLog4J2LoggerFactory(InternalLoggerFactory.java:76)
[APP] 	at io.netty.util.internal.logging.InternalLoggerFactory.newDefaultFactory(InternalLoggerFactory.java:47)
[APP] 	at io.netty.util.internal.logging.InternalLoggerFactory.getDefaultFactory(InternalLoggerFactory.java:111)
[APP] 	at io.netty.util.internal.logging.InternalLoggerFactory.getInstance(InternalLoggerFactory.java:134)
[APP] 	at io.netty.util.internal.logging.InternalLoggerFactory.getInstance(InternalLoggerFactory.java:127)
[APP] 	at io.netty.util.ResourceLeakDetector.<clinit>(ResourceLeakDetector.java:101)
[APP] 	at io.netty.buffer.AbstractByteBufAllocator.<clinit>(AbstractByteBufAllocator.java:37)
[APP] 	at io.netty.buffer.Unpooled.<clinit>(Unpooled.java:75)
[APP] 	at com.example.bytebuf.tracker.integration.testapp.ConstructorTrackingApp.allocate(ConstructorTrackingApp.java:56)
[APP] 	at com.example.bytebuf.tracker.integration.testapp.ConstructorTrackingApp.run(ConstructorTrackingApp.java:39)
[APP] 	at com.example.bytebuf.tracker.integration.testapp.ConstructorTrackingApp.main(ConstructorTrackingApp.java:19)
[APP] [Byte Buddy] TRANSFORM io.netty.buffer.UnpooledSlicedByteBuf [jdk.internal.loader.ClassLoaders$AppClassLoader@5a07e868, unnamed module @15d0c81b, Thread[#1,main,5,main], loaded=false]
[APP] [Byte Buddy] TRANSFORM io.netty.buffer.UnpooledDuplicatedByteBuf [jdk.internal.loader.ClassLoaders$AppClassLoader@5a07e868, unnamed module @15d0c81b, Thread[#1,main,5,main], loaded=false]
[APP] [Byte Buddy] TRANSFORM io.netty.buffer.DuplicatedByteBuf [jdk.internal.loader.ClassLoaders$AppClassLoader@5a07e868, unnamed module @15d0c81b, Thread[#1,main,5,main], loaded=false]
[APP] [Byte Buddy] TRANSFORM io.netty.buffer.SwappedByteBuf [jdk.internal.loader.ClassLoaders$AppClassLoader@5a07e868, unnamed module @15d0c81b, Thread[#1,main,5,main], loaded=false]
[APP] [Byte Buddy] TRANSFORM io.netty.buffer.UnsafeHeapSwappedByteBuf [jdk.internal.loader.ClassLoaders$AppClassLoader@5a07e868, unnamed module @15d0c81b, Thread[#1,main,5,main], loaded=false]
[APP] Processing message with 16 bytes
[APP] [ObjectTrackerRegistry] Using default ByteBuf handler
[APP] 
[APP] === Flow Summary ===
[APP] === ByteBuf Flow Summary ===
[APP] Total Root Methods: 1
[APP] Total Traversals: 3
[APP] Unique Paths: 1
[APP] Leak Paths: 1
[APP] Leak Percentage: 100.00%
[APP] 
[APP] 
[APP] === Flow Tree ===
[APP] ROOT: InstrumentedUnpooledUnsafeHeapByteBuf.release [count=3]
[APP] 
[APP] 
[APP] === Flat Paths ===
[APP] [count=3] [LEAK:ref=1] InstrumentedUnpooledUnsafeHeapByteBuf.release
[APP] 
[APP] 
[APP] === ConstructorTrackingApp Complete ===
[APP] 
[APP] === ByteBuf Flow Final Report ===
[APP] ByteBuf Flow Analysis Report
[APP] Generated: Sat Nov 08 01:32:06 UTC 2025
[APP] ================================================================================
[APP] 
[APP] === ByteBuf Flow Summary ===
[APP] Total Root Methods: 1
[APP] Total Traversals: 3
[APP] Unique Paths: 1
[APP] Leak Paths: 1
[APP] Leak Percentage: 100.00%
[APP] 
[APP] === Flow Tree ===
[APP] ROOT: InstrumentedUnpooledUnsafeHeapByteBuf.release [count=3]
[APP] 
[APP] === Potential Leaks ===
[APP] [count=3] [LEAK:ref=1] InstrumentedUnpooledUnsafeHeapByteBuf.release
[APP] 
[APP] 
]]></system-out>
  </testcase>
  <testcase name="testConstructorsTrackedWithConfig" classname="com.example.bytebuf.tracker.integration.ConstructorTrackingIT" time="2.304">
    <failure message="prepare method should be tracked" type="org.opentest4j.AssertionFailedError"><![CDATA[org.opentest4j.AssertionFailedError: prepare method should be tracked
	at java.base/jdk.internal.reflect.DirectConstructorHandleAccessor.newInstance(DirectConstructorHandleAccessor.java:62)
	at java.base/java.lang.reflect.Constructor.newInstanceWithCaller(Constructor.java:502)
	at com.example.bytebuf.tracker.integration.ConstructorTrackingIT.testConstructorsTrackedWithConfig(ConstructorTrackingIT.java:74)
	at java.base/java.lang.reflect.Method.invoke(Method.java:580)
	at java.base/java.util.ArrayList.forEach(ArrayList.java:1596)
	at java.base/java.util.ArrayList.forEach(ArrayList.java:1596)
]]></failure>
    <system-out><![CDATA[Launching: /usr/lib/jvm/java-21-openjdk-amd64/bin/java -javaagent:/home/user/bytebuddy-bytebuf-tracer/bytebuf-flow-tracker/target/bytebuf-flow-tracker-1.0.0-SNAPSHOT-agent.jar=include=com.example.bytebuf.tracker.integration.testapp;trackConstructors=com.example.bytebuf.tracker.integration.testapp.ConstructorTrackingApp$Message -cp /home/user/bytebuddy-bytebuf-tracer/bytebuf-flow-integration-tests/target/classes:/home/user/bytebuddy-bytebuf-tracer/bytebuf-flow-integration-tests/target/test-classes:/home/user/bytebuddy-bytebuf-tracer/bytebuf-flow-integration-tests/target/bytebuf-flow-integration-tests-1.0.0-SNAPSHOT.jar:/root/.m2/repository/com/example/bytebuf/bytebuf-flow-tracker/1.0.0-SNAPSHOT/bytebuf-flow-tracker-1.0.0-SNAPSHOT.jar:/root/.m2/repository/io/netty/netty-buffer/4.1.100.Final/netty-buffer-4.1.100.Final.jar:/root/.m2/repository/io/netty/netty-common/4.1.100.Final/netty-common-4.1.100.Final.jar:/root/.m2/repository/org/junit/jupiter/junit-jupiter-api/5.10.0/junit-jupiter-api-5.10.0.jar:/root/.m2/repository/org/opentest4j/opentest4j/1.3.0/opentest4j-1.3.0.jar:/root/.m2/repository/org/junit/platform/junit-platform-commons/1.10.0/junit-platform-commons-1.10.0.jar:/root/.m2/repository/org/apiguardian/apiguardian-api/1.1.2/apiguardian-api-1.1.2.jar:/root/.m2/repository/org/junit/jupiter/junit-jupiter-engine/5.10.0/junit-jupiter-engine-5.10.0.jar:/root/.m2/repository/org/junit/platform/junit-platform-engine/1.10.0/junit-platform-engine-1.10.0.jar:/root/.m2/repository/org/assertj/assertj-core/3.24.2/assertj-core-3.24.2.jar:/root/.m2/repository/net/bytebuddy/byte-buddy/1.14.9/byte-buddy-1.14.9.jar: com.example.bytebuf.tracker.integration.testapp.ConstructorTrackingApp
[APP] [ByteBufFlowAgent] Starting with config: AgentConfig{include=[com.example.bytebuf.tracker.integration.testapp], exclude=[], trackConstructors=[com.example.bytebuf.tracker.integration.testapp.ConstructorTrackingApp$Message]}
[APP] [ByteBufFlowAgent] Failed to register JMX MBean: javax.management.NotCompliantMBeanException: MBean class com.example.bytebuf.tracker.agent.ByteBufFlowMBean does not implement DynamicMBean, and neither follows the Standard MBean conventions (javax.management.NotCompliantMBeanException: Class com.example.bytebuf.tracker.agent.ByteBufFlowMBean is not a JMX compliant Standard MBean) nor the MXBean conventions (javax.management.NotCompliantMBeanException: com.example.bytebuf.tracker.agent.ByteBufFlowMBean: Class com.example.bytebuf.tracker.agent.ByteBufFlowMBean is not a JMX compliant MXBean)
[APP] [ByteBufFlowAgent] Constructor tracking enabled for: [com.example.bytebuf.tracker.integration.testapp.ConstructorTrackingApp$Message]
[APP] [ByteBufFlowAgent] ByteBuf lifecycle tracking enabled (release/retain)
[APP] [ByteBufFlowAgent] Instrumentation installed successfully
[APP] === ConstructorTrackingApp Starting ===
[APP] [Byte Buddy] TRANSFORM io.netty.buffer.ReadOnlyByteBuf [jdk.internal.loader.ClassLoaders$AppClassLoader@5a07e868, unnamed module @15d0c81b, Thread[#1,main,5,main], loaded=false]
[APP] [Byte Buddy] TRANSFORM io.netty.buffer.UnreleasableByteBuf [jdk.internal.loader.ClassLoaders$AppClassLoader@5a07e868, unnamed module @15d0c81b, Thread[#1,main,5,main], loaded=false]
[APP] [Byte Buddy] TRANSFORM io.netty.buffer.WrappedByteBuf [jdk.internal.loader.ClassLoaders$AppClassLoader@5a07e868, unnamed module @15d0c81b, Thread[#1,main,5,main], loaded=false]
[APP] [Byte Buddy] TRANSFORM io.netty.buffer.FixedCompositeByteBuf [jdk.internal.loader.ClassLoaders$AppClassLoader@5a07e868, unnamed module @15d0c81b, Thread[#1,main,5,main], loaded=false]
[APP] [Byte Buddy] TRANSFORM io.netty.buffer.CompositeByteBuf [jdk.internal.loader.ClassLoaders$AppClassLoader@5a07e868, unnamed module @15d0c81b, Thread[#1,main,5,main], loaded=false]
[APP] [Byte Buddy] TRANSFORM io.netty.buffer.UnpooledHeapByteBuf [jdk.internal.loader.ClassLoaders$AppClassLoader@5a07e868, unnamed module @15d0c81b, Thread[#1,main,5,main], loaded=false]
[APP] [Byte Buddy] TRANSFORM io.netty.buffer.WrappedUnpooledUnsafeDirectByteBuf [jdk.internal.loader.ClassLoaders$AppClassLoader@5a07e868, unnamed module @15d0c81b, Thread[#1,main,5,main], loaded=false]
[APP] [Byte Buddy] TRANSFORM io.netty.buffer.UnpooledUnsafeDirectByteBuf [jdk.internal.loader.ClassLoaders$AppClassLoader@5a07e868, unnamed module @15d0c81b, Thread[#1,main,5,main], loaded=false]
[APP] [Byte Buddy] TRANSFORM io.netty.buffer.UnpooledDirectByteBuf [jdk.internal.loader.ClassLoaders$AppClassLoader@5a07e868, unnamed module @15d0c81b, Thread[#1,main,5,main], loaded=false]
[APP] [Byte Buddy] TRANSFORM io.netty.buffer.ReadOnlyUnsafeDirectByteBuf [jdk.internal.loader.ClassLoaders$AppClassLoader@5a07e868, unnamed module @15d0c81b, Thread[#1,main,5,main], loaded=false]
[APP] [Byte Buddy] TRANSFORM io.netty.buffer.ReadOnlyByteBufferBuf [jdk.internal.loader.ClassLoaders$AppClassLoader@5a07e868, unnamed module @15d0c81b, Thread[#1,main,5,main], loaded=false]
[APP] [Byte Buddy] TRANSFORM io.netty.buffer.EmptyByteBuf [jdk.internal.loader.ClassLoaders$AppClassLoader@5a07e868, unnamed module @15d0c81b, Thread[#1,main,5,main], loaded=false]
[APP] [Byte Buddy] TRANSFORM io.netty.buffer.SimpleLeakAwareCompositeByteBuf [jdk.internal.loader.ClassLoaders$AppClassLoader@5a07e868, unnamed module @15d0c81b, Thread[#1,main,5,main], loaded=false]
[APP] [Byte Buddy] TRANSFORM io.netty.buffer.WrappedCompositeByteBuf [jdk.internal.loader.ClassLoaders$AppClassLoader@5a07e868, unnamed module @15d0c81b, Thread[#1,main,5,main], loaded=false]
[APP] [Byte Buddy] TRANSFORM io.netty.buffer.AdvancedLeakAwareCompositeByteBuf [jdk.internal.loader.ClassLoaders$AppClassLoader@5a07e868, unnamed module @15d0c81b, Thread[#1,main,5,main], loaded=false]
[APP] [Byte Buddy] TRANSFORM io.netty.buffer.SimpleLeakAwareByteBuf [jdk.internal.loader.ClassLoaders$AppClassLoader@5a07e868, unnamed module @15d0c81b, Thread[#1,main,5,main], loaded=false]
[APP] [Byte Buddy] TRANSFORM io.netty.buffer.AdvancedLeakAwareByteBuf [jdk.internal.loader.ClassLoaders$AppClassLoader@5a07e868, unnamed module @15d0c81b, Thread[#1,main,5,main], loaded=false]
[APP] [Byte Buddy] TRANSFORM io.netty.buffer.UnpooledByteBufAllocator$InstrumentedUnpooledUnsafeHeapByteBuf [jdk.internal.loader.ClassLoaders$AppClassLoader@5a07e868, unnamed module @15d0c81b, Thread[#1,main,5,main], loaded=false]
[APP] [Byte Buddy] TRANSFORM io.netty.buffer.UnpooledUnsafeHeapByteBuf [jdk.internal.loader.ClassLoaders$AppClassLoader@5a07e868, unnamed module @15d0c81b, Thread[#1,main,5,main], loaded=false]
[APP] [Byte Buddy] TRANSFORM io.netty.buffer.UnpooledByteBufAllocator$InstrumentedUnpooledHeapByteBuf [jdk.internal.loader.ClassLoaders$AppClassLoader@5a07e868, unnamed module @15d0c81b, Thread[#1,main,5,main], loaded=false]
[APP] [Byte Buddy] TRANSFORM io.netty.buffer.UnpooledByteBufAllocator$InstrumentedUnpooledUnsafeNoCleanerDirectByteBuf [jdk.internal.loader.ClassLoaders$AppClassLoader@5a07e868, unnamed module @15d0c81b, Thread[#1,main,5,main], loaded=false]
[APP] [Byte Buddy] TRANSFORM io.netty.buffer.UnpooledUnsafeNoCleanerDirectByteBuf [jdk.internal.loader.ClassLoaders$AppClassLoader@5a07e868, unnamed module @15d0c81b, Thread[#1,main,5,main], loaded=false]
[APP] [Byte Buddy] TRANSFORM io.netty.buffer.UnpooledByteBufAllocator$InstrumentedUnpooledUnsafeDirectByteBuf [jdk.internal.loader.ClassLoaders$AppClassLoader@5a07e868, unnamed module @15d0c81b, Thread[#1,main,5,main], loaded=false]
[APP] [Byte Buddy] TRANSFORM io.netty.buffer.UnpooledByteBufAllocator$InstrumentedUnpooledDirectByteBuf [jdk.internal.loader.ClassLoaders$AppClassLoader@5a07e868, unnamed module @15d0c81b, Thread[#1,main,5,main], loaded=false]
[APP] [Byte Buddy] ERROR io.netty.util.internal.logging.Log4J2Logger [jdk.internal.loader.ClassLoaders$AppClassLoader@5a07e868, unnamed module @15d0c81b, Thread[#1,main,5,main], loaded=false]
[APP] net.bytebuddy.pool.TypePool$Resolution$NoSuchTypeException: Cannot resolve type description for org.apache.logging.log4j.spi.ExtendedLoggerWrapper
[APP] 	at net.bytebuddy.pool.TypePool$Resolution$Illegal.resolve(TypePool.java:190)
[APP] 	at net.bytebuddy.pool.TypePool$Default$WithLazyResolution$LazyTypeDescription.delegate(TypePool.java:1111)
[APP] 	at net.bytebuddy.description.type.TypeDescription$AbstractBase$OfSimpleType$WithDelegation.getSuperClass(TypeDescription.java:8440)
[APP] 	at net.bytebuddy.description.type.TypeDescription$AbstractBase.isAssignable(TypeDescription.java:7771)
[APP] 	at net.bytebuddy.description.type.TypeDescription$AbstractBase.isAssignableFrom(TypeDescription.java:7798)
[APP] 	at net.bytebuddy.description.type.TypeDescription$ForLoadedType.isAssignableFrom(TypeDescription.java:8759)
[APP] 	at net.bytebuddy.description.type.TypeDescription$AbstractBase.isAssignable(TypeDescription.java:7772)
[APP] 	at net.bytebuddy.description.type.TypeDescription$AbstractBase.isAssignableTo(TypeDescription.java:7812)
[APP] 	at net.bytebuddy.matcher.SubTypeMatcher.doMatch(SubTypeMatcher.java:47)
[APP] 	at net.bytebuddy.matcher.SubTypeMatcher.doMatch(SubTypeMatcher.java:26)
[APP] 	at net.bytebuddy.matcher.ElementMatcher$Junction$ForNonNullValues.matches(ElementMatcher.java:249)
[APP] 	at net.bytebuddy.matcher.ElementMatcher$Junction$Conjunction.matches(ElementMatcher.java:146)
[APP] 	at net.bytebuddy.agent.builder.AgentBuilder$RawMatcher$ForElementMatchers.matches(AgentBuilder.java:1971)
[APP] 	at net.bytebuddy.agent.builder.AgentBuilder$Default$ExecutingTransformer.doTransform(AgentBuilder.java:12427)
[APP] 	at net.bytebuddy.agent.builder.AgentBuilder$Default$ExecutingTransformer.transform(AgentBuilder.java:12385)
[APP] 	at net.bytebuddy.agent.builder.AgentBuilder$Default$ExecutingTransformer.access$1800(AgentBuilder.java:12094)
[APP] 	at net.bytebuddy.agent.builder.AgentBuilder$Default$ExecutingTransformer$Java9CapableVmDispatcher.run(AgentBuilder.java:12872)
[APP] 	at net.bytebuddy.agent.builder.AgentBuilder$Default$ExecutingTransformer$Java9CapableVmDispatcher.run(AgentBuilder.java:12804)
[APP] 	at java.base/java.security.AccessController.doPrivileged(AccessController.java:400)
[APP] 	at net.bytebuddy.agent.builder.AgentBuilder$Default$ExecutingTransformer.doPrivileged(AgentBuilder.java)
[APP] 	at net.bytebuddy.agent.builder.AgentBuilder$Default$ExecutingTransformer.transform(AgentBuilder.java:12328)
[APP] 	at net.bytebuddy.agent.builder.AgentBuilder$Default$ExecutingTransformer$ByteBuddy$ModuleSupport.transform(Unknown Source)
[APP] 	at java.instrument/sun.instrument.TransformerManager.transform(TransformerManager.java:188)
[APP] 	at java.instrument/sun.instrument.InstrumentationImpl.transform(InstrumentationImpl.java:610)
[APP] 	at java.base/java.lang.ClassLoader.defineClass1(Native Method)
[APP] 	at java.base/java.lang.ClassLoader.defineClass(ClassLoader.java:1027)
[APP] 	at java.base/java.security.SecureClassLoader.defineClass(SecureClassLoader.java:150)
[APP] 	at java.base/jdk.internal.loader.BuiltinClassLoader.defineClass(BuiltinClassLoader.java:862)
[APP] 	at java.base/jdk.internal.loader.BuiltinClassLoader.findClassOnClassPathOrNull(BuiltinClassLoader.java:760)
[APP] 	at java.base/jdk.internal.loader.BuiltinClassLoader.loadClassOrNull(BuiltinClassLoader.java:681)
[APP] 	at java.base/jdk.internal.loader.BuiltinClassLoader.loadClass(BuiltinClassLoader.java:639)
[APP] 	at java.base/jdk.internal.loader.ClassLoaders$AppClassLoader.loadClass(ClassLoaders.java:188)
[APP] 	at java.base/java.lang.ClassLoader.loadClass(ClassLoader.java:526)
[APP] 	at io.netty.util.internal.logging.Log4J2LoggerFactory.newInstance(Log4J2LoggerFactory.java:33)
[APP] 	at io.netty.util.internal.logging.InternalLoggerFactory.useLog4J2LoggerFactory(InternalLoggerFactory.java:76)
[APP] 	at io.netty.util.internal.logging.InternalLoggerFactory.newDefaultFactory(InternalLoggerFactory.java:47)
[APP] 	at io.netty.util.internal.logging.InternalLoggerFactory.getDefaultFactory(InternalLoggerFactory.java:111)
[APP] 	at io.netty.util.internal.logging.InternalLoggerFactory.getInstance(InternalLoggerFactory.java:134)
[APP] 	at io.netty.util.internal.logging.InternalLoggerFactory.getInstance(InternalLoggerFactory.java:127)
[APP] 	at io.netty.util.ResourceLeakDetector.<clinit>(ResourceLeakDetector.java:101)
[APP] 	at io.netty.buffer.AbstractByteBufAllocator.<clinit>(AbstractByteBufAllocator.java:37)
[APP] 	at io.netty.buffer.Unpooled.<clinit>(Unpooled.java:75)
[APP] 	at com.example.bytebuf.tracker.integration.testapp.ConstructorTrackingApp.allocate(ConstructorTrackingApp.java:56)
[APP] 	at com.example.bytebuf.tracker.integration.testapp.ConstructorTrackingApp.run(ConstructorTrackingApp.java:39)
[APP] 	at com.example.bytebuf.tracker.integration.testapp.ConstructorTrackingApp.main(ConstructorTrackingApp.java:19)
[APP] [Byte Buddy] TRANSFORM io.netty.buffer.UnpooledSlicedByteBuf [jdk.internal.loader.ClassLoaders$AppClassLoader@5a07e868, unnamed module @15d0c81b, Thread[#1,main,5,main], loaded=false]
[APP] [Byte Buddy] TRANSFORM io.netty.buffer.UnpooledDuplicatedByteBuf [jdk.internal.loader.ClassLoaders$AppClassLoader@5a07e868, unnamed module @15d0c81b, Thread[#1,main,5,main], loaded=false]
[APP] [Byte Buddy] TRANSFORM io.netty.buffer.DuplicatedByteBuf [jdk.internal.loader.ClassLoaders$AppClassLoader@5a07e868, unnamed module @15d0c81b, Thread[#1,main,5,main], loaded=false]
[APP] [Byte Buddy] TRANSFORM io.netty.buffer.SwappedByteBuf [jdk.internal.loader.ClassLoaders$AppClassLoader@5a07e868, unnamed module @15d0c81b, Thread[#1,main,5,main], loaded=false]
[APP] [Byte Buddy] TRANSFORM io.netty.buffer.UnsafeHeapSwappedByteBuf [jdk.internal.loader.ClassLoaders$AppClassLoader@5a07e868, unnamed module @15d0c81b, Thread[#1,main,5,main], loaded=false]
[APP] Processing message with 16 bytes
[APP] [ObjectTrackerRegistry] Using default ByteBuf handler
[APP] 
[APP] === Flow Summary ===
[APP] === ByteBuf Flow Summary ===
[APP] Total Root Methods: 1
[APP] Total Traversals: 3
[APP] Unique Paths: 1
[APP] Leak Paths: 1
[APP] Leak Percentage: 100.00%
[APP] 
[APP] 
[APP] === Flow Tree ===
[APP] ROOT: InstrumentedUnpooledUnsafeHeapByteBuf.release [count=3]
[APP] 
[APP] 
[APP] === Flat Paths ===
[APP] [count=3] [LEAK:ref=1] InstrumentedUnpooledUnsafeHeapByteBuf.release
[APP] 
[APP] 
[APP] === ConstructorTrackingApp Complete ===
[APP] 
[APP] === ByteBuf Flow Final Report ===
[APP] ByteBuf Flow Analysis Report
[APP] Generated: Sat Nov 08 01:32:09 UTC 2025
[APP] ================================================================================
[APP] 
[APP] === ByteBuf Flow Summary ===
[APP] Total Root Methods: 1
[APP] Total Traversals: 3
[APP] Unique Paths: 1
[APP] Leak Paths: 1
[APP] Leak Percentage: 100.00%
[APP] 
[APP] === Flow Tree ===
[APP] ROOT: InstrumentedUnpooledUnsafeHeapByteBuf.release [count=3]
[APP] 
[APP] === Potential Leaks ===
[APP] [count=3] [LEAK:ref=1] InstrumentedUnpooledUnsafeHeapByteBuf.release
[APP] 
[APP] 
]]></system-out>
  </testcase>
</testsuite>